!SESSION 2018-02-25 18:50:04.219 -----------------------------------------------
eclipse.buildId=unknown
java.version=1.8.0_161
java.vendor=Oracle Corporation
BootLoader constants: OS=macosx, ARCH=x86_64, WS=cocoa, NL=en_US

!ENTRY com.ibm.ws.channelfw 4 0 2018-02-25 18:50:04.221
!MESSAGE FrameworkEvent ERROR
!STACK 0
java.io.IOException: Exception in opening zip file: /Users/pimenta/Desktop/eclipse/plugins/com.worklight.worklight-artifacts_6.3.0.00-20171124-0821/liberty/wlp/lib/com.ibm.ws.channelfw_1.0.6.jar
	at org.eclipse.osgi.framework.util.SecureAction.getZipFile(SecureAction.java:291)
	at org.eclipse.osgi.baseadaptor.bundlefile.ZipBundleFile.basicOpen(ZipBundleFile.java:87)
	at org.eclipse.osgi.baseadaptor.bundlefile.ZipBundleFile.getZipFile(ZipBundleFile.java:100)
	at org.eclipse.osgi.baseadaptor.bundlefile.ZipBundleFile.checkedOpen(ZipBundleFile.java:73)
	at org.eclipse.osgi.baseadaptor.bundlefile.ZipBundleFile.getEntry(ZipBundleFile.java:245)
	at org.eclipse.osgi.baseadaptor.loader.ClasspathManager.findClassImpl(ClasspathManager.java:542)
	at org.eclipse.osgi.baseadaptor.loader.ClasspathManager.findLocalClassImpl(ClasspathManager.java:492)
	at org.eclipse.osgi.baseadaptor.loader.ClasspathManager.findLocalClass(ClasspathManager.java:465)
	at org.eclipse.osgi.internal.baseadaptor.DefaultClassLoader.findLocalClass(DefaultClassLoader.java:216)
	at org.eclipse.osgi.internal.loader.BundleLoader.findLocalClass(BundleLoader.java:395)
	at org.eclipse.osgi.internal.loader.BundleLoader.findClassInternal(BundleLoader.java:464)
	at org.eclipse.osgi.internal.loader.BundleLoader.findClass(BundleLoader.java:421)
	at org.eclipse.osgi.internal.loader.BundleLoader.findClass(BundleLoader.java:412)
	at org.eclipse.osgi.internal.baseadaptor.DefaultClassLoader.loadClass(DefaultClassLoader.java:107)
	at java.lang.ClassLoader.loadClass(ClassLoader.java:357)
	at com.ibm.ws.tcpchannel.internal.NioTCPChannel.createInboundSocketIOChannel(NioTCPChannel.java:94)
	at com.ibm.ws.tcpchannel.internal.NBAcceptChannelSelector.performRequest(NBAcceptChannelSelector.java:301)
	at com.ibm.ws.tcpchannel.internal.ChannelSelector.run(ChannelSelector.java:219)
	at java.lang.Thread.run(Thread.java:748)
Caused by: java.io.FileNotFoundException: /Users/pimenta/Desktop/eclipse/plugins/com.worklight.worklight-artifacts_6.3.0.00-20171124-0821/liberty/wlp/lib/com.ibm.ws.channelfw_1.0.6.jar (No such file or directory)
	at java.util.zip.ZipFile.open(Native Method)
	at java.util.zip.ZipFile.<init>(ZipFile.java:225)
	at java.util.zip.ZipFile.<init>(ZipFile.java:155)
	at java.util.zip.ZipFile.<init>(ZipFile.java:169)
	at org.eclipse.osgi.framework.util.SecureAction.getZipFile(SecureAction.java:274)
	... 18 more
