------Start of DE processing------ = [2/23/18 7:58:52:383 BRT]
Exception = javax.servlet.ServletException
Source = com.ibm.ws.webcontainer.filter.WebAppFilterChain.doFilter
probeid = 82
Stack Dump = javax.servlet.ServletException: Worklight Console initialization failed.Logged Exception: java.lang.IllegalStateException: Context namespace element 'annotation-config' and its parser class [org.springframework.context.annotation.AnnotationConfigBeanDefinitionParser] are only available on JDK 1.5 and higher
	at com.worklight.core.auth.impl.AuthenticationFilter.verifyServletInitialized(AuthenticationFilter.java:455)
	at com.worklight.core.auth.impl.AuthenticationFilter.doFilter(AuthenticationFilter.java:136)
	at com.ibm.ws.webcontainer.filter.FilterInstanceWrapper.doFilter(FilterInstanceWrapper.java:194)
	at com.ibm.ws.webcontainer.filter.WebAppFilterChain.doFilter(WebAppFilterChain.java:85)
	at com.ibm.ws.webcontainer.filter.WebAppFilterManager.doFilter(WebAppFilterManager.java:968)
	at com.ibm.ws.webcontainer.filter.WebAppFilterManager.invokeFilters(WebAppFilterManager.java:1056)
	at com.ibm.ws.webcontainer.webapp.WebApp.handleRequest(WebApp.java:4553)
	at com.ibm.ws.webcontainer.osgi.DynamicVirtualHost$2.handleRequest(DynamicVirtualHost.java:301)
	at com.ibm.ws.webcontainer.WebContainer.handleRequest(WebContainer.java:954)
	at com.ibm.ws.webcontainer.osgi.DynamicVirtualHost$2.run(DynamicVirtualHost.java:266)
	at com.ibm.ws.http.dispatcher.internal.channel.HttpDispatcherLink$TaskWrapper.run(HttpDispatcherLink.java:776)
	at java.util.concurrent.ThreadPoolExecutor.runWorker(ThreadPoolExecutor.java:1149)
	at java.util.concurrent.ThreadPoolExecutor$Worker.run(ThreadPoolExecutor.java:624)
	at java.lang.Thread.run(Thread.java:748)

Dump of callerThis
Object type = com.ibm.ws.webcontainer.filter.WebAppFilterChain
  _filters = class java.util.ArrayList@2b794d10
    serialVersionUID = 8683452581122892189
    DEFAULT_CAPACITY = 10
    EMPTY_ELEMENTDATA = class java.lang.Object[0]
    DEFAULTCAPACITY_EMPTY_ELEMENTDATA = class java.lang.Object[0]
    elementData = class java.lang.Object[5]
      elementData[0] = class com.ibm.ws.webcontainer.filter.FilterInstanceWrapper@2e05480
      elementData[1] = null
      elementData[2] = null
      elementData[3] = null
      elementData[4] = null
    size = 1
    MAX_ARRAY_SIZE = 2147483639
    modCount = 1
    MAX_ARRAY_SIZE = 2147483639
  _currentFilterIndex = 0
  _numberOfFilters = 1
  requestProcessor = class com.ibm.ws.webcontainer.osgi.servlet.ServletWrapper@39bdb8d2
    serialVersionUID = 1
    _mo = null
    serialVersionUID = -4479626085298397598
    notifyInvocationListeners = false
    UNINITIALIZED_STATE = -1
    AVAILABLE_STATE = 0
    UNAVAILABLE_STATE = 1
    UNAVAILABLE_PERMANENTLY_STATE = 2
    collabHelper = class com.ibm.ws.webcontainer.osgi.collaborator.CollaboratorHelperImpl@2032aca1
    nServicing = class java.util.concurrent.atomic.AtomicInteger@20be89e8
      serialVersionUID = 6214790243416807050
      unsafe = class sun.misc.Unsafe@578df26e
      valueOffset = 12
      value = 0
      serialVersionUID = -8742448824652078965
    lastAccessTime = 1519383529866
    state = -1
    logger = class com.ibm.ws.logging.internal.WsLogger@42e905e
      tc = class com.ibm.websphere.ras.TraceComponent@4a8dd03b
      ivCachedResourceBundleName = "com.ibm.ws.webcontainer.resources.Messages"
      ivCachedResourceBundle = class com.ibm.ws.webcontainer.resources.Messages_en@3ab7917e
      ivComponent = null
      ivOrganization = null
      ivProduct = null
      ivMinimumLocalizationLevelIntValue = 625
      ivGroupName = null
      ivTC = class com.ibm.websphere.ras.TraceComponent@7cce7632
      loggerRegistrationComponent = class java.lang.ThreadLocal@5e8bcec2
      emptyHandlers = class java.util.logging.Handler[0]
      offValue = 2147483647
      SYSTEM_LOGGER_RB_NAME = "sun.util.logging.resources.logging"
      SYSTEM_BUNDLE = class java.util.logging.Logger$LoggerBundle@5c028d1a
      NO_RESOURCE_BUNDLE = class java.util.logging.Logger$LoggerBundle@4146b5da
      manager = class com.ibm.ws.kernel.boot.logging.WsLogManager@413b8eee
      name = "com.ibm.ws.webcontainer.servlet"
      handlers = class java.util.concurrent.CopyOnWriteArrayList@7b8d4ac9
      loggerBundle = class java.util.logging.Logger$LoggerBundle@5bcf72ed
      useParentHandlers = true
      filter = null
      anonymous = false
      catalog = class com.ibm.ws.webcontainer.resources.Messages_en@3ab7917e
      catalogName = "com.ibm.ws.webcontainer.resources.Messages"
      catalogLocale = class java.util.Locale@67753da9
      treeLock = class java.lang.Object@70e0086d
      parent = class com.ibm.ws.logging.internal.WsLogger@3ef26ec0
      kids = null
      levelObject = class java.util.logging.Level@600f221b
      levelValue = 800
      callersClassLoaderRef = class java.lang.ref.WeakReference@1daf0846
      isSystemLogger = false
      GLOBAL_LOGGER_NAME = "global"
      global = class java.util.logging.Logger@5e0a0510
      $assertionsDisabled = true
    CLASS_NAME = "com.ibm.ws.webcontainer.servlet.ServletWrapper"
    nls = class com.ibm.ejs.ras.TraceNLS@5031844
      resolver = class com.ibm.ws.logging.internal.TraceNLSResolver@e006f82
      finder = null
      ivBundleName = "com.ibm.ws.webcontainer.resources.Messages"
      caller = class java.lang.Class@1e97197d
    servletConfig = class com.ibm.ws.webcontainer.servlet.ServletConfig@51a630c5
      logger = class com.ibm.ws.logging.internal.WsLogger@42e905e
      CLASS_NAME = "com.ibm.ws.webcontainer.servlet.ServletConfig"
      nls = class com.ibm.ejs.ras.TraceNLS@5d906be1
      liberty_nls = class com.ibm.ejs.ras.TraceNLS@71f0639
      enabled = true
      servletName = "DevRootServlet"
      className = "com.worklight.server.dev.DevRootServlet"
      mappings = class java.util.ArrayList@438a3f1d
      startUpWeight = null
      DEFAULT_STARTUP = -1
      isCachingEnabled = true
      isStatisticsEnabled = true
      isInternal = false
      metaData = class com.ibm.ws.webcontainer.osgi.metadata.WebComponentMetaDataImpl@3bd079df
      singleThreadModelServlet = false
      isJsp = false
      webAppConfig = class com.ibm.ws.webcontainer.osgi.webapp.WebAppConfiguration@7323e47f
      servletWrapper = class com.ibm.ws.webcontainer.osgi.servlet.ServletWrapper@39bdb8d2
      servletClass = null
      servlet = null
      addedToLoadOnStartup = true
      previousWeight = null
      multipartConfig = null
      multipartConfigBaseLocation = null
      runAsRole = null
      servletSecurityElement = null
      declareRolesAnnotation = null
      logger = class com.ibm.ws.logging.internal.WsLogger@42e905e
      CLASS_NAME = "com.ibm.ws.webcontainer.servlet.TargetConfig"
      initParams = null
      fileName = null
      displayName = null
      name = "DevRootServlet"
      description = null
      smallIcon = null
      largeIcon = null
      context = class com.ibm.wsspi.webcontainer.facade.ServletContextFacade@68c28cb8
      className = null
      asyncSupported = false
      _id = "ServletGeneratedId17"
      _attributes = null
    context = class com.ibm.ws.webcontainer.osgi.webapp.WebApp@396f445
    target = null
    cacheWrappers = null
    targetLoader = null
    evtSource = class com.ibm.ws.webcontainer.webapp.WebAppEventSource@584cb1e7
    event = null
    unavailableMessage = null
    unavailableUntil = -1
    isSTM = false
    internalServlet = false
    webAppInvocationCollaborators = null
    platformHelper = class com.ibm.ws.webcontainer.PlatformHelper@5f17ef6
    webAppNameSpaceCollab = class com.ibm.ws.webcontainer.osgi.collaborator.WebAppNameSpaceCollaboratorImpl@65a129f
    txCollab = class com.ibm.ws.transaction.services.WebAppTransactionCollaboratorImpl@71003c1d
    connCollab = class com.ibm.ws.webcontainer.collaborator.ConnectionCollaborator@33b5aadb
    suppressServletExceptionLogging = false
    throwExceptionEnum = class java.util.RegularEnumSet@2ee955d1
      serialVersionUID = 3411599620347842686
      elements = 256
      elementType = class java.lang.Class@dfe14f8
      universe = class com.ibm.wsspi.webcontainer.collaborator.CollaboratorInvocationEnum[9]
      ZERO_LENGTH_ENUM_ARRAY = class java.lang.Enum[0]
      MAX_ARRAY_SIZE = 2147483639
    discernUnavailableServlet = false
    reInitServletonInitUnavailableException = true
    destroyServletonServiceUnavailableException = false
    servlet23 = true
    PARAMS_HEAD_TRACE = class java.lang.Class[2]
      PARAMS_HEAD_TRACE[0] = class java.lang.Class@1cc678fd
      PARAMS_HEAD_TRACE[1] = class java.lang.Class@42525f43
    defaultHeadMethodInUse = false
    defaultTraceMethodInUse = false
    checkedForDefaultMethods = null
    defaultTraceRequestBehavior = false
    defaultHeadRequestBehavior = false
    useOriginalRequestState = false
    config = null
  _filtersDefined = true
  logger = class com.ibm.ws.logging.internal.WsLogger@991f293
    tc = class com.ibm.websphere.ras.TraceComponent@4a8dd03b
      strings[0] = "TraceComponent[com.ibm.ws.logging.internal.WsLogger,class com.ibm.ws.logging.internal.WsLogger,[logging],com.ibm.ws.logging.internal.resources.LoggingMessages,null]"
    ivCachedResourceBundleName = null
    ivCachedResourceBundle = null
    ivComponent = null
    ivOrganization = null
    ivProduct = null
    ivMinimumLocalizationLevelIntValue = 625
    ivGroupName = null
    ivTC = class com.ibm.websphere.ras.TraceComponent@5566e9aa
      strings[0] = "TraceComponent[com.ibm.ws.webcontainer.filter,class com.ibm.wsspi.webcontainer.logging.LoggerFactory$1,[com.ibm.ws.webcontainer.filter],null,null]"
    loggerRegistrationComponent = class java.lang.ThreadLocal@5e8bcec2
      threadLocalHashCode = 575219410
      nextHashCode = class java.util.concurrent.atomic.AtomicInteger@4b70a0bc
      HASH_INCREMENT = 1640531527
    emptyHandlers = class java.util.logging.Handler[0]
    offValue = 2147483647
    SYSTEM_LOGGER_RB_NAME = "sun.util.logging.resources.logging"
    SYSTEM_BUNDLE = class java.util.logging.Logger$LoggerBundle@5c028d1a
      resourceBundleName = "sun.util.logging.resources.logging"
      userBundle = null
    NO_RESOURCE_BUNDLE = class java.util.logging.Logger$LoggerBundle@4146b5da
      resourceBundleName = null
      userBundle = null
    manager = class com.ibm.ws.kernel.boot.logging.WsLogManager@413b8eee
      CLASS_NAME = "com.ibm.ws.kernel.boot.logging.WsLogManager"
      CONFIGURE_BY_SERVER_PROPERTY_NAME = "java.util.logging.configureByServer"
      CONFIGURE_BY_LOGGING_PROPERTIES_FILE = "java.util.logging.configureByLoggingPropertiesFile"
      configureByServer = true
      configureByLoggingProperties = false
      wsLogger = class java.lang.reflect.Constructor@4c62c0a5
      resetEnabled = true
      manager = class com.ibm.ws.kernel.boot.logging.WsLogManager@413b8eee
      props = class java.util.Properties@1d15ad07
      defaultLevel = class java.util.logging.Level@600f221b
      listenerMap = class java.util.HashMap@19401f16
      systemContext = class java.util.logging.LogManager$SystemLoggerContext@6ebff05d
      userContext = class java.util.logging.LogManager$LoggerContext@348262c7
      rootLogger = class java.util.logging.LogManager$RootLogger@4cf9cc5
      readPrimordialConfiguration = true
      initializedGlobalHandlers = true
      deathImminent = false
      initializedCalled = true
      initializationDone = true
      contextsMap = null
      loggerRefQueue = class java.lang.ref.ReferenceQueue@1dee9be5
      MAX_ITERATIONS = 400
      controlPermission = class java.util.logging.LoggingPermission@cc2bd1d
      loggingMXBean = null
      LOGGING_MXBEAN_NAME = "java.util.logging:type=Logging"
      $assertionsDisabled = true
    name = "com.ibm.ws.webcontainer.filter"
    handlers = class java.util.concurrent.CopyOnWriteArrayList@461a2301
      serialVersionUID = 8673264195747942595
      lock = class java.util.concurrent.locks.ReentrantLock@5320fa17
      array = class java.lang.Object[0]
      UNSAFE = class sun.misc.Unsafe@578df26e
      lockOffset = 12
    loggerBundle = class java.util.logging.Logger$LoggerBundle@eb81c85
      resourceBundleName = "com.ibm.ws.webcontainer.resources.Messages"
      userBundle = null
    useParentHandlers = true
    filter = null
    anonymous = false
    catalog = class com.ibm.ws.webcontainer.resources.Messages_en@7aa480ed
      resources = class [Ljava.lang.Object;[0]
      lookup = null
      INITIAL_CACHE_SIZE = 32
      NONEXISTENT_BUNDLE = class java.util.ResourceBundle$1@3d5cec6b
      cacheList = class java.util.concurrent.ConcurrentHashMap@45196612
      referenceQueue = class java.lang.ref.ReferenceQueue@59f28698
      parent = class com.ibm.ws.webcontainer.resources.Messages@1749a85a
      locale = class java.util.Locale@4d2c216c
      name = "com.ibm.ws.webcontainer.resources.Messages"
      expired = false
      cacheKey = class java.util.ResourceBundle$CacheKey@438bf72d
      keySet = null
      providers = null
      $assertionsDisabled = true
    catalogName = "com.ibm.ws.webcontainer.resources.Messages"
    catalogLocale = class java.util.Locale@67753da9
      LOCALECACHE = class java.util.Locale$Cache@234b0a22
      ENGLISH = class java.util.Locale@4d2c216c
      FRENCH = class java.util.Locale@30adde1
      GERMAN = class java.util.Locale@57ae6fd5
      ITALIAN = class java.util.Locale@2ebed65f
      JAPANESE = class java.util.Locale@55dfc3b0
      KOREAN = class java.util.Locale@6fe93f
      CHINESE = class java.util.Locale@249bee20
      SIMPLIFIED_CHINESE = class java.util.Locale@7ccfd8c2
      TRADITIONAL_CHINESE = class java.util.Locale@572646a8
      FRANCE = class java.util.Locale@28ff6b62
      GERMANY = class java.util.Locale@536e6ab3
      ITALY = class java.util.Locale@51e5a1d4
      JAPAN = class java.util.Locale@3413ae46
      KOREA = class java.util.Locale@676477dd
      CHINA = class java.util.Locale@7ccfd8c2
      PRC = class java.util.Locale@7ccfd8c2
      TAIWAN = class java.util.Locale@572646a8
      UK = class java.util.Locale@477fa270
      US = class java.util.Locale@67753da9
      CANADA = class java.util.Locale@3b68504a
      CANADA_FRENCH = class java.util.Locale@12a0a8ff
      ROOT = class java.util.Locale@56beffe9
      PRIVATE_USE_EXTENSION = x
      UNICODE_LOCALE_EXTENSION = u
      serialVersionUID = 9149081749638150636
      DISPLAY_LANGUAGE = 0
      DISPLAY_COUNTRY = 1
      DISPLAY_VARIANT = 2
      DISPLAY_SCRIPT = 3
      baseLocale = class sun.util.locale.BaseLocale@6ce8bb6c
      localeExtensions = null
      hashCodeValue = 96636889
      defaultLocale = class java.util.Locale@67753da9
      defaultDisplayLocale = null
      defaultFormatLocale = class java.util.Locale@67753da9
      languageTag = "en-US"
      serialPersistentFields = class java.io.ObjectStreamField[6]
      isoLanguages = null
      isoCountries = null
      $assertionsDisabled = true
    treeLock = class java.lang.Object@70e0086d
    parent = class com.ibm.ws.logging.internal.WsLogger@3ef26ec0
      tc = class com.ibm.websphere.ras.TraceComponent@4a8dd03b
      ivCachedResourceBundleName = "com.ibm.ws.webcontainer.resources.Messages"
      ivCachedResourceBundle = class com.ibm.ws.webcontainer.resources.Messages_en@3ab7917e
      ivComponent = null
      ivOrganization = null
      ivProduct = null
      ivMinimumLocalizationLevelIntValue = 625
      ivGroupName = null
      ivTC = class com.ibm.websphere.ras.TraceComponent@5c6f9984
      loggerRegistrationComponent = class java.lang.ThreadLocal@5e8bcec2
      emptyHandlers = class java.util.logging.Handler[0]
      offValue = 2147483647
      SYSTEM_LOGGER_RB_NAME = "sun.util.logging.resources.logging"
      SYSTEM_BUNDLE = class java.util.logging.Logger$LoggerBundle@5c028d1a
      NO_RESOURCE_BUNDLE = class java.util.logging.Logger$LoggerBundle@4146b5da
      manager = class com.ibm.ws.kernel.boot.logging.WsLogManager@413b8eee
      name = "com.ibm.ws.webcontainer"
      handlers = class java.util.concurrent.CopyOnWriteArrayList@1b9556ec
      loggerBundle = class java.util.logging.Logger$LoggerBundle@a5f8c55
      useParentHandlers = true
      filter = null
      anonymous = false
      catalog = class com.ibm.ws.webcontainer.resources.Messages_en@3ab7917e
      catalogName = "com.ibm.ws.webcontainer.resources.Messages"
      catalogLocale = class java.util.Locale@67753da9
      treeLock = class java.lang.Object@70e0086d
      parent = class java.util.logging.LogManager$RootLogger@4cf9cc5
      kids = class java.util.ArrayList@2a27cfe9
      levelObject = class java.util.logging.Level@600f221b
      levelValue = 800
      callersClassLoaderRef = class java.lang.ref.WeakReference@4faf1fd3
      isSystemLogger = false
      GLOBAL_LOGGER_NAME = "global"
      global = class java.util.logging.Logger@5e0a0510
      $assertionsDisabled = true
    kids = null
    levelObject = class java.util.logging.Level@600f221b
      defaultBundle = "sun.util.logging.resources.logging"
      name = "INFO"
      value = 800
      resourceBundleName = "sun.util.logging.resources.logging"
      localizedLevelName = "INFO"
      cachedLocale = class java.util.Locale@67753da9
      OFF = class java.util.logging.Level@785a71c7
      SEVERE = class java.util.logging.Level@64f4c37e
      WARNING = class java.util.logging.Level@6905cc1d
      INFO = class java.util.logging.Level@600f221b
      CONFIG = class java.util.logging.Level@3563e650
      FINE = class java.util.logging.Level@1e9c6d72
      FINER = class java.util.logging.Level@5cb1a2ec
      FINEST = class java.util.logging.Level@1b13e843
      ALL = class java.util.logging.Level@31e8cc17
      serialVersionUID = -8176160795706313070
    levelValue = 800
    callersClassLoaderRef = class java.lang.ref.WeakReference@2ed9c3c6
      referent = class org.eclipse.osgi.internal.baseadaptor.DefaultClassLoader@7756c0a7
      queue = class java.lang.ref.ReferenceQueue$Null@6dc587d6
      next = null
      discovered = null
      lock = class java.lang.ref.Reference$Lock@72ca5500
      pending = null
    isSystemLogger = false
    GLOBAL_LOGGER_NAME = "global"
    global = class java.util.logging.Logger@5e0a0510
      emptyHandlers = class java.util.logging.Handler[0]
      offValue = 2147483647
      SYSTEM_LOGGER_RB_NAME = "sun.util.logging.resources.logging"
      SYSTEM_BUNDLE = class java.util.logging.Logger$LoggerBundle@5c028d1a
      NO_RESOURCE_BUNDLE = class java.util.logging.Logger$LoggerBundle@4146b5da
      manager = class com.ibm.ws.kernel.boot.logging.WsLogManager@413b8eee
      name = "global"
      handlers = class java.util.concurrent.CopyOnWriteArrayList@2bf17218
      loggerBundle = class java.util.logging.Logger$LoggerBundle@4146b5da
      useParentHandlers = true
      filter = null
      anonymous = false
      catalog = null
      catalogName = null
      catalogLocale = null
      treeLock = class java.lang.Object@70e0086d
      parent = class java.util.logging.LogManager$RootLogger@4cf9cc5
      kids = null
      levelObject = null
      levelValue = 800
      callersClassLoaderRef = null
      isSystemLogger = true
      GLOBAL_LOGGER_NAME = "global"
      global = class java.util.logging.Logger@5e0a0510
      $assertionsDisabled = true
    $assertionsDisabled = true
  CLASS_NAME = "com.ibm.ws.webcontainer.filter.WebAppFilterChain"
  webapp = class com.ibm.ws.webcontainer.osgi.webapp.WebApp@396f445
    tc = class com.ibm.websphere.ras.TraceComponent@680be882
      strings[0] = "TraceComponent[com.ibm.ws.webcontainer.osgi.webapp.WebApp,class com.ibm.ws.webcontainer.osgi.webapp.WebApp,[webcontainer],com.ibm.ws.webcontainer.resources.LShimMessages,null]"
    CLASS_NAME = "com.ibm.ws.webcontainer.osgi.webapp.WebApp"
    metaDataService = class com.ibm.ws.container.service.metadata.internal.MetaDataServiceImpl@5f2fb2e
      applicationMetaDataManager = class com.ibm.ws.container.service.metadata.internal.ApplicationMetaDataManager@71442181
      moduleMetaDataManager = class com.ibm.ws.container.service.metadata.internal.ModuleMetaDataManager@aa9459f
      componentMetaDataManager = class com.ibm.ws.container.service.metadata.internal.ComponentMetaDataManager@417ce42a
      methodMetaDataManager = class com.ibm.ws.container.service.metadata.internal.MethodMetaDataManager@16794654
      serialVersionUID = 7163085507122903985
      $$$tc$$$ = class com.ibm.websphere.ras.TraceComponent@217d4616
    namespacePopulated = false
    referenceContext = class com.ibm.ws.injectionengine.OSGiReferenceContextImpl@cb3a800
      scopeData = class com.ibm.ws.injectionengine.OSGiInjectionScopeData@6007e7c4
      serialVersionUID = 7065579865487594843
      $$$tc$$$ = class com.ibm.websphere.ras.TraceComponent@1d69721d
      CLASS_NAME = "com.ibm.ws.injectionengine.ReferenceContextImpl"
      tc = class com.ibm.ejs.ras.TraceComponent@1ca37424
      ivInjectionEngine = class com.ibm.ws.injectionengine.OSGiInjectionEngineImpl@1a28c0be
      ivProviders = class java.util.ArrayList@759ce5e1
      ivComponentJavaContext = null
      ivComponentNameSpace = null
      ivJavaColonCompEnvMap = class java.util.LinkedHashMap@2b4f097f
      ivEjbContext10 = class java.util.Properties@4889ffdf
      ivResourceRefConfigList = null
      isAlreadyProcessed = true
      ivProcessFailure = null
      ivInjectionTargetMap = class java.util.HashMap@1478eb40
      ivDeclaredInjectionTargets = class java.util.HashMap@659a7c3
      ivProcessedInjectionClasses = class java.util.HashSet@550e5286
      ivProcessedInjectionBindings = class java.util.ArrayList@527e28ff
      ivAnyProcessDynamic = false
      ivCheckAppConfig = false
    j2eeNameFactory = class com.ibm.ws.container.service.metadata.internal.J2EENameFactoryImpl@2f78dd02
      serialVersionUID = 3486344295038028821
      $$$tc$$$ = class com.ibm.websphere.ras.TraceComponent@11a9cb9d
    moduleLoader = class com.ibm.ws.classloading.internal.AppClassLoader@d2b8ef5
      tc = class com.ibm.websphere.ras.TraceComponent@2a07effd
      CLASS_LOADING_TRACE_PREFIX = "com.ibm.ws.class.load."
      DEFAULT_PACKAGE = "default.package"
      perPackageClassLoadingTraceComponents = class java.util.concurrent.ConcurrentHashMap@46e13533
      config = class com.ibm.ws.classloading.internal.ClassLoaderConfigurationImpl@62405cd
      privateLibraries = null
      delegateLoaders = class com.ibm.ws.classloading.internal.util.CompositeIterable@205fec97
      nativeLibraryFiles = class java.util.ArrayList@7c48452e
      transformers = class java.util.ArrayList@334faf39
      apiAccess = class com.ibm.ws.classloading.internal.GatewayClassLoader@1563cef0
      PROTECTION_DOMAIN = class java.security.ProtectionDomain@354fb0de
      ALL_PERMISSIONS = class java.security.Permissions@4a87a39f
      serialVersionUID = 7480441760799218091
      tc = class com.ibm.websphere.ras.TraceComponent@295b78e1
      EMPTY_URL_ARRAY = class java.net.URL[0]
      smartClassPath = class com.ibm.ws.classloading.internal.ContainerClassLoader$SmartClassPathImpl@74d8eed4
      nativeLibraryContainers = class java.util.ArrayList@3aa0a111
      redefiner = class com.ibm.ws.classloading.internal.util.ClassRedefiner@31bfecfb
      mapCreationQueue = class java.util.concurrent.Executors$FinalizableDelegatedExecutorService@46d33a08
      serialVersionUID = 3516805085841894074
      serialVersionUID = -7411549862368381758
      $$$tc$$$ = class com.ibm.websphere.ras.TraceComponent@1d51e1fa
      serialVersionUID = 161679851398543548
      $$$tc$$$ = class com.ibm.websphere.ras.TraceComponent@10441cf
      serialVersionUID = 2596921220292114344
      $$$tc$$$ = class com.ibm.websphere.ras.TraceComponent@d94bfbb
      initialized = true
      pdcache = class java.util.HashMap@754ed248
      debug = null
      parent = class com.ibm.ws.classloading.internal.GatewayClassLoader@1563cef0
      parallelLockMap = null
      package2certs = class java.util.Hashtable@4a595dd9
      nocerts = class java.security.cert.Certificate[0]
      classes = class java.util.Vector@4cfa85d
      defaultDomain = class java.security.ProtectionDomain@5b13c1b6
      domains = class java.util.HashSet@58cc840e
      packages = class java.util.HashMap@587bad5b
      scl = class sun.misc.Launcher$AppClassLoader@18b4aac2
      sclSet = true
      loadedLibraryNames = class java.util.Vector@436f9c25
      systemNativeLibraries = class java.util.Vector@187251b
      nativeLibraries = class java.util.Vector@210f6b49
      nativeLibraryContext = class java.util.Stack@1e9cabfa
      usr_paths = class java.lang.String[6]
      sys_paths = class java.lang.String[1]
      assertionLock = class com.ibm.ws.classloading.internal.AppClassLoader@d2b8ef5
      defaultAssertionStatus = false
      packageAssertionStatus = null
      classAssertionStatus = null
    loginProcessor = null
    logoutProcessor = null
    collabHelper = class com.ibm.ws.webcontainer.osgi.collaborator.CollaboratorHelperImpl@2032aca1
      webAppInvCollabs = class java.util.Collections$UnmodifiableSet@5e5c2081
      securityDomainForApp = null
      logger = class com.ibm.ws.logging.internal.WsLogger@3affa146
      staticDefaultSecurityCollaborator = class com.ibm.ws.webcontainer.collaborator.WebAppSecurityCollaborator@3f15b938
      logger = class com.ibm.ws.logging.internal.WsLogger@72b08f2f
      CLASS_NAME = "com.ibm.wsspi.webcontainer.collaborator.CollaboratorHelper"
      webApp = class com.ibm.ws.webcontainer.osgi.webapp.WebApp@396f445
      securityCollaborator = class com.ibm.ws.webcontainer.security.WebAppSecurityCollaboratorImpl@4dd7f1d0
      nameSpaceCollaborator = class com.ibm.ws.webcontainer.osgi.collaborator.WebAppNameSpaceCollaboratorImpl@65a129f
      transactionCollaborator = class com.ibm.ws.transaction.services.WebAppTransactionCollaboratorImpl@71003c1d
      connectionCollaborator = class com.ibm.ws.webcontainer.collaborator.ConnectionCollaborator@33b5aadb
      allCollabEnum = class java.util.RegularEnumSet@ae59cbd
      servlet_23_or_greater = true
    envObject = class com.ibm.ws.util.WSThreadLocal@2fba719a
      tc = class com.ibm.ejs.ras.TraceComponent@65f20ea7
      count = 6
      index = 2
      SUSPECTED_MISUSAGE_THRESHOLD = 200
      threadLocalHashCode = -172657288
      nextHashCode = class java.util.concurrent.atomic.AtomicInteger@4b70a0bc
      HASH_INCREMENT = 1640531527
    orderedLibPaths = class java.util.Collections$UnmodifiableRandomAccessList@45a0f80f
      serialVersionUID = -2542308836966382001
      serialVersionUID = -283967356065247728
      list = class java.util.ArrayList@3ed277
      serialVersionUID = 1820017752578914078
      c = class java.util.ArrayList@3ed277
    perm = class com.ibm.websphere.security.WebSphereRuntimePermission@7fdcb57a
      serialVersionUID = -3306242789188168337
      $$$tc$$$ = class com.ibm.websphere.ras.TraceComponent@532a94a
      serialVersionUID = 6279438298436773498
      wildcard = false
      path = "accessServletContext"
      exitVM = false
      serialVersionUID = -5636570222231596674
      name = "accessServletContext"
    WELCOME_FILE_LIST = "com.ibm.ws.webcontainer.config.WelcomeFileList"
    DIR_BROWSING_MAPPING = "__dirBrowsing__1519382751578"
    FILTER_PROXY_MAPPING = "/__filterProxy__1519382751578"
    logger = class com.ibm.ws.logging.internal.WsLogger@183b9731
      tc = class com.ibm.websphere.ras.TraceComponent@4a8dd03b
      ivCachedResourceBundleName = "com.ibm.ws.webcontainer.resources.Messages"
      ivCachedResourceBundle = class com.ibm.ws.webcontainer.resources.Messages_en@3ab7917e
      ivComponent = null
      ivOrganization = null
      ivProduct = null
      ivMinimumLocalizationLevelIntValue = 625
      ivGroupName = null
      ivTC = class com.ibm.websphere.ras.TraceComponent@79629d8d
      loggerRegistrationComponent = class java.lang.ThreadLocal@5e8bcec2
      emptyHandlers = class java.util.logging.Handler[0]
      offValue = 2147483647
      SYSTEM_LOGGER_RB_NAME = "sun.util.logging.resources.logging"
      SYSTEM_BUNDLE = class java.util.logging.Logger$LoggerBundle@5c028d1a
      NO_RESOURCE_BUNDLE = class java.util.logging.Logger$LoggerBundle@4146b5da
      manager = class com.ibm.ws.kernel.boot.logging.WsLogManager@413b8eee
      name = "com.ibm.ws.webcontainer.webapp"
      handlers = class java.util.concurrent.CopyOnWriteArrayList@1cbbda3a
      loggerBundle = class java.util.logging.Logger$LoggerBundle@2bdd0ff9
      useParentHandlers = true
      filter = null
      anonymous = false
      catalog = class com.ibm.ws.webcontainer.resources.Messages_en@3ab7917e
      catalogName = "com.ibm.ws.webcontainer.resources.Messages"
      catalogLocale = class java.util.Locale@67753da9
      treeLock = class java.lang.Object@70e0086d
      parent = class com.ibm.ws.logging.internal.WsLogger@3ef26ec0
      kids = null
      levelObject = class java.util.logging.Level@600f221b
      levelValue = 800
      callersClassLoaderRef = class java.lang.ref.WeakReference@35e8c39c
      isSystemLogger = false
      GLOBAL_LOGGER_NAME = "global"
      global = class java.util.logging.Logger@5e0a0510
      $assertionsDisabled = true
    CLASS_NAME = "com.ibm.ws.webcontainer.webapp.WebApp"
    loader = class com.ibm.ws.classloading.internal.ThreadContextClassLoader@4afe5ba4
      tc = class com.ibm.websphere.ras.TraceComponent@28aab2f2
      bundle = class java.util.concurrent.atomic.AtomicReference@2d853f47
      key = "WebModule:HelloWorld-HelloWorld-/HelloWorld"
      refCount = class java.util.concurrent.atomic.AtomicInteger@7aece47b
      serialVersionUID = -2168321462521240549
      followOnClassLoaders = class java.util.ArrayList@30c02342
      serialVersionUID = 516659543645750073
      $$$tc$$$ = class com.ibm.websphere.ras.TraceComponent@79238363
      serialVersionUID = 161679851398543548
      $$$tc$$$ = class com.ibm.websphere.ras.TraceComponent@10441cf
      serialVersionUID = 2596921220292114344
      $$$tc$$$ = class com.ibm.websphere.ras.TraceComponent@d94bfbb
      initialized = true
      pdcache = class java.util.HashMap@301f9193
      debug = null
      parent = class com.ibm.ws.classloading.internal.GatewayClassLoader@34e4ffd0
      parallelLockMap = null
      package2certs = class java.util.Hashtable@29b60a0b
      nocerts = class java.security.cert.Certificate[0]
      classes = class java.util.Vector@18ddf64c
      defaultDomain = class java.security.ProtectionDomain@54026fcd
      domains = class java.util.HashSet@470b00e2
      packages = class java.util.HashMap@5ef4bc5a
      scl = class sun.misc.Launcher$AppClassLoader@18b4aac2
      sclSet = true
      loadedLibraryNames = class java.util.Vector@436f9c25
      systemNativeLibraries = class java.util.Vector@187251b
      nativeLibraries = class java.util.Vector@296c4e5e
      nativeLibraryContext = class java.util.Stack@1e9cabfa
      usr_paths = class java.lang.String[6]
      sys_paths = class java.lang.String[1]
      assertionLock = class com.ibm.ws.classloading.internal.ThreadContextClassLoader@4afe5ba4
      defaultAssertionStatus = false
      packageAssertionStatus = null
      classAssertionStatus = null
    facade = class com.ibm.wsspi.webcontainer.facade.ServletContextFacade@68c28cb8
      context = class com.ibm.ws.webcontainer.osgi.webapp.WebApp@396f445
    features = class java.util.ArrayList@c115d06
      serialVersionUID = 8683452581122892189
      DEFAULT_CAPACITY = 10
      EMPTY_ELEMENTDATA = class java.lang.Object[0]
      DEFAULTCAPACITY_EMPTY_ELEMENTDATA = class java.lang.Object[0]
      elementData = class java.lang.Object[0]
      size = 0
      MAX_ARRAY_SIZE = 2147483639
      modCount = 0
      MAX_ARRAY_SIZE = 2147483639
    applicationName = "HelloWorld"
    config = class com.ibm.ws.webcontainer.osgi.webapp.WebAppConfiguration@7323e47f
      webModuleMetaData = class com.ibm.ws.webcontainer.osgi.metadata.WebModuleMetaDataImpl@20be9bb
      webComponentMetaData = class com.ibm.ws.webcontainer.osgi.metadata.WebComponentMetaDataImpl@23eb0fa4
      dVirtualHost = class com.ibm.ws.webcontainer.osgi.DynamicVirtualHost@af1e36e
      orderedLibPaths = class java.util.Collections$UnmodifiableRandomAccessList@45a0f80f
      bundleHeaders = null
      cdiEnabled = false
      CLASS_NAME = "com.ibm.ws.webcontainer.webapp.WebAppConfiguration"
      logger = class com.ibm.ws.logging.internal.WsLogger@183b9731
      tc = class com.ibm.websphere.ras.TraceComponent@1aad5399
      version = 24
      contextRoot = "/HelloWorld"
      sessionTimeout = 0
      moduleSessionTimeoutSet = false
      moduleSessionTrackingModeSet = false
      sessionCookieConfig = class com.ibm.ws.session.SessionCookieConfigImpl@63d62dbd
      hasProgrammaticCookieConfig = false
      sessionDefaultTrackingModeSet = class java.util.RegularEnumSet@66b9583a
      sessionManagerConfig = class com.ibm.ws.session.SessionManagerConfig@241ba462
      displayName = "Worklight"
      description = null
      reloadInterval = 0
      distributable = false
      reloadingEnabled = false
      serveServletsByClassnameEnabled = null
      defaultErrorPage = null
      additionalClassPath = null
      fileServingEnabled = null
      directoryBrowsingEnabled = false
      autoRequestEncoding = false
      autoResponseEncoding = false
      autoLoadFilters = false
      requestListeners = null
      requestAttributeListeners = null
      sessionListeners = null
      localeMap = null
      moduleName = "HelloWorld"
      j2eeModuleName = "HelloWorld.war"
      moduleId = null
      isSyncToThreadEnabled = false
      isSystemApp = false
      ardEnabled = false
      ardDispatchType = null
      listeners = class java.util.ArrayList@605d3dcf
      welcomeFileList = class java.util.ArrayList@32345fbc
      servletMappings = class java.util.HashMap@1e60a948
      lastIndexBeforeDeclaredFilters = 0
      filterMappings = class java.util.ArrayList@67a12652
      servletInfo = class java.util.HashMap@6e1bcc2c
      filterInfo = class java.util.HashMap@7e42a7ec
      mimeMappings = class java.util.HashMap@65736b85
      mimeFilters = null
      isMimeFilteringEnabled = false
      theWebGroup = null
      jspAttributes = class java.util.HashMap@b0e42cf
      fileServingAttributes = class java.util.HashMap@3b44852e
      invokerAttributes = class java.util.HashMap@5052286d
      contextParams = class java.util.HashMap@2e835ea1
      virtualHost = "default_host"
      exceptionErrorPages = class java.util.HashMap@57627984
      codeErrorPages = class java.util.HashMap@4890fbb3
      tagLibList = null
      precompileJsps = false
      webApp = class com.ibm.ws.webcontainer.osgi.webapp.WebApp@396f445
      virtualHostList = class java.util.Collections$EmptyList@9c0a38c
      appStartupWeight = 0
      moduleStartupWeight = 0
      metaDataComplete = true
      classesToScan = class java.util.ArrayList@3d828243
      uriFilterMappingInfos = class java.util.ArrayList@79e8722e
      servletFilterMappingInfos = null
      dynamicServletRegistrationMap = null
      applicationName = "HelloWorld"
      libBinPathList = null
      webXmlDefinedListeners = class java.util.HashSet@366a43c3
      serviceRefs = class java.util.ArrayList@3aba5a41
      resourceRefs = class java.util.ArrayList@130357cf
      resourceRefBindings = class java.util.HashMap@29c02e83
      resourceRefConfigList = null
      resourceEnvRefs = class java.util.ArrayList@4dd01423
      resourceEnvRefBindings = class java.util.HashMap@2550378a
      messageDestRefs = class java.util.ArrayList@2ce4a1c0
      messageDestRefBindings = class java.util.HashMap@4f826e9
      envEntries = class java.util.ArrayList@49c44b59
      envEntryValues = class java.util.HashMap@6d8cd98c
      envEntryBindings = class java.util.HashMap@646f9f5c
      dataSources = class java.util.ArrayList@21e53256
      dataSourceBindings = class java.util.HashMap@4a902bb0
      persistenceUnitRefs = class java.util.ArrayList@41dbcbd7
      persistenceContextRefs = class java.util.ArrayList@595639cf
      ejbRefs = class java.util.ArrayList@5129d731
      ejbLocalRefs = class java.util.ArrayList@1aafab0f
      ejbRefBindings = class java.util.HashMap@5354efe
      disallowAllFileServingProp = "false"
      disallowServeServletsByClassnameProp = "false"
      disableStaticMappingCache = false
      _id = "WebAppGeneratedId9"
      _attributes = null
    securityEnabledForApp = true
    webExtensionProcessor = class com.ibm.ws.webcontainer.osgi.extension.WebExtensionProcessor@3973af81
      webApp = class com.ibm.ws.webcontainer.osgi.webapp.WebApp@396f445
      extensionContext = class com.ibm.ws.webcontainer.osgi.webapp.WebApp@396f445
    production = true
    isServlet23 = true
    contextPath = "/HelloWorld"
    internalServletList = class [Ljava.lang.String;[2]
      internalServletList[0] = class java.lang.String[2]
      internalServletList[1] = class java.lang.String[2]
    BY_NAME_ONLY = "/_1519383529660_/"
    filterManager = class com.ibm.ws.webcontainer.osgi.filter.WebAppFilterManagerImpl@5f54353c
      _filterWrappers = class java.util.Hashtable@87098e0
      chainCache = class java.util.Collections$SynchronizedMap@305616b0
      forwardChainCache = class java.util.Collections$SynchronizedMap@5bedaa67
      includeChainCache = class java.util.Collections$SynchronizedMap@40153c9c
      errorChainCache = class java.util.Collections$SynchronizedMap@4cae0be6
      _filtersDefined = true
      FMI_MAPPING_SINGLE_SLASH = 0
      FMI_MAPPING_PATH_MATCH = 1
      FMI_MAPPING_EXTENSION_MATCH = 2
      FMI_MAPPING_EXACT_MATCH = 3
      logger = class com.ibm.ws.logging.internal.WsLogger@991f293
      CLASS_NAME = "com.ibm.ws.webcontainer.filter.WebAppFilterManager"
      nls = class com.ibm.ejs.ras.TraceNLS@4c4d6755
      webAppConfig = class com.ibm.ws.webcontainer.osgi.webapp.WebAppConfiguration@7323e47f
      webApp = class com.ibm.ws.webcontainer.osgi.webapp.WebApp@396f445
      collabHelper = class com.ibm.ws.webcontainer.osgi.collaborator.CollaboratorHelperImpl@2032aca1
      webAppNameSpaceCollab = class com.ibm.ws.webcontainer.osgi.collaborator.WebAppNameSpaceCollaboratorImpl@65a129f
      secCollab = class com.ibm.ws.webcontainer.security.WebAppSecurityCollaboratorImpl@4dd7f1d0
      sessionSecurityIntegrationEnabled = false
      assumeFilterSuccessOnSecurityError = false
      useOriginalRequestState = false
      _evtSource = class com.ibm.ws.webcontainer.webapp.WebAppEventSource@584cb1e7
      defaultComponentMetaData = class com.ibm.ws.webcontainer.osgi.metadata.WebComponentMetaDataImpl@23eb0fa4
    documentRoot = null
    SERVLET_API_VERSION = "Servlet 2.5"
    disableServletAuditLogging = 0
    serverInfo = "SMF WebContainer"
    sessionCtx = class com.ibm.ws.webcontainer.session.impl.HttpSessionContextImpl@592baabd
      methodClassName = "HttpSessionContextImpl"
      _smc = class com.ibm.ws.session.SessionManagerConfig@241ba462
      sessionStoreService = null
      _sap = class com.ibm.ws.session.SessionApplicationParameters@3a995750
      _coreHttpSessionManager = class com.ibm.ws.session.SessionManager@7b36868b
      _coreHttpAppSessionManager = null
      _sam = class com.ibm.ws.webcontainer.session.impl.SessionAffinityManagerImpl@3547dbfd
      isSIPApplication = false
      sessionAttributeListener = false
      sessionListener = false
      mHttpSessionAttributeListeners = class java.util.ArrayList@509d229b
      mHttpSessionListeners = class java.util.ArrayList@20cedc0f
      mHttpSessionAttributeListenersJ2eeNames = class java.util.ArrayList@6f830443
      mHttpSessionListenersJ2eeNames = class java.util.ArrayList@6490a27d
      mLocalHost = null
      _refCount = 1
      currentThreadSacHashtable = null
      methodClassName = "SessionContext"
      ANONYMOUS_USER = "anonymous"
      wasHttpSessionObserver = class com.ibm.ws.session.WasHttpSessionObserver@5da0cd8e
      wasHttpSessionAttributeObserver = null
      _invalidator = class com.ibm.ws.session.SessionInvalidator@bd84c91
      _storer = class com.ibm.ws.session.EOSSessionStorer@7c0ef0b5
      wasHttpAppSessionObserver = null
      mHttpAppSessionListeners = null
      cmvcInfo = "CMVC Version 1.9 6/24/07 11:12:24"
      _loggedVersion = true
      CREATE_CORE_SESSION_MANAGER = 0
      GET_REQUESTED_SESSION_ID = 1
      GET_IHTTP_SESSION = 2
      SESSION_PRE_INVOKE = 3
      SESSION_POST_INVOKE = 4
      STOP = 5
      STOP_LISTENERS = 6
      IS_VALID = 7
      ENCODE_URL = 8
      SHOULD_ENCODE_URL = 9
      IS_PROTOCOL_SWITCH = 10
      GET_LOCAL_HOST = 11
      ADD_HTTP_SESSION_ATTRIBUTE_LISTENER = 12
      ADD_HTTP_SESSION_LISTENER = 13
      GET_SESSION_AFFINITY_CONTEXT = 14
      CHECK_SECURITY = 15
      INVALIDATE = 16
      CHECK_SESSSIONID_IS_RIGHT_LENGTH = 17
      LOCK_SESSION = 18
      UNLOCK_SESSION = 19
      methodNames = class java.lang.String[20]
    eventSource = class com.ibm.ws.webcontainer.webapp.WebAppEventSource@584cb1e7
      _invocationListeners = class com.ibm.ws.webcontainer.util.EventListeners@2ada8495
      _servletListeners = class com.ibm.ws.webcontainer.util.EventListeners@3177592b
      _errorListeners = class com.ibm.ws.webcontainer.util.EventListeners@41ab933b
      _applicationListeners = class com.ibm.ws.webcontainer.util.EventListeners@3df070fa
      _filterInvocationListeners = class com.ibm.ws.webcontainer.util.EventListeners@43f0b5fd
      _filterListeners = class com.ibm.ws.webcontainer.util.EventListeners@48c502a9
      _filterErrorListeners = class com.ibm.ws.webcontainer.util.EventListeners@55ea62c1
    nls = class com.ibm.ejs.ras.TraceNLS@7d8019be
      resolver = class com.ibm.ws.logging.internal.TraceNLSResolver@e006f82
      finder = null
      ivBundleName = "com.ibm.ws.webcontainer.resources.Messages"
      caller = class java.lang.Class@6a571701
    liberty_nls = class com.ibm.ejs.ras.TraceNLS@71c9cc05
      resolver = class com.ibm.ws.logging.internal.TraceNLSResolver@e006f82
      finder = null
      ivBundleName = "com.ibm.ws.webcontainer.resources.LShimMessages"
      caller = class java.lang.Class@6a571701
    error_nls = class com.ibm.ejs.ras.TraceNLS@fcaead5
      resolver = class com.ibm.ws.logging.internal.TraceNLSResolver@e006f82
      finder = null
      ivBundleName = "com.ibm.ws.webcontainer.resources.ErrorPage"
      caller = class java.lang.Class@6a571701
    sessionListeners = class java.util.ArrayList@b30c7d3
      serialVersionUID = 8683452581122892189
      DEFAULT_CAPACITY = 10
      EMPTY_ELEMENTDATA = class java.lang.Object[0]
      DEFAULTCAPACITY_EMPTY_ELEMENTDATA = class java.lang.Object[0]
      elementData = class java.lang.Object[0]
      size = 0
      MAX_ARRAY_SIZE = 2147483639
      modCount = 1
      MAX_ARRAY_SIZE = 2147483639
    sessionAttrListeners = class java.util.ArrayList@760062e2
      serialVersionUID = 8683452581122892189
      DEFAULT_CAPACITY = 10
      EMPTY_ELEMENTDATA = class java.lang.Object[0]
      DEFAULTCAPACITY_EMPTY_ELEMENTDATA = class java.lang.Object[0]
      elementData = class java.lang.Object[0]
      size = 0
      MAX_ARRAY_SIZE = 2147483639
      modCount = 1
      MAX_ARRAY_SIZE = 2147483639
    addedSessionListeners = class java.util.ArrayList@499621c3
      serialVersionUID = 8683452581122892189
      DEFAULT_CAPACITY = 10
      EMPTY_ELEMENTDATA = class java.lang.Object[0]
      DEFAULTCAPACITY_EMPTY_ELEMENTDATA = class java.lang.Object[0]
      elementData = class java.lang.Object[0]
      size = 0
      MAX_ARRAY_SIZE = 2147483639
      modCount = 0
      MAX_ARRAY_SIZE = 2147483639
    addedSessionAttrListeners = class java.util.ArrayList@11d2f666
      serialVersionUID = 8683452581122892189
      DEFAULT_CAPACITY = 10
      EMPTY_ELEMENTDATA = class java.lang.Object[0]
      DEFAULTCAPACITY_EMPTY_ELEMENTDATA = class java.lang.Object[0]
      elementData = class java.lang.Object[0]
      size = 0
      MAX_ARRAY_SIZE = 2147483639
      modCount = 0
      MAX_ARRAY_SIZE = 2147483639
    servletContextListeners = class java.util.ArrayList@1c51b5d0
      serialVersionUID = 8683452581122892189
      DEFAULT_CAPACITY = 10
      EMPTY_ELEMENTDATA = class java.lang.Object[0]
      DEFAULTCAPACITY_EMPTY_ELEMENTDATA = class java.lang.Object[0]
      elementData = class java.lang.Object[10]
      size = 2
      MAX_ARRAY_SIZE = 2147483639
      modCount = 3
      MAX_ARRAY_SIZE = 2147483639
    servletContextLAttrListeners = class java.util.ArrayList@6933d3ca
      serialVersionUID = 8683452581122892189
      DEFAULT_CAPACITY = 10
      EMPTY_ELEMENTDATA = class java.lang.Object[0]
      DEFAULTCAPACITY_EMPTY_ELEMENTDATA = class java.lang.Object[0]
      elementData = class java.lang.Object[0]
      size = 0
      MAX_ARRAY_SIZE = 2147483639
      modCount = 1
      MAX_ARRAY_SIZE = 2147483639
    servletRequestListeners = class java.util.ArrayList@11537f16
      serialVersionUID = 8683452581122892189
      DEFAULT_CAPACITY = 10
      EMPTY_ELEMENTDATA = class java.lang.Object[0]
      DEFAULTCAPACITY_EMPTY_ELEMENTDATA = class java.lang.Object[0]
      elementData = class java.lang.Object[0]
      size = 0
      MAX_ARRAY_SIZE = 2147483639
      modCount = 1
      MAX_ARRAY_SIZE = 2147483639
    servletRequestLAttrListeners = class java.util.ArrayList@1734ca9c
      serialVersionUID = 8683452581122892189
      DEFAULT_CAPACITY = 10
      EMPTY_ELEMENTDATA = class java.lang.Object[0]
      DEFAULTCAPACITY_EMPTY_ELEMENTDATA = class java.lang.Object[0]
      elementData = class java.lang.Object[0]
      size = 0
      MAX_ARRAY_SIZE = 2147483639
      modCount = 1
      MAX_ARRAY_SIZE = 2147483639
    prependSlashToResource = false
    destroyed = false
    webAppNameSpaceCollab = class com.ibm.ws.webcontainer.osgi.collaborator.WebAppNameSpaceCollaboratorImpl@65a129f
      cmdai = class com.ibm.ws.threadContext.ComponentMetaDataAccessorImpl@49106eda
    txCollab = class com.ibm.ws.transaction.services.WebAppTransactionCollaboratorImpl@71003c1d
      tc = class com.ibm.websphere.ras.TraceComponent@16200c07
      ltCurrentRef = class com.ibm.wsspi.kernel.service.utils.AtomicServiceReference@48ef61b
      tranMgrRef = class com.ibm.wsspi.kernel.service.utils.AtomicServiceReference@78ae94a7
      userTranRef = class com.ibm.wsspi.kernel.service.utils.AtomicServiceReference@646df813
      uowCallbackRef = class com.ibm.wsspi.kernel.service.utils.AtomicServiceReference@1a3dd605
      serialVersionUID = -8319003162899973281
    sessionActivationListeners = class java.util.ArrayList@7ba146e4
      serialVersionUID = 8683452581122892189
      DEFAULT_CAPACITY = 10
      EMPTY_ELEMENTDATA = class java.lang.Object[0]
      DEFAULTCAPACITY_EMPTY_ELEMENTDATA = class java.lang.Object[0]
      elementData = class java.lang.Object[0]
      size = 0
      MAX_ARRAY_SIZE = 2147483639
      modCount = 1
      MAX_ARRAY_SIZE = 2147483639
    sessionBindingListeners = class java.util.ArrayList@4af01326
      serialVersionUID = 8683452581122892189
      DEFAULT_CAPACITY = 10
      EMPTY_ELEMENTDATA = class java.lang.Object[0]
      DEFAULTCAPACITY_EMPTY_ELEMENTDATA = class java.lang.Object[0]
      elementData = class java.lang.Object[0]
      size = 0
      MAX_ARRAY_SIZE = 2147483639
      modCount = 1
      MAX_ARRAY_SIZE = 2147483639
    scratchdir = null
    jspClassLoaderLimit = 0
    jspClassLoaderExclusionList = null
    jspClassLoadersMap = null
    jspClassLoaderLimitTrackIF = false
    defaultExtProc = null
    directoryBrowsingServlet = null
    cdiContexts = class java.util.HashMap@1ce82e0d
      serialVersionUID = 362498820763181265
      DEFAULT_INITIAL_CAPACITY = 16
      MAXIMUM_CAPACITY = 1073741824
      DEFAULT_LOAD_FACTOR = 0.75
      TREEIFY_THRESHOLD = 8
      UNTREEIFY_THRESHOLD = 6
      MIN_TREEIFY_CAPACITY = 64
      table = class java.util.HashMap$Node[16]
      entrySet = null
      size = 1
      modCount = 2
      threshold = 12
      loadFactor = 0.75
      keySet = null
      values = null
    moduleConfig = class com.ibm.ws.webcontainer.osgi.container.DeployedModule@6cf81959
      tc = class com.ibm.websphere.ras.TraceComponent@32492553
      loader = class com.ibm.ws.classloading.internal.ThreadContextClassLoader@4afe5ba4
      webApp = class com.ibm.ws.webcontainer.osgi.webapp.WebApp@396f445
      webAppConfig = class com.ibm.ws.webcontainer.osgi.webapp.WebAppConfiguration@7323e47f
      contextRootAdded = null
      properContextRoot = "/HelloWorld"
      mappingContextRoot = "/HelloWorld/*"
    extensionFactories = class java.util.ArrayList@1d9ff444
      serialVersionUID = 8683452581122892189
      DEFAULT_CAPACITY = 10
      EMPTY_ELEMENTDATA = class java.lang.Object[0]
      DEFAULTCAPACITY_EMPTY_ELEMENTDATA = class java.lang.Object[0]
      elementData = class java.lang.Object[10]
      size = 3
      MAX_ARRAY_SIZE = 2147483639
      modCount = 3
      MAX_ARRAY_SIZE = 2147483639
    initialized = true
    lock = class com.ibm.ws.webcontainer.webapp.WebApp$1@57bcbdf2
      this$0 = class com.ibm.ws.webcontainer.osgi.webapp.WebApp@396f445
    afterServletContextCreated = false
    redirectContextRoot = false
    errorExceptionTypeFirst = false
    initFilterBeforeServletInit = false
    sortedServletConfigs = class java.util.ArrayList@a79694e
      serialVersionUID = 8683452581122892189
      DEFAULT_CAPACITY = 10
      EMPTY_ELEMENTDATA = class java.lang.Object[0]
      DEFAULTCAPACITY_EMPTY_ELEMENTDATA = class java.lang.Object[0]
      elementData = class java.lang.Object[22]
      size = 17
      MAX_ARRAY_SIZE = 2147483639
      modCount = 17
      MAX_ARRAY_SIZE = 2147483639
    effectiveMajorVersion = 2
    effectiveMinorVersion = 4
    canAddServletContextListener = true
    withinContextInitOfProgAddListener = false
    webInfLibClassloader = null
    metaInfCache = class com.ibm.ws.webcontainer.webapp.WebApp$2@26678b89
      this$0 = class com.ibm.ws.webcontainer.osgi.webapp.WebApp@396f445
      serialVersionUID = 3801124242820219131
      head = null
      tail = null
      accessOrder = true
      serialVersionUID = 362498820763181265
      DEFAULT_INITIAL_CAPACITY = 16
      MAXIMUM_CAPACITY = 1073741824
      DEFAULT_LOAD_FACTOR = 0.75
      TREEIFY_THRESHOLD = 8
      UNTREEIFY_THRESHOLD = 6
      MIN_TREEIFY_CAPACITY = 64
      table = null
      entrySet = null
      size = 0
      modCount = 0
      threshold = 32
      loadFactor = 1.0
      keySet = null
      values = null
    useMetaInfCache = true
    SUN_CONFIGURE_LISTENER_CLASSNAME = "com.sun.faces.config.ConfigureListener"
    MYFACES_LIFECYCLE_LISTENER_CLASSNAME = "org.apache.myfaces.webapp.StartupServletContextListener"
    JSF_IMPL_ENABLED_PARAM = "com.ibm.ws.jsf.JSF_IMPL_ENABLED"
    JSF_IMPL_ENABLED_CUSTOM = "Custom"
    JSF_IMPL_ENABLED_NONE = "None"
    staticDocRoot = class com.ibm.ws.webcontainer.util.DocumentRootUtils@44b866d5
      logger = class com.ibm.ws.logging.internal.WsLogger@54510d60
      CLASS_NAME = "com.ibm.ws.webcontainer.util.DocumentRootUtils"
      useContentLength = false
      matchedFile = null
      matchedZipFile = null
      matchedEntry = null
      matchedURL = null
      edrRoot = null
      pfedrRoot = null
      ctxt = class com.ibm.ws.webcontainer.osgi.webapp.WebApp@396f445
      baseDir = null
      edr = null
      pfedr = null
      metaInfRes = null
      searchpfEDR = true
      searchEDR = true
      searchMetaInfRes = true
      matchFromEDR = false
      matchFromMetaInfRes = false
      matchIsADirectory = false
      appConfig = class com.ibm.ws.webcontainer.osgi.webapp.WebAppConfiguration@7323e47f
      attributeType = "staticFile"
      STATIC_FILE = "staticFile"
      JSP = "jsp"
      PFEDR = "preFragmentExtendedDocumentRoot"
      EDR = "extendedDocumentRoot"
    jspDocRoot = class com.ibm.ws.webcontainer.util.DocumentRootUtils@7659009d
      logger = class com.ibm.ws.logging.internal.WsLogger@54510d60
      CLASS_NAME = "com.ibm.ws.webcontainer.util.DocumentRootUtils"
      useContentLength = false
      matchedFile = null
      matchedZipFile = null
      matchedEntry = null
      matchedURL = null
      edrRoot = null
      pfedrRoot = null
      ctxt = class com.ibm.ws.webcontainer.osgi.webapp.WebApp@396f445
      baseDir = null
      edr = null
      pfedr = null
      metaInfRes = null
      searchpfEDR = true
      searchEDR = true
      searchMetaInfRes = true
      matchFromEDR = false
      matchFromMetaInfRes = false
      matchIsADirectory = false
      appConfig = class com.ibm.ws.webcontainer.osgi.webapp.WebAppConfiguration@7323e47f
      attributeType = "jsp"
      STATIC_FILE = "staticFile"
      JSP = "jsp"
      PFEDR = "preFragmentExtendedDocumentRoot"
      EDR = "extendedDocumentRoot"
    container = class com.ibm.ws.adaptable.module.internal.AdaptableContainerImpl@6e01f17b
      root = class com.ibm.ws.adaptable.module.internal.AdaptableContainerImpl@6e01f17b
      rootOverlay = class com.ibm.ws.artifact.overlay.internal.DirectoryBasedOverlayContainerImpl@7ac55229
      factoryHolder = class com.ibm.ws.adaptable.module.internal.AdaptableModuleFactoryImpl@135d6031
      delegate = class com.ibm.ws.artifact.overlay.internal.DirectoryBasedOverlayContainerImpl@7ac55229
      notifier = class com.ibm.ws.adaptable.module.internal.NotifierImpl@2f10b887
      serialVersionUID = -5621513278641113667
      $$$tc$$$ = class com.ibm.websphere.ras.TraceComponent@1dca0f4d
    metaInfResourceFinder = class com.ibm.ws.webcontainer.util.MetaInfResourceFinder@37ab2401
      jarResourceContainers = class java.util.ArrayList@69f0d577
      container = class com.ibm.ws.adaptable.module.internal.AdaptableContainerImpl@6e01f17b
    postConstructMethods = class com.ibm.ws.webcontainer.webapp.WebApp$AnnotatedMethods@2d8acabe
      annotationClass = class java.lang.Class@2722b6e0
      noOpClassNames = class java.util.HashSet@10feb1b
      annotatedMethodNames = class java.util.HashMap@4aa33346
      EMPTY_METHODS = class java.lang.reflect.Method[0]
    preDestroyMethods = class com.ibm.ws.webcontainer.webapp.WebApp$AnnotatedMethods@2a039f14
      annotationClass = class java.lang.Class@307cc69f
      noOpClassNames = class java.util.HashSet@467b448d
      annotatedMethodNames = class java.util.HashMap@f0e3417
      EMPTY_METHODS = class java.lang.reflect.Method[0]
    OBJ_EMPTY = class java.lang.Object[0]
    CLASS_EMPTY = class java.lang.Class[0]
    DEFAULT_JSP_EXTENSIONS = class java.util.ArrayList@14e03f21
      serialVersionUID = 8683452581122892189
      DEFAULT_CAPACITY = 10
      EMPTY_ELEMENTDATA = class java.lang.Object[0]
      DEFAULTCAPACITY_EMPTY_ELEMENTDATA = class java.lang.Object[0]
      elementData = class java.lang.Object[10]
      size = 4
      MAX_ARRAY_SIZE = 2147483639
      modCount = 4
      MAX_ARRAY_SIZE = 2147483639
    commands = class java.util.ArrayList@7a859a90
      serialVersionUID = 8683452581122892189
      DEFAULT_CAPACITY = 10
      EMPTY_ELEMENTDATA = class java.lang.Object[0]
      DEFAULTCAPACITY_EMPTY_ELEMENTDATA = class java.lang.Object[0]
      elementData = class java.lang.Object[3]
      size = 0
      MAX_ARRAY_SIZE = 2147483639
      modCount = 0
      MAX_ARRAY_SIZE = 2147483639
    requestMapper = class com.ibm.wsspi.webcontainer.util.URIMapper@1a16044
      matcher = class com.ibm.wsspi.webcontainer.util.URIMatcher@1a903e78
    parent = class com.ibm.ws.webcontainer.osgi.webapp.WebGroup@37eca45b
      tc = class com.ibm.websphere.ras.TraceComponent@51042b36
      logger = class com.ibm.ws.logging.internal.WsLogger@183b9731
      CLASS_NAME = "com.ibm.ws.webcontainer.webapp.WebGroup"
      sessUrlRewritePrefix = ";jsessionid="
      qMark = "?"
      config = class com.ibm.ws.webcontainer.osgi.webapp.WebGroupConfiguration@4e84267a
      webApp = class com.ibm.ws.webcontainer.osgi.webapp.WebApp@396f445
      commands = class java.util.ArrayList@30ad4b82
      requestMapper = null
      parent = class com.ibm.ws.webcontainer.osgi.DynamicVirtualHost@af1e36e
      name = "/HelloWorld/*"
      isAlive = true
      subElements = class java.util.HashMap@634777d2
      attributes = null
      config = null
    name = "HelloWorld"
    isAlive = true
    subElements = null
    attributes = class java.util.Collections$SynchronizedMap@22e09cb0
      serialVersionUID = 1978198479659022715
      m = class java.util.HashMap@1782ebb2
      mutex = class java.util.Collections$SynchronizedMap@22e09cb0
      keySet = null
      entrySet = null
      values = null
    config = null

