------Start of DE processing------ = [2/23/18 7:58:52:276 BRT]
Exception = javax.servlet.ServletException
Source = com.ibm.ws.webcontainer.filter.FilterInstanceWrapper.doFilter
probeid = 144
Stack Dump = javax.servlet.ServletException: Worklight Console initialization failed.Logged Exception: java.lang.IllegalStateException: Context namespace element 'annotation-config' and its parser class [org.springframework.context.annotation.AnnotationConfigBeanDefinitionParser] are only available on JDK 1.5 and higher
	at com.worklight.core.auth.impl.AuthenticationFilter.verifyServletInitialized(AuthenticationFilter.java:455)
	at com.worklight.core.auth.impl.AuthenticationFilter.doFilter(AuthenticationFilter.java:136)
	at com.ibm.ws.webcontainer.filter.FilterInstanceWrapper.doFilter(FilterInstanceWrapper.java:194)
	at com.ibm.ws.webcontainer.filter.WebAppFilterChain.doFilter(WebAppFilterChain.java:85)
	at com.ibm.ws.webcontainer.filter.WebAppFilterManager.doFilter(WebAppFilterManager.java:968)
	at com.ibm.ws.webcontainer.filter.WebAppFilterManager.invokeFilters(WebAppFilterManager.java:1056)
	at com.ibm.ws.webcontainer.webapp.WebApp.handleRequest(WebApp.java:4553)
	at com.ibm.ws.webcontainer.osgi.DynamicVirtualHost$2.handleRequest(DynamicVirtualHost.java:301)
	at com.ibm.ws.webcontainer.WebContainer.handleRequest(WebContainer.java:954)
	at com.ibm.ws.webcontainer.osgi.DynamicVirtualHost$2.run(DynamicVirtualHost.java:266)
	at com.ibm.ws.http.dispatcher.internal.channel.HttpDispatcherLink$TaskWrapper.run(HttpDispatcherLink.java:776)
	at java.util.concurrent.ThreadPoolExecutor.runWorker(ThreadPoolExecutor.java:1149)
	at java.util.concurrent.ThreadPoolExecutor$Worker.run(ThreadPoolExecutor.java:624)
	at java.lang.Thread.run(Thread.java:748)

Dump of callerThis
Object type = com.ibm.ws.webcontainer.filter.FilterInstanceWrapper
  FILTER_STATE_UNINITIALIZED = 0
  FILTER_STATE_INITIALIZING = 1
  FILTER_STATE_AVAILABLE = 2
  FILTER_STATE_DESTROYING = 3
  FILTER_STATE_DESTROYED = 4
  FILTER_STATE_UNAVAILABLE = 5
  _filterName = "authenticationFilter"
  _filterInstance = class com.worklight.core.auth.impl.AuthenticationFilter@44eb810
    EXCEPTION_DURING_SYNC_KEY = "WorklightServletInitializer.exceptionDuringSync"
    SYNC_REQUIRED_KEY = "WorklightServletInitializer.syncRequired"
    logger = class com.worklight.common.log.WorklightServerLogger@6ba3af26
      logger = class com.ibm.ws.logging.internal.WsLogger@2d3ab0f2
      formatter = class com.worklight.common.i18n.MessageFormatter@4d0a2fb6
    filterConfig = class com.ibm.ws.webcontainer.filter.FilterConfig@7af8b61e
    JSON_QUERY_COMPRESSION = "compressResponse"
    COMPRESS_THRESHOLD_PROPERTY = "compress.response.threshold"
    LOGGER_NULL_CONTEXT = "logger.null.context"
    LOGGER_SET_SYNC_REQUIRED = "logger.set.sync.required"
    P3P_HEADER = "P3P"
    P3P_VALUE = "policyref="/w3c/p3p.xml", CP="CAO DSP COR CURa ADMa DEVa OUR IND PHY ONL UNI COM NAV INT DEM PRE""
  _filterState = 2
  nServicing = 0
  logger = class com.ibm.ws.logging.internal.WsLogger@991f293
    tc = class com.ibm.websphere.ras.TraceComponent@4a8dd03b
      strings[0] = "TraceComponent[com.ibm.ws.logging.internal.WsLogger,class com.ibm.ws.logging.internal.WsLogger,[logging],com.ibm.ws.logging.internal.resources.LoggingMessages,null]"
    ivCachedResourceBundleName = null
    ivCachedResourceBundle = null
    ivComponent = null
    ivOrganization = null
    ivProduct = null
    ivMinimumLocalizationLevelIntValue = 625
    ivGroupName = null
    ivTC = class com.ibm.websphere.ras.TraceComponent@5566e9aa
      strings[0] = "TraceComponent[com.ibm.ws.webcontainer.filter,class com.ibm.wsspi.webcontainer.logging.LoggerFactory$1,[com.ibm.ws.webcontainer.filter],null,null]"
    loggerRegistrationComponent = class java.lang.ThreadLocal@5e8bcec2
      threadLocalHashCode = 575219410
      nextHashCode = class java.util.concurrent.atomic.AtomicInteger@4b70a0bc
      HASH_INCREMENT = 1640531527
    emptyHandlers = class java.util.logging.Handler[0]
    offValue = 2147483647
    SYSTEM_LOGGER_RB_NAME = "sun.util.logging.resources.logging"
    SYSTEM_BUNDLE = class java.util.logging.Logger$LoggerBundle@5c028d1a
      resourceBundleName = "sun.util.logging.resources.logging"
      userBundle = null
    NO_RESOURCE_BUNDLE = class java.util.logging.Logger$LoggerBundle@4146b5da
      resourceBundleName = null
      userBundle = null
    manager = class com.ibm.ws.kernel.boot.logging.WsLogManager@413b8eee
      CLASS_NAME = "com.ibm.ws.kernel.boot.logging.WsLogManager"
      CONFIGURE_BY_SERVER_PROPERTY_NAME = "java.util.logging.configureByServer"
      CONFIGURE_BY_LOGGING_PROPERTIES_FILE = "java.util.logging.configureByLoggingPropertiesFile"
      configureByServer = true
      configureByLoggingProperties = false
      wsLogger = class java.lang.reflect.Constructor@4c62c0a5
      resetEnabled = true
      manager = class com.ibm.ws.kernel.boot.logging.WsLogManager@413b8eee
      props = class java.util.Properties@1d15ad07
      defaultLevel = class java.util.logging.Level@600f221b
      listenerMap = class java.util.HashMap@19401f16
      systemContext = class java.util.logging.LogManager$SystemLoggerContext@6ebff05d
      userContext = class java.util.logging.LogManager$LoggerContext@348262c7
      rootLogger = class java.util.logging.LogManager$RootLogger@4cf9cc5
      readPrimordialConfiguration = true
      initializedGlobalHandlers = true
      deathImminent = false
      initializedCalled = true
      initializationDone = true
      contextsMap = null
      loggerRefQueue = class java.lang.ref.ReferenceQueue@1dee9be5
      MAX_ITERATIONS = 400
      controlPermission = class java.util.logging.LoggingPermission@cc2bd1d
      loggingMXBean = null
      LOGGING_MXBEAN_NAME = "java.util.logging:type=Logging"
      $assertionsDisabled = true
    name = "com.ibm.ws.webcontainer.filter"
    handlers = class java.util.concurrent.CopyOnWriteArrayList@461a2301
      serialVersionUID = 8673264195747942595
      lock = class java.util.concurrent.locks.ReentrantLock@5320fa17
      array = class java.lang.Object[0]
      UNSAFE = class sun.misc.Unsafe@578df26e
      lockOffset = 12
    loggerBundle = class java.util.logging.Logger$LoggerBundle@eb81c85
      resourceBundleName = "com.ibm.ws.webcontainer.resources.Messages"
      userBundle = null
    useParentHandlers = true
    filter = null
    anonymous = false
    catalog = class com.ibm.ws.webcontainer.resources.Messages_en@7aa480ed
      resources = class [Ljava.lang.Object;[0]
      lookup = null
      INITIAL_CACHE_SIZE = 32
      NONEXISTENT_BUNDLE = class java.util.ResourceBundle$1@3d5cec6b
      cacheList = class java.util.concurrent.ConcurrentHashMap@45196612
      referenceQueue = class java.lang.ref.ReferenceQueue@59f28698
      parent = class com.ibm.ws.webcontainer.resources.Messages@1749a85a
      locale = class java.util.Locale@4d2c216c
      name = "com.ibm.ws.webcontainer.resources.Messages"
      expired = false
      cacheKey = class java.util.ResourceBundle$CacheKey@438bf72d
      keySet = null
      providers = null
      $assertionsDisabled = true
    catalogName = "com.ibm.ws.webcontainer.resources.Messages"
    catalogLocale = class java.util.Locale@67753da9
      LOCALECACHE = class java.util.Locale$Cache@234b0a22
      ENGLISH = class java.util.Locale@4d2c216c
      FRENCH = class java.util.Locale@30adde1
      GERMAN = class java.util.Locale@57ae6fd5
      ITALIAN = class java.util.Locale@2ebed65f
      JAPANESE = class java.util.Locale@55dfc3b0
      KOREAN = class java.util.Locale@6fe93f
      CHINESE = class java.util.Locale@249bee20
      SIMPLIFIED_CHINESE = class java.util.Locale@7ccfd8c2
      TRADITIONAL_CHINESE = class java.util.Locale@572646a8
      FRANCE = class java.util.Locale@28ff6b62
      GERMANY = class java.util.Locale@536e6ab3
      ITALY = class java.util.Locale@51e5a1d4
      JAPAN = class java.util.Locale@3413ae46
      KOREA = class java.util.Locale@676477dd
      CHINA = class java.util.Locale@7ccfd8c2
      PRC = class java.util.Locale@7ccfd8c2
      TAIWAN = class java.util.Locale@572646a8
      UK = class java.util.Locale@477fa270
      US = class java.util.Locale@67753da9
      CANADA = class java.util.Locale@3b68504a
      CANADA_FRENCH = class java.util.Locale@12a0a8ff
      ROOT = class java.util.Locale@56beffe9
      PRIVATE_USE_EXTENSION = x
      UNICODE_LOCALE_EXTENSION = u
      serialVersionUID = 9149081749638150636
      DISPLAY_LANGUAGE = 0
      DISPLAY_COUNTRY = 1
      DISPLAY_VARIANT = 2
      DISPLAY_SCRIPT = 3
      baseLocale = class sun.util.locale.BaseLocale@6ce8bb6c
      localeExtensions = null
      hashCodeValue = 96636889
      defaultLocale = class java.util.Locale@67753da9
      defaultDisplayLocale = null
      defaultFormatLocale = class java.util.Locale@67753da9
      languageTag = "en-US"
      serialPersistentFields = class java.io.ObjectStreamField[6]
      isoLanguages = null
      isoCountries = null
      $assertionsDisabled = true
    treeLock = class java.lang.Object@70e0086d
    parent = class com.ibm.ws.logging.internal.WsLogger@3ef26ec0
      tc = class com.ibm.websphere.ras.TraceComponent@4a8dd03b
      ivCachedResourceBundleName = "com.ibm.ws.webcontainer.resources.Messages"
      ivCachedResourceBundle = class com.ibm.ws.webcontainer.resources.Messages_en@3ab7917e
      ivComponent = null
      ivOrganization = null
      ivProduct = null
      ivMinimumLocalizationLevelIntValue = 625
      ivGroupName = null
      ivTC = class com.ibm.websphere.ras.TraceComponent@5c6f9984
      loggerRegistrationComponent = class java.lang.ThreadLocal@5e8bcec2
      emptyHandlers = class java.util.logging.Handler[0]
      offValue = 2147483647
      SYSTEM_LOGGER_RB_NAME = "sun.util.logging.resources.logging"
      SYSTEM_BUNDLE = class java.util.logging.Logger$LoggerBundle@5c028d1a
      NO_RESOURCE_BUNDLE = class java.util.logging.Logger$LoggerBundle@4146b5da
      manager = class com.ibm.ws.kernel.boot.logging.WsLogManager@413b8eee
      name = "com.ibm.ws.webcontainer"
      handlers = class java.util.concurrent.CopyOnWriteArrayList@1b9556ec
      loggerBundle = class java.util.logging.Logger$LoggerBundle@a5f8c55
      useParentHandlers = true
      filter = null
      anonymous = false
      catalog = class com.ibm.ws.webcontainer.resources.Messages_en@3ab7917e
      catalogName = "com.ibm.ws.webcontainer.resources.Messages"
      catalogLocale = class java.util.Locale@67753da9
      treeLock = class java.lang.Object@70e0086d
      parent = class java.util.logging.LogManager$RootLogger@4cf9cc5
      kids = class java.util.ArrayList@2a27cfe9
      levelObject = class java.util.logging.Level@600f221b
      levelValue = 800
      callersClassLoaderRef = class java.lang.ref.WeakReference@4faf1fd3
      isSystemLogger = false
      GLOBAL_LOGGER_NAME = "global"
      global = class java.util.logging.Logger@5e0a0510
      $assertionsDisabled = true
    kids = null
    levelObject = class java.util.logging.Level@600f221b
      defaultBundle = "sun.util.logging.resources.logging"
      name = "INFO"
      value = 800
      resourceBundleName = "sun.util.logging.resources.logging"
      localizedLevelName = "INFO"
      cachedLocale = class java.util.Locale@67753da9
      OFF = class java.util.logging.Level@785a71c7
      SEVERE = class java.util.logging.Level@64f4c37e
      WARNING = class java.util.logging.Level@6905cc1d
      INFO = class java.util.logging.Level@600f221b
      CONFIG = class java.util.logging.Level@3563e650
      FINE = class java.util.logging.Level@1e9c6d72
      FINER = class java.util.logging.Level@5cb1a2ec
      FINEST = class java.util.logging.Level@1b13e843
      ALL = class java.util.logging.Level@31e8cc17
      serialVersionUID = -8176160795706313070
    levelValue = 800
    callersClassLoaderRef = class java.lang.ref.WeakReference@2ed9c3c6
      referent = class org.eclipse.osgi.internal.baseadaptor.DefaultClassLoader@7756c0a7
      queue = class java.lang.ref.ReferenceQueue$Null@6dc587d6
      next = null
      discovered = null
      lock = class java.lang.ref.Reference$Lock@72ca5500
      pending = null
    isSystemLogger = false
    GLOBAL_LOGGER_NAME = "global"
    global = class java.util.logging.Logger@5e0a0510
      emptyHandlers = class java.util.logging.Handler[0]
      offValue = 2147483647
      SYSTEM_LOGGER_RB_NAME = "sun.util.logging.resources.logging"
      SYSTEM_BUNDLE = class java.util.logging.Logger$LoggerBundle@5c028d1a
      NO_RESOURCE_BUNDLE = class java.util.logging.Logger$LoggerBundle@4146b5da
      manager = class com.ibm.ws.kernel.boot.logging.WsLogManager@413b8eee
      name = "global"
      handlers = class java.util.concurrent.CopyOnWriteArrayList@2bf17218
      loggerBundle = class java.util.logging.Logger$LoggerBundle@4146b5da
      useParentHandlers = true
      filter = null
      anonymous = false
      catalog = null
      catalogName = null
      catalogLocale = null
      treeLock = class java.lang.Object@70e0086d
      parent = class java.util.logging.LogManager$RootLogger@4cf9cc5
      kids = null
      levelObject = null
      levelValue = 800
      callersClassLoaderRef = null
      isSystemLogger = true
      GLOBAL_LOGGER_NAME = "global"
      global = class java.util.logging.Logger@5e0a0510
      $assertionsDisabled = true
    $assertionsDisabled = true
  CLASS_NAME = "com.ibm.ws.webcontainer.filter.FilterInstanceWrapper"
  _filterEvent = null
  _filterConfig = class com.ibm.ws.webcontainer.filter.FilterConfig@7af8b61e
    dispatchMode = null
    filterClassLoader = null
    isInternal = false
    webAppConfig = class com.ibm.ws.webcontainer.osgi.webapp.WebAppConfiguration@7323e47f
      webModuleMetaData = class com.ibm.ws.webcontainer.osgi.metadata.WebModuleMetaDataImpl@20be9bb
      webComponentMetaData = class com.ibm.ws.webcontainer.osgi.metadata.WebComponentMetaDataImpl@23eb0fa4
      dVirtualHost = class com.ibm.ws.webcontainer.osgi.DynamicVirtualHost@af1e36e
      orderedLibPaths = class java.util.Collections$UnmodifiableRandomAccessList@45a0f80f
      bundleHeaders = null
      cdiEnabled = false
      CLASS_NAME = "com.ibm.ws.webcontainer.webapp.WebAppConfiguration"
      logger = class com.ibm.ws.logging.internal.WsLogger@183b9731
      tc = class com.ibm.websphere.ras.TraceComponent@1aad5399
      version = 24
      contextRoot = "/HelloWorld"
      sessionTimeout = 0
      moduleSessionTimeoutSet = false
      moduleSessionTrackingModeSet = false
      sessionCookieConfig = class com.ibm.ws.session.SessionCookieConfigImpl@63d62dbd
      hasProgrammaticCookieConfig = false
      sessionDefaultTrackingModeSet = class java.util.RegularEnumSet@66b9583a
      sessionManagerConfig = class com.ibm.ws.session.SessionManagerConfig@241ba462
      displayName = "Worklight"
      description = null
      reloadInterval = 0
      distributable = false
      reloadingEnabled = false
      serveServletsByClassnameEnabled = null
      defaultErrorPage = null
      additionalClassPath = null
      fileServingEnabled = null
      directoryBrowsingEnabled = false
      autoRequestEncoding = false
      autoResponseEncoding = false
      autoLoadFilters = false
      requestListeners = null
      requestAttributeListeners = null
      sessionListeners = null
      localeMap = null
      moduleName = "HelloWorld"
      j2eeModuleName = "HelloWorld.war"
      moduleId = null
      isSyncToThreadEnabled = false
      isSystemApp = false
      ardEnabled = false
      ardDispatchType = null
      listeners = class java.util.ArrayList@605d3dcf
      welcomeFileList = class java.util.ArrayList@32345fbc
      servletMappings = class java.util.HashMap@1e60a948
      lastIndexBeforeDeclaredFilters = 0
      filterMappings = class java.util.ArrayList@67a12652
      servletInfo = class java.util.HashMap@6e1bcc2c
      filterInfo = class java.util.HashMap@7e42a7ec
      mimeMappings = class java.util.HashMap@65736b85
      mimeFilters = null
      isMimeFilteringEnabled = false
      theWebGroup = null
      jspAttributes = class java.util.HashMap@b0e42cf
      fileServingAttributes = class java.util.HashMap@3b44852e
      invokerAttributes = class java.util.HashMap@5052286d
      contextParams = class java.util.HashMap@2e835ea1
      virtualHost = "default_host"
      exceptionErrorPages = class java.util.HashMap@57627984
      codeErrorPages = class java.util.HashMap@4890fbb3
      tagLibList = null
      precompileJsps = false
      webApp = class com.ibm.ws.webcontainer.osgi.webapp.WebApp@396f445
      virtualHostList = class java.util.Collections$EmptyList@9c0a38c
      appStartupWeight = 0
      moduleStartupWeight = 0
      metaDataComplete = true
      classesToScan = class java.util.ArrayList@3d828243
      uriFilterMappingInfos = class java.util.ArrayList@79e8722e
      servletFilterMappingInfos = null
      dynamicServletRegistrationMap = null
      applicationName = "HelloWorld"
      libBinPathList = null
      webXmlDefinedListeners = class java.util.HashSet@366a43c3
      serviceRefs = class java.util.ArrayList@3aba5a41
      resourceRefs = class java.util.ArrayList@130357cf
      resourceRefBindings = class java.util.HashMap@29c02e83
      resourceRefConfigList = null
      resourceEnvRefs = class java.util.ArrayList@4dd01423
      resourceEnvRefBindings = class java.util.HashMap@2550378a
      messageDestRefs = class java.util.ArrayList@2ce4a1c0
      messageDestRefBindings = class java.util.HashMap@4f826e9
      envEntries = class java.util.ArrayList@49c44b59
      envEntryValues = class java.util.HashMap@6d8cd98c
      envEntryBindings = class java.util.HashMap@646f9f5c
      dataSources = class java.util.ArrayList@21e53256
      dataSourceBindings = class java.util.HashMap@4a902bb0
      persistenceUnitRefs = class java.util.ArrayList@41dbcbd7
      persistenceContextRefs = class java.util.ArrayList@595639cf
      ejbRefs = class java.util.ArrayList@5129d731
      ejbLocalRefs = class java.util.ArrayList@1aafab0f
      ejbRefBindings = class java.util.HashMap@5354efe
      disallowAllFileServingProp = "false"
      disallowServeServletsByClassnameProp = "false"
      disableStaticMappingCache = false
      _id = "WebAppGeneratedId9"
      _attributes = null
    filter = null
    filterClass = null
    urlPatternMappings = class java.util.ArrayList@6a251ffa
      serialVersionUID = 8683452581122892189
      DEFAULT_CAPACITY = 10
      EMPTY_ELEMENTDATA = class java.lang.Object[0]
      DEFAULTCAPACITY_EMPTY_ELEMENTDATA = class java.lang.Object[0]
      elementData = class java.lang.Object[10]
      size = 1
      MAX_ARRAY_SIZE = 2147483639
      modCount = 1
      MAX_ARRAY_SIZE = 2147483639
    servletNameMappings = null
    nls = class com.ibm.ejs.ras.TraceNLS@a02368b
      resolver = class com.ibm.ws.logging.internal.TraceNLSResolver@e006f82
      finder = null
      ivBundleName = "com.ibm.ws.webcontainer.resources.Messages"
      caller = class java.lang.Class@3040566e
    logger = class com.ibm.ws.logging.internal.WsLogger@42e905e
      tc = class com.ibm.websphere.ras.TraceComponent@4a8dd03b
      ivCachedResourceBundleName = "com.ibm.ws.webcontainer.resources.Messages"
      ivCachedResourceBundle = class com.ibm.ws.webcontainer.resources.Messages_en@3ab7917e
      ivComponent = null
      ivOrganization = null
      ivProduct = null
      ivMinimumLocalizationLevelIntValue = 625
      ivGroupName = null
      ivTC = class com.ibm.websphere.ras.TraceComponent@7cce7632
      loggerRegistrationComponent = class java.lang.ThreadLocal@5e8bcec2
      emptyHandlers = class java.util.logging.Handler[0]
      offValue = 2147483647
      SYSTEM_LOGGER_RB_NAME = "sun.util.logging.resources.logging"
      SYSTEM_BUNDLE = class java.util.logging.Logger$LoggerBundle@5c028d1a
      NO_RESOURCE_BUNDLE = class java.util.logging.Logger$LoggerBundle@4146b5da
      manager = class com.ibm.ws.kernel.boot.logging.WsLogManager@413b8eee
      name = "com.ibm.ws.webcontainer.servlet"
      handlers = class java.util.concurrent.CopyOnWriteArrayList@7b8d4ac9
      loggerBundle = class java.util.logging.Logger$LoggerBundle@5bcf72ed
      useParentHandlers = true
      filter = null
      anonymous = false
      catalog = class com.ibm.ws.webcontainer.resources.Messages_en@3ab7917e
      catalogName = "com.ibm.ws.webcontainer.resources.Messages"
      catalogLocale = class java.util.Locale@67753da9
      treeLock = class java.lang.Object@70e0086d
      parent = class com.ibm.ws.logging.internal.WsLogger@3ef26ec0
      kids = null
      levelObject = class java.util.logging.Level@600f221b
      levelValue = 800
      callersClassLoaderRef = class java.lang.ref.WeakReference@1daf0846
      isSystemLogger = false
      GLOBAL_LOGGER_NAME = "global"
      global = class java.util.logging.Logger@5e0a0510
      $assertionsDisabled = true
    CLASS_NAME = "com.ibm.ws.webcontainer.servlet.TargetConfig"
    initParams = null
    fileName = null
    displayName = "FilterGeneratedId18"
    name = "authenticationFilter"
    description = null
    smallIcon = null
    largeIcon = null
    context = class com.ibm.wsspi.webcontainer.facade.ServletContextFacade@68c28cb8
      context = class com.ibm.ws.webcontainer.osgi.webapp.WebApp@396f445
    className = "com.worklight.core.auth.impl.AuthenticationFilter"
    asyncSupported = false
    _id = "FilterGeneratedId18"
    _attributes = null
  _eventSource = class com.ibm.ws.webcontainer.webapp.WebAppEventSource@584cb1e7
    _invocationListeners = class com.ibm.ws.webcontainer.util.EventListeners@2ada8495
      EMPTY_LISTENERS = interface java.util.EventListener[0]
      logger = class com.ibm.ws.logging.internal.WsLogger@54510d60
      CLASS_NAME = "com.ibm.ws.webcontainer.util.EventListeners"
      listeners = interface java.util.EventListener[0]
    _servletListeners = class com.ibm.ws.webcontainer.util.EventListeners@3177592b
      EMPTY_LISTENERS = interface java.util.EventListener[0]
      logger = class com.ibm.ws.logging.internal.WsLogger@54510d60
      CLASS_NAME = "com.ibm.ws.webcontainer.util.EventListeners"
      listeners = interface java.util.EventListener[0]
    _errorListeners = class com.ibm.ws.webcontainer.util.EventListeners@41ab933b
      EMPTY_LISTENERS = interface java.util.EventListener[0]
      logger = class com.ibm.ws.logging.internal.WsLogger@54510d60
      CLASS_NAME = "com.ibm.ws.webcontainer.util.EventListeners"
      listeners = interface java.util.EventListener[0]
    _applicationListeners = class com.ibm.ws.webcontainer.util.EventListeners@3df070fa
      EMPTY_LISTENERS = interface java.util.EventListener[0]
      logger = class com.ibm.ws.logging.internal.WsLogger@54510d60
      CLASS_NAME = "com.ibm.ws.webcontainer.util.EventListeners"
      listeners = interface java.util.EventListener[0]
    _filterInvocationListeners = class com.ibm.ws.webcontainer.util.EventListeners@43f0b5fd
      EMPTY_LISTENERS = interface java.util.EventListener[0]
      logger = class com.ibm.ws.logging.internal.WsLogger@54510d60
      CLASS_NAME = "com.ibm.ws.webcontainer.util.EventListeners"
      listeners = interface java.util.EventListener[0]
    _filterListeners = class com.ibm.ws.webcontainer.util.EventListeners@48c502a9
      EMPTY_LISTENERS = interface java.util.EventListener[0]
      logger = class com.ibm.ws.logging.internal.WsLogger@54510d60
      CLASS_NAME = "com.ibm.ws.webcontainer.util.EventListeners"
      listeners = interface java.util.EventListener[0]
    _filterErrorListeners = class com.ibm.ws.webcontainer.util.EventListeners@55ea62c1
      EMPTY_LISTENERS = interface java.util.EventListener[0]
      logger = class com.ibm.ws.logging.internal.WsLogger@54510d60
      CLASS_NAME = "com.ibm.ws.webcontainer.util.EventListeners"
      listeners = interface java.util.EventListener[0]
  _managedObject = class com.ibm.ws.managedobject.internal.ManagedObjectImpl@5808aa3a
    serialVersionUID = 2312695316196219051
    object = class com.worklight.core.auth.impl.AuthenticationFilter@44eb810
    $$$tc$$$ = class com.ibm.websphere.ras.TraceComponent@43a60862
      strings[0] = "TraceComponent[com.ibm.ws.managedobject.internal.ManagedObjectImpl,class com.ibm.ws.managedobject.internal.ManagedObjectImpl,[],,null]"

