********************************************************************************
product = WebSphere Application Server 8.5.5.1 (wlp-1.0.4.cl50120131011-1639)
wlp.install.dir = /Users/pimenta/Desktop/eclipse/plugins/com.worklight.studio.plugin_6.2.0.01-20170920-0712/liberty/wlp/
server.config.dir = /Users/pimenta/Documents/workspace/WorklightServerConfig/servers/worklight/
java.home = /Library/Java/JavaVirtualMachines/jdk1.7.0_80.jdk/Contents/Home/jre
java.version = 1.7.0_80
java.runtime = Java(TM) SE Runtime Environment (1.7.0_80-b15)
os = Mac OS X (10.13.3; x86_64) (en_US)
********************************************************************************
[3/12/18 18:21:20:459 BRT] 00000001 com.ibm.ws.logging.internal.TraceSpecification               I TRAS0018I: The trace state has been changed. The new trace state is *=info.
[3/12/18 18:21:20:486 BRT] 00000001 com.ibm.ws.kernel.launch.internal.FrameworkManager           A CWWKE0001I: The server worklight has been launched.
[3/12/18 18:21:23:863 BRT] 00000001 com.ibm.ws.kernel.launch.internal.FrameworkManager           I CWWKE0002I: The kernel started after 3.759 seconds
[3/12/18 18:21:23:917 BRT] 00000018 com.ibm.ws.kernel.feature.internal.FeatureManager            I CWWKF0007I: Feature update started.
[3/12/18 18:21:25:933 BRT] 00000011 com.ibm.ws.security.internal.SecurityReadyServiceImpl        I CWWKS0007I: The security service is starting...
[3/12/18 18:21:28:114 BRT] 0000001d com.ibm.ws.tcpchannel.internal.TCPChannel                    I CWWKO0219I: TCP Channel defaultHttpEndpoint has been started and is now listening for requests on host *  (IPv6) port 10080.
[3/12/18 18:21:28:173 BRT] 0000001d com.ibm.ws.tcpchannel.internal.TCPChannel                    I CWWKO0219I: TCP Channel defaultHttpEndpoint-ssl has been started and is now listening for requests on host *  (IPv6) port 10443.
[3/12/18 18:21:28:798 BRT] 00000021 com.ibm.ws.security.internal.SecurityReadyServiceImpl        I CWWKS0008I: The security service is ready.
[3/12/18 18:21:28:801 BRT] 00000021 com.ibm.ws.security.token.ltpa.internal.LTPAKeyCreator       I CWWKS4105I: LTPA configuration is ready after 0.273 seconds.
[3/12/18 18:21:29:676 BRT] 00000011 com.ibm.ws.app.manager.internal.monitor.DropinMonitor        A CWWKZ0058I: Monitoring dropins for applications. 
[3/12/18 18:21:29:797 BRT] 00000014 com.ibm.ws.app.manager.internal.statemachine.StartAction     I CWWKZ0018I: Starting application _MobileBrowserSimulator.
[3/12/18 18:21:30:715 BRT] 00000014 com.ibm.ws.webcontainer.osgi.webapp.WebGroup                 I SRVE0169I: Loading Web Module: _MobileBrowserSimulator.
[3/12/18 18:21:30:718 BRT] 00000023 com.ibm.ws.webcontainer.osgi.webapp.WebGroup                 I SRVE0169I: Loading Web Module: IBMJMXConnectorREST.
[3/12/18 18:21:30:718 BRT] 00000014 com.ibm.ws.webcontainer                                      I SRVE0250I: Web Module _MobileBrowserSimulator has been bound to default_host.
[3/12/18 18:21:30:718 BRT] 00000023 com.ibm.ws.webcontainer                                      I SRVE0250I: Web Module IBMJMXConnectorREST has been bound to default_host.
[3/12/18 18:21:30:723 BRT] 00000014 com.ibm.ws.http.internal.VirtualHostImpl                     A CWWKT0016I: Web application available (default_host): http://192.168.0.7:10080/_MobileBrowserSimulator/
[3/12/18 18:21:30:759 BRT] 00000023 com.ibm.ws.http.internal.VirtualHostImpl                     A CWWKT0016I: Web application available (default_host): http://192.168.0.7:10080/IBMJMXConnectorREST/
[3/12/18 18:21:30:957 BRT] 00000014 com.ibm.ws.session.WASSessionCore                            I SESN8501I: The session manager did not find a persistent storage location; HttpSession objects will be stored in the local application server's memory.
[3/12/18 18:21:30:969 BRT] 00000014 com.ibm.ws.session.WASSessionCore                            I SESN0176I: A new session context will be created for application key default_host/_MobileBrowserSimulator
[3/12/18 18:21:31:019 BRT] 00000014 com.ibm.ws.util                                              I SESN0172I: The session manager is using the Java default SecureRandom implementation for session ID generation.
[3/12/18 18:21:31:380 BRT] 00000023 com.ibm.ws.session.WASSessionCore                            I SESN0176I: A new session context will be created for application key default_host/IBMJMXConnectorREST
[3/12/18 18:21:31:380 BRT] 00000023 com.ibm.ws.util                                              I SESN0172I: The session manager is using the Java default SecureRandom implementation for session ID generation.
[3/12/18 18:21:31:462 BRT] 00000014 com.ibm.ws.app.manager.internal.statemachine.StartAction     A CWWKZ0001I: Application _MobileBrowserSimulator started in 1.663 seconds.
[3/12/18 18:21:31:513 BRT] 00000014 com.ibm.ws.app.manager.internal.statemachine.StartAction     I CWWKZ0018I: Starting application SampleFace.
[3/12/18 18:21:31:776 BRT] 00000014 com.ibm.ws.webcontainer.osgi.webapp.WebGroup                 I SRVE0169I: Loading Web Module: Worklight.
[3/12/18 18:21:31:777 BRT] 00000014 com.ibm.ws.webcontainer                                      I SRVE0250I: Web Module Worklight has been bound to default_host.
[3/12/18 18:21:31:777 BRT] 00000014 com.ibm.ws.http.internal.VirtualHostImpl                     A CWWKT0016I: Web application available (default_host): http://192.168.0.7:10080/SampleFace/
[3/12/18 18:21:31:974 BRT] 00000014 com.ibm.ws.session.WASSessionCore                            I SESN0176I: A new session context will be created for application key default_host/SampleFace
[3/12/18 18:21:31:974 BRT] 00000014 com.ibm.ws.util                                              I SESN0172I: The session manager is using the Java default SecureRandom implementation for session ID generation.
[3/12/18 18:21:32:557 BRT] 00000023 apache.wink.server.internal.application.ApplicationProcessor I The following JAX-RS application has been processed: com.ibm.ws.jaxrs.webcontainer.JAXRSDefaultApplicationSubclassProxy
[3/12/18 18:21:32:560 BRT] 00000023 org.apache.wink.server.internal.log.Resources                I The server has registered the JAX-RS resource class com.ibm.ws.jmx.connector.server.rest.resources.FileTransferRouterResource with @Path(/fileTransfer/router/{filePath}).
[3/12/18 18:21:32:560 BRT] 00000023 org.apache.wink.server.internal.log.Resources                I The server has registered the JAX-RS resource class com.ibm.ws.jmx.connector.server.rest.resources.AttributeResource with @Path(/mbeans/{objectName}/attributes).
[3/12/18 18:21:32:560 BRT] 00000023 org.apache.wink.server.internal.log.Resources                I The server has registered the JAX-RS resource class com.ibm.ws.jmx.connector.server.rest.resources.FileTransferResource with @Path(/fileTransfer/{filePath}).
[3/12/18 18:21:32:561 BRT] 00000023 org.apache.wink.server.internal.log.Resources                I The server has registered the JAX-RS resource class com.ibm.ws.jmx.connector.server.rest.resources.NotificationResource with @Path(/notifications).
[3/12/18 18:21:32:561 BRT] 00000023 org.apache.wink.server.internal.log.Resources                I The server has registered the JAX-RS resource class com.ibm.ws.jmx.connector.server.rest.resources.MBeanResource with @Path(/mbeans).
[3/12/18 18:21:32:561 BRT] 00000023 org.apache.wink.server.internal.log.Resources                I The server has registered the JAX-RS resource class com.ibm.ws.jmx.connector.server.rest.resources.MBeanRouterResource with @Path(/router).
[3/12/18 18:21:32:561 BRT] 00000023 org.apache.wink.server.internal.log.Resources                I The server has registered the JAX-RS resource class com.ibm.ws.jmx.connector.server.rest.resources.JMXResource with @Path().
[3/12/18 18:21:32:565 BRT] 00000023 org.apache.wink.server.internal.log.Providers                I The class com.ibm.ws.jmx.connector.server.rest.providers.JSONErrorOutputStreamProvider was registered as a JAX-RS MessageBodyWriter provider for com.ibm.ws.jmx.connector.server.rest.providers.JSONErrorOutputStream Java types and application/json media types.
[3/12/18 18:21:33:690 BRT] 00000023 com.ibm.ws.webcontainer.servlet                              I SRVE0242I: [com.ibm.ws.jmx.connector.server.rest] [/IBMJMXConnectorREST] [MBeanServerConnector]: Initialization successful.
[3/12/18 18:21:35:542 BRT] 00000014 com.worklight.server.bundle.api.WorklightConfiguration       I FWLSE4006I: Worklight Studio is running in 'development' mode. [project SampleFace]
[3/12/18 18:21:35:545 BRT] 0000002a com.worklight.server.bundle.project.JeeProjectActivator      I FWLST0022I: Worklight project async start = true
[3/12/18 18:21:35:606 BRT] 00000014 apache.wink.server.internal.application.ApplicationProcessor I The following JAX-RS application has been processed: com.ibm.ws.jaxrs.webcontainer.JAXRSDefaultApplicationSubclassProxy
[3/12/18 18:21:35:607 BRT] 00000014 org.apache.wink.server.internal.log.Resources                I The server has registered the JAX-RS resource class com.worklight.oauth.TokenValidationEndpoint with @Path(/validation).
[3/12/18 18:21:35:607 BRT] 00000014 org.apache.wink.server.internal.log.Resources                I The server has registered the JAX-RS resource class com.worklight.oauth.TokenEndpoint with @Path(/token).
[3/12/18 18:21:35:608 BRT] 00000014 org.apache.wink.server.internal.log.Providers                I There are no custom JAX-RS providers defined in the application.
[3/12/18 18:21:35:749 BRT] 0000002a com.worklight.server.bundle.project.JeeProjectActivator      I FWLST0001I: Worklight home folder is /Users/pimenta/Documents/workspace/WorklightServerConfig/servers/worklight/workarea/org.eclipse.osgi/bundles/75/data/temp/default_node/SMF_WebContainer/SampleFace/SampleFace [project SampleFace]
[3/12/18 18:21:35:796 BRT] 0000002a ingframework.context.support.FileSystemXmlApplicationContext I Refreshing org.springframework.context.support.FileSystemXmlApplicationContext@7cef69f3: display name [org.springframework.context.support.FileSystemXmlApplicationContext@7cef69f3]; startup date [Mon Mar 12 18:21:35 BRT 2018]; root of context hierarchy
[3/12/18 18:21:35:837 BRT] 00000014 com.ibm.ws.webcontainer.servlet                              I SRVE0242I: [SampleFace] [/SampleFace] [AuthorizationServer]: Initialization successful.
[3/12/18 18:21:35:852 BRT] 00000014 com.ibm.ws.app.manager.internal.statemachine.StartAction     A CWWKZ0001I: Application SampleFace started in 4.339 seconds.
[3/12/18 18:21:35:891 BRT] 00000014 com.ibm.ws.app.manager.internal.statemachine.StartAction     I CWWKZ0018I: Starting application _analytics.
[3/12/18 18:21:35:909 BRT] 0000002a rg.springframework.beans.factory.xml.XmlBeanDefinitionReader I Loading XML bean definitions from URL [wsjar:file:/Users/pimenta/Documents/workspace/WorklightServerConfig/shared/resources/worklight-jee-library-6.2.0.jar!/conf/spring-server-core.xml]
[3/12/18 18:21:36:044 BRT] 0000002a rg.springframework.beans.factory.xml.XmlBeanDefinitionReader I Loading XML bean definitions from URL [wsjar:file:/Users/pimenta/Documents/workspace/WorklightServerConfig/shared/resources/worklight-jee-library-6.2.0.jar!/conf/core.xml]
[3/12/18 18:21:36:085 BRT] 0000002a rg.springframework.beans.factory.xml.XmlBeanDefinitionReader I Loading XML bean definitions from URL [wsjar:file:/Users/pimenta/Documents/workspace/WorklightServerConfig/shared/resources/worklight-jee-library-6.2.0.jar!/conf/integration.xml]
[3/12/18 18:21:36:101 BRT] 0000002a rg.springframework.beans.factory.xml.XmlBeanDefinitionReader I Loading XML bean definitions from URL [wsjar:file:/Users/pimenta/Documents/workspace/WorklightServerConfig/shared/resources/worklight-jee-library-6.2.0.jar!/conf/gadgets.xml]
[3/12/18 18:21:36:114 BRT] 0000002a rg.springframework.beans.factory.xml.XmlBeanDefinitionReader I Loading XML bean definitions from URL [wsjar:file:/Users/pimenta/Documents/workspace/WorklightServerConfig/shared/resources/worklight-jee-library-6.2.0.jar!/conf/pushworks.xml]
[3/12/18 18:21:36:133 BRT] 0000002a ngframework.beans.factory.support.DefaultListableBeanFactory I Overriding bean definition for bean 'gadgetCustomizedResourcesRoot': replacing [Generic bean: class [com.worklight.core.util.WorkingDirectory]; scope=singleton; abstract=false; lazyInit=false; autowireMode=0; dependencyCheck=0; autowireCandidate=true; primary=false; factoryBeanName=null; factoryMethodName=null; initMethodName=null; destroyMethodName=null; defined in URL [wsjar:file:/Users/pimenta/Documents/workspace/WorklightServerConfig/shared/resources/worklight-jee-library-6.2.0.jar!/conf/gadgets.xml]] with [Generic bean: class [com.worklight.core.util.WorkingDirectory]; scope=singleton; abstract=false; lazyInit=false; autowireMode=0; dependencyCheck=0; autowireCandidate=true; primary=false; factoryBeanName=null; factoryMethodName=null; initMethodName=null; destroyMethodName=null; defined in URL [wsjar:file:/Users/pimenta/Documents/workspace/WorklightServerConfig/shared/resources/worklight-jee-library-6.2.0.jar!/conf/spring-server-core.xml]]
[3/12/18 18:21:36:134 BRT] 0000002a ngframework.beans.factory.support.DefaultListableBeanFactory I Overriding bean definition for bean 'gadgetResourcesRoot': replacing [Generic bean: class [com.worklight.core.util.WorkingDirectory]; scope=singleton; abstract=false; lazyInit=false; autowireMode=0; dependencyCheck=0; autowireCandidate=true; primary=false; factoryBeanName=null; factoryMethodName=null; initMethodName=null; destroyMethodName=null; defined in URL [wsjar:file:/Users/pimenta/Documents/workspace/WorklightServerConfig/shared/resources/worklight-jee-library-6.2.0.jar!/conf/gadgets.xml]] with [Generic bean: class [com.worklight.core.util.WorkingDirectory]; scope=singleton; abstract=false; lazyInit=false; autowireMode=0; dependencyCheck=0; autowireCandidate=true; primary=false; factoryBeanName=null; factoryMethodName=null; initMethodName=null; destroyMethodName=null; defined in URL [wsjar:file:/Users/pimenta/Documents/workspace/WorklightServerConfig/shared/resources/worklight-jee-library-6.2.0.jar!/conf/spring-server-core.xml]]
[3/12/18 18:21:36:140 BRT] 0000002a ingframework.context.support.FileSystemXmlApplicationContext I Bean factory for application context [org.springframework.context.support.FileSystemXmlApplicationContext@7cef69f3]: org.springframework.beans.factory.support.DefaultListableBeanFactory@39719129
[3/12/18 18:21:36:463 BRT] 0000002a ngframework.beans.factory.support.DefaultListableBeanFactory I Pre-instantiating singletons in org.springframework.beans.factory.support.DefaultListableBeanFactory@39719129: defining beans [txManager,mailingService,WorkLightNotice,rssBrokerUtils,audit,GenericDAO,clusterSynchronizationDAO,taskCoordinator,taskManager,worklightAuthenticationService,authenticationDAO,ssoDAO,ssoExpiredLoginContextsCleanupTask,keyStoreManager,analyticsHttpService,invocationContextManager,dataAccessService,shellResourcesService,analyticsService,coreServiceManager,adapterManager,nodeProcessManager,adapterManagementService,factProcessingTask,PlatformUsageProcessingTask,notificationCleanupTask,WSSecurityService,gadgetDAO,deviceDAO,licenseTermsDAO,platformUsageService,configProfileService,gfwProps,gadgetEnvironmentManager,gadgetResourcesRoot,gadgetCustomizedResourcesRoot,applicationMetadataService,applicationManagementService,notificationsSimulationManager,pushServiceListener,PushService,worklight-direct,rssBrokerDS,brokerSessionFactory,reportService,reportsDS,reportsBrokerDS,reportsSessionFactory,gadgetReportsDAO,notificationReportsDao,gadgetReportsService,analyticsFactService,nodeInfo,registrationService,runtimeTransactionHandler,projectSyncService]; root of factory hierarchy
[3/12/18 18:21:40:530 BRT] 0000002a hsqldb.db.HSQLDB621C171D58.ENGINE                            I Checkpoint start
[3/12/18 18:21:40:531 BRT] 0000002a hsqldb.db.HSQLDB621C171D58.ENGINE                            I checkpointClose start
[3/12/18 18:21:40:539 BRT] 0000002a hsqldb.db.HSQLDB621C171D58.ENGINE                            I checkpointClose end
[3/12/18 18:21:40:542 BRT] 0000002a hsqldb.db.HSQLDB621C171D58.ENGINE                            I Checkpoint end
[3/12/18 18:21:40:687 BRT] 0000002a ringframework.orm.jpa.LocalContainerEntityManagerFactoryBean I Building JPA container EntityManagerFactory for persistence unit 'WorklightPU'
[3/12/18 18:21:41:049 BRT] 00000014 com.ibm.ws.webcontainer.osgi.webapp.WebGroup                 I SRVE0169I: Loading Web Module: analytics.
[3/12/18 18:21:41:050 BRT] 00000014 com.ibm.ws.webcontainer                                      I SRVE0250I: Web Module analytics has been bound to default_host.
[3/12/18 18:21:41:050 BRT] 00000014 com.ibm.ws.http.internal.VirtualHostImpl                     A CWWKT0016I: Web application available (default_host): http://192.168.0.7:10080/_analytics/
[3/12/18 18:21:41:259 BRT] 00000014 com.ibm.ws.injectionengine.AbstractInjectionEngine           W CWNEN0070W: The javax.ws.rs.CookieParam annotation class will not be recognized because it was loaded from the null location rather than from a product class loader.
[3/12/18 18:21:41:261 BRT] 00000014 com.ibm.ws.injectionengine.AbstractInjectionEngine           W CWNEN0070W: The javax.ws.rs.core.Context annotation class will not be recognized because it was loaded from the null location rather than from a product class loader.
[3/12/18 18:21:41:262 BRT] 00000014 com.ibm.ws.injectionengine.AbstractInjectionEngine           W CWNEN0070W: The javax.ws.rs.HeaderParam annotation class will not be recognized because it was loaded from the null location rather than from a product class loader.
[3/12/18 18:21:41:266 BRT] 00000014 com.ibm.ws.injectionengine.AbstractInjectionEngine           W CWNEN0070W: The javax.ws.rs.PathParam annotation class will not be recognized because it was loaded from the null location rather than from a product class loader.
[3/12/18 18:21:41:267 BRT] 00000014 com.ibm.ws.injectionengine.AbstractInjectionEngine           W CWNEN0070W: The javax.ws.rs.MatrixParam annotation class will not be recognized because it was loaded from the null location rather than from a product class loader.
[3/12/18 18:21:41:268 BRT] 00000014 com.ibm.ws.injectionengine.AbstractInjectionEngine           W CWNEN0070W: The javax.ws.rs.QueryParam annotation class will not be recognized because it was loaded from the null location rather than from a product class loader.
[3/12/18 18:21:41:317 BRT] 00000014 com.ibm.ws.session.WASSessionCore                            I SESN0176I: A new session context will be created for application key default_host/_analytics
[3/12/18 18:21:41:317 BRT] 00000014 com.ibm.ws.util                                              I SESN0172I: The session manager is using the Java default SecureRandom implementation for session ID generation.
[3/12/18 18:21:41:494 BRT] 0000002a SystemErr                                                    R 67  WorklightPU  WARN   [Thread-16] openjpa.Runtime - An error occurred while registering a ClassTransformer with PersistenceUnitInfo: name 'WorklightPU', root URL [file:/Users/pimenta/Documents/workspace/WorklightServerConfig/shared/resources/worklight-jee-library-6.2.0.jar]. The error has been consumed. To see it, set your openjpa.Runtime log level to TRACE. Load-time class transformation will not be available.
[3/12/18 18:21:42:292 BRT] 00000014 com.ibm.ws.app.manager.internal.statemachine.StartAction     A CWWKZ0001I: Application _analytics started in 6.401 seconds.
[3/12/18 18:21:42:303 BRT] 00000014 com.ibm.ws.app.manager.internal.statemachine.StartAction     I CWWKZ0018I: Starting application WorklightServices.
[3/12/18 18:21:43:986 BRT] 0000002a SystemErr                                                    R 2560  WorklightPU  INFO   [Thread-16] openjpa.Runtime - Starting OpenJPA 1.2.2
[3/12/18 18:21:44:114 BRT] 0000002a SystemErr                                                    R 2687  WorklightPU  INFO   [Thread-16] openjpa.jdbc.JDBC - Using dictionary class "org.apache.openjpa.jdbc.sql.HSQLDictionary".
[3/12/18 18:21:45:401 BRT] 00000014 com.ibm.ws.webcontainer.osgi.webapp.WebGroup                 I SRVE0169I: Loading Web Module: Worklight Administration Services.
[3/12/18 18:21:45:401 BRT] 00000014 com.ibm.ws.webcontainer                                      I SRVE0250I: Web Module Worklight Administration Services has been bound to default_host.
[3/12/18 18:21:45:403 BRT] 00000014 com.ibm.ws.http.internal.VirtualHostImpl                     A CWWKT0016I: Web application available (default_host): http://192.168.0.7:10080/worklightadmin/
[3/12/18 18:21:45:537 BRT] 00000014 com.ibm.ws.injectionengine.AbstractInjectionEngine           W CWNEN0070W: The javax.ws.rs.CookieParam annotation class will not be recognized because it was loaded from the null location rather than from a product class loader.
[3/12/18 18:21:45:538 BRT] 00000014 com.ibm.ws.injectionengine.AbstractInjectionEngine           W CWNEN0070W: The javax.ws.rs.core.Context annotation class will not be recognized because it was loaded from the null location rather than from a product class loader.
[3/12/18 18:21:45:540 BRT] 00000014 com.ibm.ws.injectionengine.AbstractInjectionEngine           W CWNEN0070W: The javax.ws.rs.HeaderParam annotation class will not be recognized because it was loaded from the null location rather than from a product class loader.
[3/12/18 18:21:45:544 BRT] 00000014 com.ibm.ws.injectionengine.AbstractInjectionEngine           W CWNEN0070W: The javax.ws.rs.PathParam annotation class will not be recognized because it was loaded from the null location rather than from a product class loader.
[3/12/18 18:21:45:545 BRT] 00000014 com.ibm.ws.injectionengine.AbstractInjectionEngine           W CWNEN0070W: The javax.ws.rs.MatrixParam annotation class will not be recognized because it was loaded from the null location rather than from a product class loader.
[3/12/18 18:21:45:546 BRT] 00000014 com.ibm.ws.injectionengine.AbstractInjectionEngine           W CWNEN0070W: The javax.ws.rs.QueryParam annotation class will not be recognized because it was loaded from the null location rather than from a product class loader.
[3/12/18 18:21:45:586 BRT] 00000014 com.ibm.ws.session.WASSessionCore                            I SESN0176I: A new session context will be created for application key default_host/worklightadmin
[3/12/18 18:21:45:587 BRT] 00000014 com.ibm.ws.util                                              I SESN0172I: The session manager is using the Java default SecureRandom implementation for session ID generation.
[3/12/18 18:21:46:230 BRT] 00000014 com.ibm.ws.webcontainer.webapp                               I SRVE0292I: Servlet Message - [worklight-management-service]:.Initializing Spring root WebApplicationContext
[3/12/18 18:21:46:232 BRT] 00000014 org.springframework.web.context.ContextLoader                I Root WebApplicationContext: initialization started
[3/12/18 18:21:46:346 BRT] 00000014 springframework.web.context.support.XmlWebApplicationContext I Refreshing org.springframework.web.context.support.XmlWebApplicationContext@21f764a8: display name [Root WebApplicationContext]; startup date [Mon Mar 12 18:21:46 BRT 2018]; root of context hierarchy
[3/12/18 18:21:46:472 BRT] 00000014 rg.springframework.beans.factory.xml.XmlBeanDefinitionReader I Loading XML bean definitions from ServletContext resource [/WEB-INF/spring-management-service.xml]
[3/12/18 18:21:46:527 BRT] 00000014 springframework.web.context.support.XmlWebApplicationContext I Bean factory for application context [org.springframework.web.context.support.XmlWebApplicationContext@21f764a8]: org.springframework.beans.factory.support.DefaultListableBeanFactory@6fb0398f
[3/12/18 18:21:46:596 BRT] 00000014 ngframework.beans.factory.support.DefaultListableBeanFactory I Pre-instantiating singletons in org.springframework.beans.factory.support.DefaultListableBeanFactory@6fb0398f: defining beans [registrationServiceFactory]; root of factory hierarchy
[3/12/18 18:21:46:799 BRT] 00000014 com.ibm.worklight.dataaccess.datastore.DataStoreUtil         I getWorklightDataSourceProperties Read properties file. allProperties: {ibm.worklight.admin.db.jndi.name=java:comp/env/jdbc/WorklightAdminDS}
[3/12/18 18:21:46:811 BRT] 00000014 com.ibm.worklight.dataaccess.datastore.DataStoreUtil         I dereferenceProperties Handling propName=ibm.worklight.admin.db.jndi.name propValue=java:comp/env/jdbc/WorklightAdminDS
[3/12/18 18:21:46:812 BRT] 00000014 com.ibm.worklight.dataaccess.datastore.DataStoreUtil         I dereferenceProperties Handling propName=ibm.worklight.admin.db.openjpa.Log propValue=
[3/12/18 18:21:46:812 BRT] 00000014 com.ibm.worklight.dataaccess.datastore.DataStoreUtil         I dereferenceProperties Handling propName=ibm.worklight.admin.db.type propValue=
[3/12/18 18:21:47:122 BRT] 00000014 com.ibm.ws.recoverylog.spi.RecoveryDirectorImpl              I CWRLS0010I: Performing recovery processing for local WebSphere server (Cell\Node\Server).
[3/12/18 18:21:47:208 BRT] 00000014 com.ibm.ws.recoverylog.spi.RecoveryDirectorImpl              I CWRLS0012I: All persistent services have been directed to perform recovery processing for this WebSphere server (Cell\Node\Server).
[3/12/18 18:21:47:214 BRT] 0000003e com.ibm.tx.jta.impl.RecoveryManager                          I WTRN0135I: Transaction service recovering no transactions.
[3/12/18 18:21:48:553 BRT] 0000002a com.worklight.server.database.api.WorklightDataSource        I FWLSE0187I: jdbc/WorklightReportsDS data source is disabled. No connection opened.  [project SampleFace]
[3/12/18 18:21:48:571 BRT] 0000002a ringframework.orm.jpa.LocalContainerEntityManagerFactoryBean I Building JPA container EntityManagerFactory for persistence unit 'WorklightReportsPU'
[3/12/18 18:21:48:586 BRT] 0000002a SystemErr                                                    R 2  WorklightReportsPU  WARN   [Thread-16] openjpa.Runtime - An error occurred while registering a ClassTransformer with PersistenceUnitInfo: name 'WorklightReportsPU', root URL [file:/Users/pimenta/Documents/workspace/WorklightServerConfig/shared/resources/worklight-jee-library-6.2.0.jar]. The error has been consumed. To see it, set your openjpa.Runtime log level to TRACE. Load-time class transformation will not be available.
[3/12/18 18:21:48:700 BRT] 0000002a com.worklight.report.impl.GadgetReportsServiceImpl           I FWLSE0186I: Application raw reports are disabled. [project SampleFace]
[3/12/18 18:21:48:922 BRT] 0000004f org.apache.wink.server.internal.servlet.RestServlet          I The system is using the com.ibm.elasticsearch.servlet.ElasticApplication JAX-RS application class that is named in the javax.ws.rs.Application init-param initialization parameter.
[3/12/18 18:21:49:249 BRT] 00000014 com.ibm.ws.rsadapter.spi.InternalGenericDataStoreHelper      I DSRA8203I: Database product name : Apache Derby
[3/12/18 18:21:49:249 BRT] 00000014 com.ibm.ws.rsadapter.spi.InternalGenericDataStoreHelper      I DSRA8204I: Database product version : 10.8.2.2 - (1181258)
[3/12/18 18:21:49:249 BRT] 00000014 com.ibm.ws.rsadapter.spi.InternalGenericDataStoreHelper      I DSRA8205I: JDBC driver name  : Apache Derby Embedded JDBC Driver
[3/12/18 18:21:49:249 BRT] 00000014 com.ibm.ws.rsadapter.spi.InternalGenericDataStoreHelper      I DSRA8206I: JDBC driver version  : 10.8.2.2 - (1181258)
[3/12/18 18:21:49:362 BRT] 00000014 com.ibm.worklight.dataaccess.datastore.DataStore             I constructor Creating EntityManagerFactory for persistence-unit=WorklightManagementPU-derby with properties: {openjpa.ConnectionFactory=com.ibm.ws.rsadapter.jdbc.WSJdbcDataSource@60e77442, openjpa.jdbc.SynchronizeMappings=buildSchema(SchemaAction='add')}
[3/12/18 18:21:49:502 BRT] 0000002a com.worklight.common.util.jmx.LibertyJMXRegister             I FWLSE2008I: MBean registration succeeded for: com.worklight.common.server.jmx.api:type=ProjectManagement,qualifier=SampleFace [project SampleFace]
[3/12/18 18:21:49:536 BRT] 0000002a SystemOut                                                    O Cleanup dir is /Users/pimenta/Documents/workspace/WorklightServerConfig/servers/worklight/workarea/org.eclipse.osgi/bundles/75/data/temp/default_node/SMF_WebContainer/SampleFace/SampleFace/widget-resources
[3/12/18 18:21:49:556 BRT] 0000002a com.worklight.common.util.jmx.LibertyRuntimeMBeanHandler     I Establishing REST connection to service:jmx:rest://localhost:10443/IBMJMXConnectorREST
[3/12/18 18:21:49:562 BRT] 0000004f apache.wink.server.internal.application.ApplicationProcessor I The following JAX-RS application has been processed: com.ibm.elasticsearch.servlet.ElasticApplication
[3/12/18 18:21:49:568 BRT] 0000004f org.apache.wink.server.internal.log.Resources                I The server has registered the JAX-RS resource class com.ibm.elasticsearch.rest.Activities with @Path(/activities/{tenant}).
[3/12/18 18:21:49:568 BRT] 0000004f org.apache.wink.server.internal.log.Resources                I The server has registered the JAX-RS resource class com.ibm.elasticsearch.rest.Dashboard with @Path(/dashboard/{tenant}).
[3/12/18 18:21:49:568 BRT] 0000004f org.apache.wink.server.internal.log.Resources                I The server has registered the JAX-RS resource class com.ibm.elasticsearch.rest.Adapters with @Path(/adapters/{tenant}).
[3/12/18 18:21:49:569 BRT] 0000004f org.apache.wink.server.internal.log.Resources                I The server has registered the JAX-RS resource class com.ibm.elasticsearch.rest.Servers with @Path(/servers/{tenant}).
[3/12/18 18:21:49:569 BRT] 0000004f org.apache.wink.server.internal.log.Resources                I The server has registered the JAX-RS resource class com.ibm.elasticsearch.rest.Devices with @Path(/devices/{tenant}).
[3/12/18 18:21:49:569 BRT] 0000004f org.apache.wink.server.internal.log.Resources                I The server has registered the JAX-RS resource class com.ibm.elasticsearch.rest.Search with @Path(/search/{tenant}).
[3/12/18 18:21:49:569 BRT] 0000004f org.apache.wink.server.internal.log.Resources                I The server has registered the JAX-RS resource class com.ibm.elasticsearch.rest.Common with @Path(/common/{tenant}).
[3/12/18 18:21:49:569 BRT] 0000004f org.apache.wink.server.internal.log.Resources                I The server has registered the JAX-RS resource class com.ibm.elasticsearch.util.Export with @Path(/export/{tenant}).
[3/12/18 18:21:49:570 BRT] 0000004f org.apache.wink.server.internal.log.Resources                I The server has registered the JAX-RS resource class com.ibm.elasticsearch.config.MigrateData with @Path(/migrate).
[3/12/18 18:21:49:570 BRT] 0000004f org.apache.wink.server.internal.log.Resources                I The server has registered the JAX-RS resource class com.ibm.elasticsearch.config.DeleteData with @Path(/delete).
[3/12/18 18:21:49:570 BRT] 0000004f org.apache.wink.server.internal.log.Resources                I The server has registered the JAX-RS resource class com.ibm.elasticsearch.config.Config with @Path(/config).
[3/12/18 18:21:49:570 BRT] 0000004f org.apache.wink.server.internal.log.Resources                I The server has registered the JAX-RS resource class com.ibm.elasticsearch.config.LoadTesting with @Path(/load).
[3/12/18 18:21:49:570 BRT] 0000004f org.apache.wink.server.internal.log.Resources                I The server has registered the JAX-RS resource class com.ibm.elasticsearch.servlet.DataReceiver with @Path(/).
[3/12/18 18:21:49:575 BRT] 0000004f org.apache.wink.server.internal.log.Providers                I The class org.codehaus.jackson.jaxrs.JacksonJaxbJsonProvider was registered as a JAX-RS MessageBodyReader provider for all Java types and application/json media types.
[3/12/18 18:21:49:575 BRT] 0000004f org.apache.wink.server.internal.log.Providers                I The class org.codehaus.jackson.jaxrs.JacksonJaxbJsonProvider was registered as a JAX-RS MessageBodyReader provider for all Java types and text/json media types.
[3/12/18 18:21:49:576 BRT] 0000004f org.apache.wink.server.internal.log.Providers                I The class org.codehaus.jackson.jaxrs.JacksonJaxbJsonProvider was registered as a JAX-RS MessageBodyWriter provider for all Java types and application/json media types.
[3/12/18 18:21:49:576 BRT] 0000004f org.apache.wink.server.internal.log.Providers                I The class org.codehaus.jackson.jaxrs.JacksonJaxbJsonProvider was registered as a JAX-RS MessageBodyWriter provider for all Java types and text/json media types.
[3/12/18 18:21:50:333 BRT] 0000004f com.ibm.ws.webcontainer.servlet                              I SRVE0242I: [_analytics] [/_analytics] [data]: Initialization successful.
[3/12/18 18:21:50:597 BRT] 00000014 com.worklight.common.util.jmx.LibertyJMXRegister             I FWLSE2008I: MBean registration succeeded for: com.worklight.common.server.jmx.api:type=WorklightAdmin,qualifier=worklightadmin
[3/12/18 18:21:50:607 BRT] 00000014 SystemErr                                                    R 91  WorklightManagementPU-derby  INFO   [Scheduled Executor-thread-1] openjpa.Runtime - Starting OpenJPA 1.2.2
[3/12/18 18:21:50:945 BRT] 00000014 SystemErr                                                    R 429  WorklightManagementPU-derby  INFO   [Scheduled Executor-thread-1] openjpa.jdbc.JDBC - Using dictionary class "org.apache.openjpa.jdbc.sql.DerbyDictionary" (Apache Derby 10.8.2.2 - (1181258) ,Apache Derby Embedded JDBC Driver 10.8.2.2 - (1181258)).
[3/12/18 18:21:53:809 BRT] 00000014 SystemErr                                                    R 3293  WorklightManagementPU-derby  INFO   [Scheduled Executor-thread-1] openjpa.Runtime - Though you are using optimistic transactions, OpenJPA is now beginning a datastore transaction because you have requested a lock on some data.
[3/12/18 18:21:53:906 BRT] 00000014 SystemErr                                                    R 3390  WorklightManagementPU-derby  INFO   [Scheduled Executor-thread-1] openjpa.Runtime - Though you are using optimistic transactions, OpenJPA is now beginning a datastore transaction because you have requested a lock on some data.
[3/12/18 18:21:53:916 BRT] 00000014 org.springframework.web.context.ContextLoader                I Root WebApplicationContext: initialization completed in 7682 ms
[3/12/18 18:21:53:920 BRT] 00000014 ht.admin.listeners.WorklightManagementServletContextListener I Worklight admin servlet context listener initialized
[3/12/18 18:21:53:927 BRT] 00000014 ht.admin.listeners.WorklightManagementServletContextListener I FWLSE3199I: ========= Worklight Admin Services version 6.2.0.01-20170920-0712 started.
[3/12/18 18:21:54:049 BRT] 00000014 org.apache.wink.server.internal.servlet.RestServlet          I The system is using the com.ibm.worklight.admin.services.ManagementServiceServlet JAX-RS application class that is named in the javax.ws.rs.Application init-param initialization parameter.
[3/12/18 18:21:54:136 BRT] 00000014 apache.wink.server.internal.application.ApplicationProcessor I The following JAX-RS application has been processed: com.ibm.worklight.admin.services.ManagementServiceServlet
[3/12/18 18:21:54:139 BRT] 00000014 org.apache.wink.server.internal.log.Resources                I The server has registered the JAX-RS resource class com.ibm.worklight.admin.services.ManagementService with @Path(/).
[3/12/18 18:21:54:142 BRT] 00000014 org.apache.wink.server.internal.log.Providers                I The class com.ibm.worklight.admin.util.ByteArrayWorkaroundProvider was registered as a JAX-RS MessageBodyReader provider for com.ibm.worklight.admin.util.ByteArrayWorkaround Java types and */* media types.
[3/12/18 18:21:54:143 BRT] 00000014 org.apache.wink.server.internal.log.Providers                I The class com.ibm.worklight.admin.util.ByteArrayWorkaroundProvider was registered as a JAX-RS MessageBodyWriter provider for com.ibm.worklight.admin.util.ByteArrayWorkaround Java types and */* media types.
[3/12/18 18:21:54:307 BRT] 00000014 com.ibm.ws.webcontainer.servlet                              I SRVE0242I: [WorklightServices] [/worklightadmin] [ManagementServlet]: Initialization successful.
[3/12/18 18:21:54:309 BRT] 00000014 com.ibm.ws.app.manager.internal.statemachine.StartAction     A CWWKZ0001I: Application WorklightServices started in 12.006 seconds.
[3/12/18 18:21:54:328 BRT] 00000014 com.ibm.ws.app.manager.internal.statemachine.StartAction     I CWWKZ0018I: Starting application WorklightConsole.
[3/12/18 18:21:54:390 BRT] 00000071 com.ibm.worklight.admin.services.ManagementService           I ping service invoked to check if the HTTP(s) port is available
[3/12/18 18:21:54:456 BRT] 00000073 SystemErr                                                    R 4331  WorklightManagementPU-derby  INFO   [LargeThreadPool-thread-58] openjpa.Runtime - Starting OpenJPA 1.2.2
[3/12/18 18:21:54:459 BRT] 00000073 SystemErr                                                    R 4334  WorklightManagementPU-derby  INFO   [LargeThreadPool-thread-58] openjpa.jdbc.JDBC - Using dictionary class "org.apache.openjpa.jdbc.sql.DerbyDictionary" (Apache Derby 10.8.2.2 - (1181258) ,Apache Derby Embedded JDBC Driver 10.8.2.2 - (1181258)).
[3/12/18 18:21:54:911 BRT] 00000014 m.ibm.ws.container.service.app.deploy.ManifestClassPathUtils W SRVE9967W: The manifest class path jaxb-api.jar can not be found in jar file wsjar:file:/Users/pimenta/Documents/workspace/WorklightServerConfig/servers/worklight/apps/worklight-management-ui.war!/WEB-INF/lib/jaxb-impl-2.1.12.osgi.jar or its parent.
[3/12/18 18:21:54:911 BRT] 00000014 m.ibm.ws.container.service.app.deploy.ManifestClassPathUtils W SRVE9967W: The manifest class path activation.jar can not be found in jar file wsjar:file:/Users/pimenta/Documents/workspace/WorklightServerConfig/servers/worklight/apps/worklight-management-ui.war!/WEB-INF/lib/jaxb-impl-2.1.12.osgi.jar or its parent.
[3/12/18 18:21:54:912 BRT] 00000014 m.ibm.ws.container.service.app.deploy.ManifestClassPathUtils W SRVE9967W: The manifest class path jsr173_1.0_api.jar can not be found in jar file wsjar:file:/Users/pimenta/Documents/workspace/WorklightServerConfig/servers/worklight/apps/worklight-management-ui.war!/WEB-INF/lib/jaxb-impl-2.1.12.osgi.jar or its parent.
[3/12/18 18:21:54:912 BRT] 00000014 m.ibm.ws.container.service.app.deploy.ManifestClassPathUtils W SRVE9967W: The manifest class path jaxb1-impl.jar can not be found in jar file wsjar:file:/Users/pimenta/Documents/workspace/WorklightServerConfig/servers/worklight/apps/worklight-management-ui.war!/WEB-INF/lib/jaxb-impl-2.1.12.osgi.jar or its parent.
[3/12/18 18:21:55:091 BRT] 00000014 m.ibm.ws.container.service.app.deploy.ManifestClassPathUtils W SRVE9967W: The manifest class path jaxb-api.jar can not be found in jar file wsjar:file:/Users/pimenta/Documents/workspace/WorklightServerConfig/servers/worklight/apps/worklight-management-ui.war!/WEB-INF/lib/jaxb-impl-2.1.12.osgi.jar or its parent.
[3/12/18 18:21:55:091 BRT] 00000014 m.ibm.ws.container.service.app.deploy.ManifestClassPathUtils W SRVE9967W: The manifest class path activation.jar can not be found in jar file wsjar:file:/Users/pimenta/Documents/workspace/WorklightServerConfig/servers/worklight/apps/worklight-management-ui.war!/WEB-INF/lib/jaxb-impl-2.1.12.osgi.jar or its parent.
[3/12/18 18:21:55:092 BRT] 00000014 m.ibm.ws.container.service.app.deploy.ManifestClassPathUtils W SRVE9967W: The manifest class path jsr173_1.0_api.jar can not be found in jar file wsjar:file:/Users/pimenta/Documents/workspace/WorklightServerConfig/servers/worklight/apps/worklight-management-ui.war!/WEB-INF/lib/jaxb-impl-2.1.12.osgi.jar or its parent.
[3/12/18 18:21:55:092 BRT] 00000014 m.ibm.ws.container.service.app.deploy.ManifestClassPathUtils W SRVE9967W: The manifest class path jaxb1-impl.jar can not be found in jar file wsjar:file:/Users/pimenta/Documents/workspace/WorklightServerConfig/servers/worklight/apps/worklight-management-ui.war!/WEB-INF/lib/jaxb-impl-2.1.12.osgi.jar or its parent.
[3/12/18 18:21:55:380 BRT] 00000073 SystemErr                                                    R 4864  WorklightManagementPU-derby  INFO   [LargeThreadPool-thread-58] openjpa.Runtime - Though you are using optimistic transactions, OpenJPA is now beginning a datastore transaction because you have requested a lock on some data.
[3/12/18 18:21:55:633 BRT] 00000073 SystemErr                                                    R 5117  WorklightManagementPU-derby  INFO   [LargeThreadPool-thread-58] openjpa.Runtime - Though you are using optimistic transactions, OpenJPA is now beginning a datastore transaction because you have requested a lock on some data.
[3/12/18 18:21:56:215 BRT] 00000078 SystemErr                                                    R 5699  WorklightManagementPU-derby  INFO   [LargeThreadPool-thread-62] openjpa.Runtime - Though you are using optimistic transactions, OpenJPA is now beginning a datastore transaction because you have requested a lock on some data.
[3/12/18 18:21:56:240 BRT] 00000078 com.ibm.worklight.admin.jmx.ManagementMXBeanImpl             I Result: SampleFace: worklight///192.168.0.7: Runtime was synchronized successfully
[3/12/18 18:21:56:241 BRT] 00000078 com.ibm.worklight.admin.jmx.ManagementMXBeanImpl             I SampleFace: worklight///192.168.0.7: 2018-03-12T21:21:56.197Z: Transaction handler reset
[3/12/18 18:21:56:246 BRT] 0000002a com.worklight.core.init.WorklightServletInitializer          I FWLSE0247I: The SampleFace project initialization times were: start-firstReadyCheck=19, firstReadyCheck=4,866, ready for sync=0, sync=1,824 [project SampleFace]
[3/12/18 18:21:56:250 BRT] 0000002a com.worklight.server.bundle.project.JeeProjectActivator      I FWLST0002I: ========= Project /SampleFace started. The project WAR file version is 6.2.0.01.20170920-0712,running on server version 6.2.0.01.20170920-0712. [project SampleFace]
[3/12/18 18:21:56:251 BRT] 0000002a SystemOut                                                    O ================ End init of SampleFace  20706
[3/12/18 18:21:56:293 BRT] 00000014 com.ibm.ws.webcontainer.osgi.webapp.WebGroup                 I SRVE0169I: Loading Web Module: Worklight Console.
[3/12/18 18:21:56:293 BRT] 00000014 com.ibm.ws.webcontainer                                      I SRVE0250I: Web Module Worklight Console has been bound to default_host.
[3/12/18 18:21:56:294 BRT] 00000014 com.ibm.ws.http.internal.VirtualHostImpl                     A CWWKT0016I: Web application available (default_host): http://192.168.0.7:10080/worklightconsole/
[3/12/18 18:21:56:382 BRT] 00000014 com.ibm.ws.session.WASSessionCore                            I SESN0176I: A new session context will be created for application key default_host/worklightconsole
[3/12/18 18:21:56:382 BRT] 00000014 com.ibm.ws.util                                              I SESN0172I: The session manager is using the Java default SecureRandom implementation for session ID generation.
[3/12/18 18:21:56:437 BRT] 00000014 com.ibm.ws.webcontainer.servlet                              I SRVE0242I: [WorklightConsole] [/worklightconsole] [servicesServlet]: Initialization successful.
[3/12/18 18:21:56:441 BRT] 00000014 com.ibm.ws.app.manager.internal.statemachine.StartAction     A CWWKZ0001I: Application WorklightConsole started in 2.112 seconds.
[3/12/18 18:21:56:484 BRT] 00000018 com.ibm.ws.kernel.feature.internal.FeatureManager            I CWWKF0008I: Feature update completed in 32.628 seconds.
[3/12/18 18:21:56:485 BRT] 00000018 com.ibm.ws.kernel.feature.internal.FeatureManager            A CWWKF0011I: The server worklight is ready to run a smarter planet.
[3/12/18 18:21:57:513 BRT] 00000084 com.ibm.ws.webcontainer.servlet                              I SRVE0242I: [SampleFace] [/SampleFace] [PreviewServlet]: Initialization successful.
[3/12/18 18:22:36:361 BRT] 00000014 com.ibm.ws.config.internal.xml.XMLBundleProcessor            A CWWKG0016I: Starting server configuration update.
[3/12/18 18:22:36:389 BRT] 00000014 com.ibm.ws.config.internal.xml.XMLBundleProcessor            A CWWKG0018I: The server configuration was not updated. No functional changes were detected.
[3/12/18 18:22:37:101 BRT] 00000014 com.ibm.ws.config.internal.xml.XMLBundleProcessor            A CWWKG0016I: Starting server configuration update.
[3/12/18 18:22:37:152 BRT] 000000c6 com.ibm.ws.config.internal.xml.XMLBundleProcessor            A CWWKG0017I: The server configuration was successfully updated in 0.050 seconds.
[3/12/18 18:22:37:161 BRT] 00000014 com.ibm.ws.http.internal.VirtualHostImpl                     A CWWKT0017I: Web application removed (default_host): http://192.168.0.7:10080/SampleFace/
[3/12/18 18:22:37:164 BRT] 00000014 com.ibm.ws.webcontainer.servlet                              I SRVE0253I: [SampleFace] [/SampleFace] [AuthorizationServer]: Destroy successful.
[3/12/18 18:22:37:166 BRT] 00000014 com.ibm.ws.webcontainer.servlet                              I SRVE0253I: [SampleFace] [/SampleFace] [PreviewServlet]: Destroy successful.
[3/12/18 18:22:37:171 BRT] 00000014 ingframework.context.support.FileSystemXmlApplicationContext I Closing org.springframework.context.support.FileSystemXmlApplicationContext@7cef69f3: display name [org.springframework.context.support.FileSystemXmlApplicationContext@7cef69f3]; startup date [Mon Mar 12 18:21:35 BRT 2018]; root of context hierarchy
[3/12/18 18:22:37:172 BRT] 00000014 ngframework.beans.factory.support.DefaultListableBeanFactory I Destroying singletons in org.springframework.beans.factory.support.DefaultListableBeanFactory@39719129: defining beans [txManager,mailingService,WorkLightNotice,rssBrokerUtils,audit,GenericDAO,clusterSynchronizationDAO,taskCoordinator,taskManager,worklightAuthenticationService,authenticationDAO,ssoDAO,ssoExpiredLoginContextsCleanupTask,keyStoreManager,analyticsHttpService,invocationContextManager,dataAccessService,shellResourcesService,analyticsService,coreServiceManager,adapterManager,nodeProcessManager,adapterManagementService,factProcessingTask,PlatformUsageProcessingTask,notificationCleanupTask,WSSecurityService,gadgetDAO,deviceDAO,licenseTermsDAO,platformUsageService,configProfileService,gfwProps,gadgetEnvironmentManager,gadgetResourcesRoot,gadgetCustomizedResourcesRoot,applicationMetadataService,applicationManagementService,notificationsSimulationManager,pushServiceListener,PushService,worklight-direct,rssBrokerDS,brokerSessionFactory,reportService,reportsDS,reportsBrokerDS,reportsSessionFactory,gadgetReportsDAO,notificationReportsDao,gadgetReportsService,analyticsFactService,nodeInfo,registrationService,runtimeTransactionHandler,projectSyncService]; root of factory hierarchy
[3/12/18 18:22:37:175 BRT] 00000014 ringframework.orm.jpa.LocalContainerEntityManagerFactoryBean I Closing JPA EntityManagerFactory for persistence unit 'WorklightReportsPU'
[3/12/18 18:22:37:183 BRT] 00000014 ringframework.orm.jpa.LocalContainerEntityManagerFactoryBean I Closing JPA EntityManagerFactory for persistence unit 'WorklightPU'
[3/12/18 18:22:37:202 BRT] 00000014 hsqldb.db.HSQLDB621C171D58.ENGINE                            I Database closed
[3/12/18 18:22:37:308 BRT] 00000014 com.worklight.server.bundle.project.JeeProjectActivator      I FWLST0004I: ========= Project /SampleFace stopped
[3/12/18 18:22:37:325 BRT] 00000014 com.ibm.ws.app.manager.internal.statemachine.StopAction      A CWWKZ0009I: The application SampleFace has stopped successfully.
