********************************************************************************
product = WebSphere Application Server 8.5.5.1 (wlp-1.0.4.cl50120131011-1639)
wlp.install.dir = /Users/pimenta/Desktop/eclipse/plugins/com.worklight.studio.plugin_6.2.0.01-20170920-0712/liberty/wlp/
server.config.dir = /Users/pimenta/Documents/workspace/WorklightServerConfig/servers/worklight/
java.home = /Library/Java/JavaVirtualMachines/jdk1.7.0_80.jdk/Contents/Home/jre
java.version = 1.7.0_80
java.runtime = Java(TM) SE Runtime Environment (1.7.0_80-b15)
os = Mac OS X (10.13.3; x86_64) (en_US)
********************************************************************************
[2/26/18 18:24:21:521 BRT] 00000001 com.ibm.ws.logging.internal.TraceSpecification               I TRAS0018I: The trace state has been changed. The new trace state is *=info.
[2/26/18 18:24:21:552 BRT] 00000001 com.ibm.ws.kernel.launch.internal.FrameworkManager           A CWWKE0001I: The server worklight has been launched.
[2/26/18 18:24:24:588 BRT] 00000001 com.ibm.ws.kernel.launch.internal.FrameworkManager           I CWWKE0002I: The kernel started after 3.535 seconds
[2/26/18 18:24:24:687 BRT] 00000017 com.ibm.ws.kernel.feature.internal.FeatureManager            I CWWKF0007I: Feature update started.
[2/26/18 18:24:26:598 BRT] 0000000f com.ibm.ws.security.internal.SecurityReadyServiceImpl        I CWWKS0007I: The security service is starting...
[2/26/18 18:24:28:156 BRT] 00000011 com.ibm.ws.ssl.config.WSKeyStore                             I CWPKI0802I: Creating the SSL certificate. This may take a few seconds.
[2/26/18 18:24:28:372 BRT] 0000001c com.ibm.ws.tcpchannel.internal.TCPChannel                    I CWWKO0219I: TCP Channel defaultHttpEndpoint has been started and is now listening for requests on host *  (IPv6) port 10080.
[2/26/18 18:24:29:157 BRT] 00000021 com.ibm.ws.security.token.ltpa.internal.LTPAKeyInfoManager   I CWWKS4103I: Creating the LTPA keys. This may take a few seconds.
[2/26/18 18:24:30:341 BRT] 00000011 com.ibm.ws.ssl.config.WSKeyStore                             A CWPKI0803A: SSL certificate created in 2.187 seconds. SSL key file: /Users/pimenta/Documents/workspace/WorklightServerConfig/servers/worklight/resources/security/key.jks
[2/26/18 18:24:30:436 BRT] 00000025 com.ibm.ws.tcpchannel.internal.TCPChannel                    I CWWKO0219I: TCP Channel defaultHttpEndpoint-ssl has been started and is now listening for requests on host *  (IPv6) port 10443.
[2/26/18 18:24:30:786 BRT] 0000000f com.ibm.ws.app.manager.internal.monitor.DropinMonitor        A CWWKZ0058I: Monitoring dropins for applications. 
[2/26/18 18:24:30:914 BRT] 00000013 com.ibm.ws.app.manager.internal.statemachine.StartAction     I CWWKZ0018I: Starting application _MobileBrowserSimulator.
[2/26/18 18:24:31:543 BRT] 00000023 com.ibm.ws.webcontainer.osgi.webapp.WebGroup                 I SRVE0169I: Loading Web Module: IBMJMXConnectorREST.
[2/26/18 18:24:31:544 BRT] 00000023 com.ibm.ws.webcontainer                                      I SRVE0250I: Web Module IBMJMXConnectorREST has been bound to default_host.
[2/26/18 18:24:31:551 BRT] 00000023 com.ibm.ws.http.internal.VirtualHostImpl                     A CWWKT0016I: Web application available (default_host): http://192.168.0.3:10080/IBMJMXConnectorREST/
[2/26/18 18:24:31:570 BRT] 00000013 com.ibm.ws.webcontainer.osgi.webapp.WebGroup                 I SRVE0169I: Loading Web Module: _MobileBrowserSimulator.
[2/26/18 18:24:31:570 BRT] 00000013 com.ibm.ws.webcontainer                                      I SRVE0250I: Web Module _MobileBrowserSimulator has been bound to default_host.
[2/26/18 18:24:31:571 BRT] 00000013 com.ibm.ws.http.internal.VirtualHostImpl                     A CWWKT0016I: Web application available (default_host): http://192.168.0.3:10080/_MobileBrowserSimulator/
[2/26/18 18:24:31:752 BRT] 00000013 com.ibm.ws.session.WASSessionCore                            I SESN8501I: The session manager did not find a persistent storage location; HttpSession objects will be stored in the local application server's memory.
[2/26/18 18:24:31:813 BRT] 00000013 com.ibm.ws.session.WASSessionCore                            I SESN0176I: A new session context will be created for application key default_host/_MobileBrowserSimulator
[2/26/18 18:24:31:888 BRT] 00000023 com.ibm.ws.session.WASSessionCore                            I SESN0176I: A new session context will be created for application key default_host/IBMJMXConnectorREST
[2/26/18 18:24:31:917 BRT] 00000013 com.ibm.ws.util                                              I SESN0172I: The session manager is using the Java default SecureRandom implementation for session ID generation.
[2/26/18 18:24:31:946 BRT] 00000023 com.ibm.ws.util                                              I SESN0172I: The session manager is using the Java default SecureRandom implementation for session ID generation.
[2/26/18 18:24:32:147 BRT] 00000013 com.ibm.ws.app.manager.internal.statemachine.StartAction     A CWWKZ0001I: Application _MobileBrowserSimulator started in 1.233 seconds.
[2/26/18 18:24:32:182 BRT] 00000013 com.ibm.ws.app.manager.internal.statemachine.StartAction     I CWWKZ0018I: Starting application WorklightServices.
[2/26/18 18:24:33:586 BRT] 00000023 apache.wink.server.internal.application.ApplicationProcessor I The following JAX-RS application has been processed: com.ibm.ws.jaxrs.webcontainer.JAXRSDefaultApplicationSubclassProxy
[2/26/18 18:24:33:588 BRT] 00000023 org.apache.wink.server.internal.log.Resources                I The server has registered the JAX-RS resource class com.ibm.ws.jmx.connector.server.rest.resources.FileTransferRouterResource with @Path(/fileTransfer/router/{filePath}).
[2/26/18 18:24:33:588 BRT] 00000023 org.apache.wink.server.internal.log.Resources                I The server has registered the JAX-RS resource class com.ibm.ws.jmx.connector.server.rest.resources.AttributeResource with @Path(/mbeans/{objectName}/attributes).
[2/26/18 18:24:33:588 BRT] 00000023 org.apache.wink.server.internal.log.Resources                I The server has registered the JAX-RS resource class com.ibm.ws.jmx.connector.server.rest.resources.FileTransferResource with @Path(/fileTransfer/{filePath}).
[2/26/18 18:24:33:588 BRT] 00000023 org.apache.wink.server.internal.log.Resources                I The server has registered the JAX-RS resource class com.ibm.ws.jmx.connector.server.rest.resources.NotificationResource with @Path(/notifications).
[2/26/18 18:24:33:589 BRT] 00000023 org.apache.wink.server.internal.log.Resources                I The server has registered the JAX-RS resource class com.ibm.ws.jmx.connector.server.rest.resources.MBeanRouterResource with @Path(/router).
[2/26/18 18:24:33:589 BRT] 00000023 org.apache.wink.server.internal.log.Resources                I The server has registered the JAX-RS resource class com.ibm.ws.jmx.connector.server.rest.resources.MBeanResource with @Path(/mbeans).
[2/26/18 18:24:33:589 BRT] 00000023 org.apache.wink.server.internal.log.Resources                I The server has registered the JAX-RS resource class com.ibm.ws.jmx.connector.server.rest.resources.JMXResource with @Path().
[2/26/18 18:24:33:593 BRT] 00000023 org.apache.wink.server.internal.log.Providers                I The class com.ibm.ws.jmx.connector.server.rest.providers.JSONErrorOutputStreamProvider was registered as a JAX-RS MessageBodyWriter provider for com.ibm.ws.jmx.connector.server.rest.providers.JSONErrorOutputStream Java types and application/json media types.
[2/26/18 18:24:33:971 BRT] 00000021 com.ibm.ws.security.token.ltpa.internal.LTPAKeyInfoManager   A CWWKS4104A: LTPA keys created in 4.816 seconds. LTPA key file: /Users/pimenta/Documents/workspace/WorklightServerConfig/servers/worklight/resources/security/ltpa.keys
[2/26/18 18:24:33:984 BRT] 00000021 com.ibm.ws.security.internal.SecurityReadyServiceImpl        I CWWKS0008I: The security service is ready.
[2/26/18 18:24:33:987 BRT] 00000021 com.ibm.ws.security.token.ltpa.internal.LTPAKeyCreator       I CWWKS4105I: LTPA configuration is ready after 4.838 seconds.
[2/26/18 18:24:34:785 BRT] 00000023 com.ibm.ws.webcontainer.servlet                              I SRVE0242I: [com.ibm.ws.jmx.connector.server.rest] [/IBMJMXConnectorREST] [MBeanServerConnector]: Initialization successful.
[2/26/18 18:24:40:527 BRT] 00000013 com.ibm.ws.webcontainer.osgi.webapp.WebGroup                 I SRVE0169I: Loading Web Module: Worklight Administration Services.
[2/26/18 18:24:40:528 BRT] 00000013 com.ibm.ws.webcontainer                                      I SRVE0250I: Web Module Worklight Administration Services has been bound to default_host.
[2/26/18 18:24:40:529 BRT] 00000013 com.ibm.ws.http.internal.VirtualHostImpl                     A CWWKT0016I: Web application available (default_host): http://192.168.0.3:10080/worklightadmin/
[2/26/18 18:24:40:734 BRT] 00000013 com.ibm.ws.injectionengine.AbstractInjectionEngine           W CWNEN0070W: The javax.ws.rs.CookieParam annotation class will not be recognized because it was loaded from the null location rather than from a product class loader.
[2/26/18 18:24:40:736 BRT] 00000013 com.ibm.ws.injectionengine.AbstractInjectionEngine           W CWNEN0070W: The javax.ws.rs.core.Context annotation class will not be recognized because it was loaded from the null location rather than from a product class loader.
[2/26/18 18:24:40:736 BRT] 00000013 com.ibm.ws.injectionengine.AbstractInjectionEngine           W CWNEN0070W: The javax.ws.rs.QueryParam annotation class will not be recognized because it was loaded from the null location rather than from a product class loader.
[2/26/18 18:24:40:737 BRT] 00000013 com.ibm.ws.injectionengine.AbstractInjectionEngine           W CWNEN0070W: The javax.ws.rs.PathParam annotation class will not be recognized because it was loaded from the null location rather than from a product class loader.
[2/26/18 18:24:40:738 BRT] 00000013 com.ibm.ws.injectionengine.AbstractInjectionEngine           W CWNEN0070W: The javax.ws.rs.HeaderParam annotation class will not be recognized because it was loaded from the null location rather than from a product class loader.
[2/26/18 18:24:40:740 BRT] 00000013 com.ibm.ws.injectionengine.AbstractInjectionEngine           W CWNEN0070W: The javax.ws.rs.MatrixParam annotation class will not be recognized because it was loaded from the null location rather than from a product class loader.
[2/26/18 18:24:40:770 BRT] 00000013 com.ibm.ws.session.WASSessionCore                            I SESN0176I: A new session context will be created for application key default_host/worklightadmin
[2/26/18 18:24:40:770 BRT] 00000013 com.ibm.ws.util                                              I SESN0172I: The session manager is using the Java default SecureRandom implementation for session ID generation.
[2/26/18 18:24:41:214 BRT] 00000013 com.ibm.ws.webcontainer.webapp                               I SRVE0292I: Servlet Message - [worklight-management-service]:.Initializing Spring root WebApplicationContext
[2/26/18 18:24:41:215 BRT] 00000013 org.springframework.web.context.ContextLoader                I Root WebApplicationContext: initialization started
[2/26/18 18:24:41:261 BRT] 00000013 springframework.web.context.support.XmlWebApplicationContext I Refreshing org.springframework.web.context.support.XmlWebApplicationContext@dab75ac: display name [Root WebApplicationContext]; startup date [Mon Feb 26 18:24:41 BRT 2018]; root of context hierarchy
[2/26/18 18:24:41:330 BRT] 00000013 rg.springframework.beans.factory.xml.XmlBeanDefinitionReader I Loading XML bean definitions from ServletContext resource [/WEB-INF/spring-management-service.xml]
[2/26/18 18:24:41:409 BRT] 00000013 springframework.web.context.support.XmlWebApplicationContext I Bean factory for application context [org.springframework.web.context.support.XmlWebApplicationContext@dab75ac]: org.springframework.beans.factory.support.DefaultListableBeanFactory@7d690eec
[2/26/18 18:24:41:442 BRT] 00000013 ngframework.beans.factory.support.DefaultListableBeanFactory I Pre-instantiating singletons in org.springframework.beans.factory.support.DefaultListableBeanFactory@7d690eec: defining beans [registrationServiceFactory]; root of factory hierarchy
[2/26/18 18:24:41:605 BRT] 00000013 com.ibm.worklight.dataaccess.datastore.DataStoreUtil         I getWorklightDataSourceProperties Read properties file. allProperties: {ibm.worklight.admin.db.jndi.name=java:comp/env/jdbc/WorklightAdminDS}
[2/26/18 18:24:41:619 BRT] 00000013 com.ibm.worklight.dataaccess.datastore.DataStoreUtil         I dereferenceProperties Handling propName=ibm.worklight.admin.db.jndi.name propValue=java:comp/env/jdbc/WorklightAdminDS
[2/26/18 18:24:41:619 BRT] 00000013 com.ibm.worklight.dataaccess.datastore.DataStoreUtil         I dereferenceProperties Handling propName=ibm.worklight.admin.db.openjpa.Log propValue=
[2/26/18 18:24:41:620 BRT] 00000013 com.ibm.worklight.dataaccess.datastore.DataStoreUtil         I dereferenceProperties Handling propName=ibm.worklight.admin.db.type propValue=
[2/26/18 18:24:41:923 BRT] 00000013 com.ibm.ws.recoverylog.spi.RecoveryDirectorImpl              I CWRLS0010I: Performing recovery processing for local WebSphere server (Cell\Node\Server).
[2/26/18 18:24:41:953 BRT] 0000002d com.ibm.ws.recoverylog.spi.LogHandle                         I CWRLS0007I: No existing recovery log files found in /Users/pimenta/Documents/workspace/WorklightServerConfig/servers/worklight/tranlog//tranlog. Cold starting the recovery log.
[2/26/18 18:24:41:953 BRT] 0000002d com.ibm.ws.recoverylog.spi.LogFileHandle                     I CWRLS0006I: Creating new recovery log file /Users/pimenta/Documents/workspace/WorklightServerConfig/servers/worklight/tranlog//tranlog/log1.
[2/26/18 18:24:41:963 BRT] 0000002d com.ibm.ws.recoverylog.spi.LogFileHandle                     I CWRLS0006I: Creating new recovery log file /Users/pimenta/Documents/workspace/WorklightServerConfig/servers/worklight/tranlog//tranlog/log2.
[2/26/18 18:24:41:966 BRT] 0000002d com.ibm.ws.recoverylog.spi.LogHandle                         I CWRLS0007I: No existing recovery log files found in /Users/pimenta/Documents/workspace/WorklightServerConfig/servers/worklight/tranlog//partnerlog. Cold starting the recovery log.
[2/26/18 18:24:41:966 BRT] 0000002d com.ibm.ws.recoverylog.spi.LogFileHandle                     I CWRLS0006I: Creating new recovery log file /Users/pimenta/Documents/workspace/WorklightServerConfig/servers/worklight/tranlog//partnerlog/log1.
[2/26/18 18:24:41:967 BRT] 0000002d com.ibm.ws.recoverylog.spi.LogFileHandle                     I CWRLS0006I: Creating new recovery log file /Users/pimenta/Documents/workspace/WorklightServerConfig/servers/worklight/tranlog//partnerlog/log2.
[2/26/18 18:24:41:989 BRT] 00000013 com.ibm.ws.recoverylog.spi.RecoveryDirectorImpl              I CWRLS0012I: All persistent services have been directed to perform recovery processing for this WebSphere server (Cell\Node\Server).
[2/26/18 18:24:41:993 BRT] 0000002d com.ibm.tx.jta.impl.RecoveryManager                          I WTRN0135I: Transaction service recovering no transactions.
[2/26/18 18:24:43:720 BRT] 00000013 com.ibm.ws.rsadapter.spi.InternalGenericDataStoreHelper      I DSRA8203I: Database product name : Apache Derby
[2/26/18 18:24:43:720 BRT] 00000013 com.ibm.ws.rsadapter.spi.InternalGenericDataStoreHelper      I DSRA8204I: Database product version : 10.8.2.2 - (1181258)
[2/26/18 18:24:43:720 BRT] 00000013 com.ibm.ws.rsadapter.spi.InternalGenericDataStoreHelper      I DSRA8205I: JDBC driver name  : Apache Derby Embedded JDBC Driver
[2/26/18 18:24:43:720 BRT] 00000013 com.ibm.ws.rsadapter.spi.InternalGenericDataStoreHelper      I DSRA8206I: JDBC driver version  : 10.8.2.2 - (1181258)
[2/26/18 18:24:43:755 BRT] 00000013 com.ibm.worklight.dataaccess.datastore.DataStore             I constructor Creating EntityManagerFactory for persistence-unit=WorklightManagementPU-derby with properties: {openjpa.ConnectionFactory=com.ibm.ws.rsadapter.jdbc.WSJdbcDataSource@6d4e9faf, openjpa.jdbc.SynchronizeMappings=buildSchema(SchemaAction='add')}
[2/26/18 18:24:44:339 BRT] 00000013 com.worklight.common.util.jmx.LibertyJMXRegister             I FWLSE2008I: MBean registration succeeded for: com.worklight.common.server.jmx.api:type=WorklightAdmin,qualifier=worklightadmin
[2/26/18 18:24:44:351 BRT] 00000013 SystemErr                                                    R 97  WorklightManagementPU-derby  INFO   [Scheduled Executor-thread-1] openjpa.Runtime - Starting OpenJPA 1.2.2
[2/26/18 18:24:44:516 BRT] 00000013 SystemErr                                                    R 263  WorklightManagementPU-derby  INFO   [Scheduled Executor-thread-1] openjpa.jdbc.JDBC - Using dictionary class "org.apache.openjpa.jdbc.sql.DerbyDictionary" (Apache Derby 10.8.2.2 - (1181258) ,Apache Derby Embedded JDBC Driver 10.8.2.2 - (1181258)).
[2/26/18 18:24:46:458 BRT] 00000013 SystemErr                                                    R 2205  WorklightManagementPU-derby  INFO   [Scheduled Executor-thread-1] openjpa.Runtime - Though you are using optimistic transactions, OpenJPA is now beginning a datastore transaction because you have requested a lock on some data.
[2/26/18 18:24:46:516 BRT] 00000013 org.springframework.web.context.ContextLoader                I Root WebApplicationContext: initialization completed in 5300 ms
[2/26/18 18:24:46:519 BRT] 00000013 ht.admin.listeners.WorklightManagementServletContextListener I Worklight admin servlet context listener initialized
[2/26/18 18:24:46:527 BRT] 00000013 ht.admin.listeners.WorklightManagementServletContextListener I FWLSE3199I: ========= Worklight Admin Services version 6.2.0.01-20170920-0712 started.
[2/26/18 18:24:46:619 BRT] 00000013 org.apache.wink.server.internal.servlet.RestServlet          I The system is using the com.ibm.worklight.admin.services.ManagementServiceServlet JAX-RS application class that is named in the javax.ws.rs.Application init-param initialization parameter.
[2/26/18 18:24:46:802 BRT] 00000013 apache.wink.server.internal.application.ApplicationProcessor I The following JAX-RS application has been processed: com.ibm.worklight.admin.services.ManagementServiceServlet
[2/26/18 18:24:46:805 BRT] 00000013 org.apache.wink.server.internal.log.Resources                I The server has registered the JAX-RS resource class com.ibm.worklight.admin.services.ManagementService with @Path(/).
[2/26/18 18:24:46:808 BRT] 00000013 org.apache.wink.server.internal.log.Providers                I The class com.ibm.worklight.admin.util.ByteArrayWorkaroundProvider was registered as a JAX-RS MessageBodyReader provider for com.ibm.worklight.admin.util.ByteArrayWorkaround Java types and */* media types.
[2/26/18 18:24:46:808 BRT] 00000013 org.apache.wink.server.internal.log.Providers                I The class com.ibm.worklight.admin.util.ByteArrayWorkaroundProvider was registered as a JAX-RS MessageBodyWriter provider for com.ibm.worklight.admin.util.ByteArrayWorkaround Java types and */* media types.
[2/26/18 18:24:46:985 BRT] 00000013 com.ibm.ws.webcontainer.servlet                              I SRVE0242I: [WorklightServices] [/worklightadmin] [ManagementServlet]: Initialization successful.
[2/26/18 18:24:46:987 BRT] 00000013 com.ibm.ws.app.manager.internal.statemachine.StartAction     A CWWKZ0001I: Application WorklightServices started in 14.804 seconds.
[2/26/18 18:24:47:060 BRT] 00000013 com.ibm.ws.app.manager.internal.statemachine.StartAction     I CWWKZ0018I: Starting application _analytics.
[2/26/18 18:24:47:156 BRT] 00000031 org.apache.wink.server.internal.registry.ResourceRegistry    I The system cannot find any method in the com.ibm.worklight.admin.services.ManagementService class that supports GET. Verify that a method exists.
[2/26/18 18:24:47:170 BRT] 00000031 org.apache.wink.server.internal.RequestProcessor             I The following error occurred during the invocation of the handlers chain: WebApplicationException (405) with message 'null' while processing GET request sent to http://192.168.0.3:10080/worklightadmin/
[2/26/18 18:24:50:101 BRT] 00000013 com.ibm.ws.webcontainer.osgi.webapp.WebGroup                 I SRVE0169I: Loading Web Module: analytics.
[2/26/18 18:24:50:101 BRT] 00000013 com.ibm.ws.webcontainer                                      I SRVE0250I: Web Module analytics has been bound to default_host.
[2/26/18 18:24:50:102 BRT] 00000013 com.ibm.ws.http.internal.VirtualHostImpl                     A CWWKT0016I: Web application available (default_host): http://192.168.0.3:10080/_analytics/
[2/26/18 18:24:50:166 BRT] 00000013 com.ibm.ws.injectionengine.AbstractInjectionEngine           W CWNEN0070W: The javax.ws.rs.CookieParam annotation class will not be recognized because it was loaded from the null location rather than from a product class loader.
[2/26/18 18:24:50:167 BRT] 00000013 com.ibm.ws.injectionengine.AbstractInjectionEngine           W CWNEN0070W: The javax.ws.rs.core.Context annotation class will not be recognized because it was loaded from the null location rather than from a product class loader.
[2/26/18 18:24:50:168 BRT] 00000013 com.ibm.ws.injectionengine.AbstractInjectionEngine           W CWNEN0070W: The javax.ws.rs.QueryParam annotation class will not be recognized because it was loaded from the null location rather than from a product class loader.
[2/26/18 18:24:50:169 BRT] 00000013 com.ibm.ws.injectionengine.AbstractInjectionEngine           W CWNEN0070W: The javax.ws.rs.PathParam annotation class will not be recognized because it was loaded from the null location rather than from a product class loader.
[2/26/18 18:24:50:169 BRT] 00000013 com.ibm.ws.injectionengine.AbstractInjectionEngine           W CWNEN0070W: The javax.ws.rs.HeaderParam annotation class will not be recognized because it was loaded from the null location rather than from a product class loader.
[2/26/18 18:24:50:171 BRT] 00000013 com.ibm.ws.injectionengine.AbstractInjectionEngine           W CWNEN0070W: The javax.ws.rs.MatrixParam annotation class will not be recognized because it was loaded from the null location rather than from a product class loader.
[2/26/18 18:24:50:184 BRT] 00000013 com.ibm.ws.session.WASSessionCore                            I SESN0176I: A new session context will be created for application key default_host/_analytics
[2/26/18 18:24:50:184 BRT] 00000013 com.ibm.ws.util                                              I SESN0172I: The session manager is using the Java default SecureRandom implementation for session ID generation.
[2/26/18 18:24:50:565 BRT] 00000013 com.ibm.ws.app.manager.internal.statemachine.StartAction     A CWWKZ0001I: Application _analytics started in 3.505 seconds.
[2/26/18 18:24:50:575 BRT] 00000013 com.ibm.ws.app.manager.internal.statemachine.StartAction     I CWWKZ0018I: Starting application WorklightConsole.
[2/26/18 18:24:50:945 BRT] 00000013 m.ibm.ws.container.service.app.deploy.ManifestClassPathUtils W SRVE9967W: The manifest class path jaxb-api.jar can not be found in jar file wsjar:file:/Users/pimenta/Documents/workspace/WorklightServerConfig/servers/worklight/apps/worklight-management-ui.war!/WEB-INF/lib/jaxb-impl-2.1.12.osgi.jar or its parent.
[2/26/18 18:24:50:945 BRT] 00000013 m.ibm.ws.container.service.app.deploy.ManifestClassPathUtils W SRVE9967W: The manifest class path activation.jar can not be found in jar file wsjar:file:/Users/pimenta/Documents/workspace/WorklightServerConfig/servers/worklight/apps/worklight-management-ui.war!/WEB-INF/lib/jaxb-impl-2.1.12.osgi.jar or its parent.
[2/26/18 18:24:50:946 BRT] 00000013 m.ibm.ws.container.service.app.deploy.ManifestClassPathUtils W SRVE9967W: The manifest class path jsr173_1.0_api.jar can not be found in jar file wsjar:file:/Users/pimenta/Documents/workspace/WorklightServerConfig/servers/worklight/apps/worklight-management-ui.war!/WEB-INF/lib/jaxb-impl-2.1.12.osgi.jar or its parent.
[2/26/18 18:24:50:946 BRT] 00000013 m.ibm.ws.container.service.app.deploy.ManifestClassPathUtils W SRVE9967W: The manifest class path jaxb1-impl.jar can not be found in jar file wsjar:file:/Users/pimenta/Documents/workspace/WorklightServerConfig/servers/worklight/apps/worklight-management-ui.war!/WEB-INF/lib/jaxb-impl-2.1.12.osgi.jar or its parent.
[2/26/18 18:24:51:040 BRT] 00000013 m.ibm.ws.container.service.app.deploy.ManifestClassPathUtils W SRVE9967W: The manifest class path jaxb-api.jar can not be found in jar file wsjar:file:/Users/pimenta/Documents/workspace/WorklightServerConfig/servers/worklight/apps/worklight-management-ui.war!/WEB-INF/lib/jaxb-impl-2.1.12.osgi.jar or its parent.
[2/26/18 18:24:51:041 BRT] 00000013 m.ibm.ws.container.service.app.deploy.ManifestClassPathUtils W SRVE9967W: The manifest class path activation.jar can not be found in jar file wsjar:file:/Users/pimenta/Documents/workspace/WorklightServerConfig/servers/worklight/apps/worklight-management-ui.war!/WEB-INF/lib/jaxb-impl-2.1.12.osgi.jar or its parent.
[2/26/18 18:24:51:042 BRT] 00000013 m.ibm.ws.container.service.app.deploy.ManifestClassPathUtils W SRVE9967W: The manifest class path jsr173_1.0_api.jar can not be found in jar file wsjar:file:/Users/pimenta/Documents/workspace/WorklightServerConfig/servers/worklight/apps/worklight-management-ui.war!/WEB-INF/lib/jaxb-impl-2.1.12.osgi.jar or its parent.
[2/26/18 18:24:51:042 BRT] 00000013 m.ibm.ws.container.service.app.deploy.ManifestClassPathUtils W SRVE9967W: The manifest class path jaxb1-impl.jar can not be found in jar file wsjar:file:/Users/pimenta/Documents/workspace/WorklightServerConfig/servers/worklight/apps/worklight-management-ui.war!/WEB-INF/lib/jaxb-impl-2.1.12.osgi.jar or its parent.
[2/26/18 18:24:51:551 BRT] 00000013 com.ibm.ws.webcontainer.osgi.webapp.WebGroup                 I SRVE0169I: Loading Web Module: Worklight Console.
[2/26/18 18:24:51:551 BRT] 00000013 com.ibm.ws.webcontainer                                      I SRVE0250I: Web Module Worklight Console has been bound to default_host.
[2/26/18 18:24:51:551 BRT] 00000013 com.ibm.ws.http.internal.VirtualHostImpl                     A CWWKT0016I: Web application available (default_host): http://192.168.0.3:10080/worklightconsole/
[2/26/18 18:24:51:627 BRT] 00000013 com.ibm.ws.session.WASSessionCore                            I SESN0176I: A new session context will be created for application key default_host/worklightconsole
[2/26/18 18:24:51:627 BRT] 00000013 com.ibm.ws.util                                              I SESN0172I: The session manager is using the Java default SecureRandom implementation for session ID generation.
[2/26/18 18:24:51:680 BRT] 00000013 com.ibm.ws.webcontainer.servlet                              I SRVE0242I: [WorklightConsole] [/worklightconsole] [servicesServlet]: Initialization successful.
[2/26/18 18:24:51:702 BRT] 00000013 com.ibm.ws.app.manager.internal.statemachine.StartAction     A CWWKZ0001I: Application WorklightConsole started in 1.110 seconds.
[2/26/18 18:24:51:740 BRT] 00000017 com.ibm.ws.kernel.feature.internal.FeatureManager            I CWWKF0008I: Feature update completed in 27.156 seconds.
[2/26/18 18:24:51:744 BRT] 00000017 com.ibm.ws.kernel.feature.internal.FeatureManager            A CWWKF0011I: The server worklight is ready to run a smarter planet.
[2/26/18 18:25:06:745 BRT] 000000a0 SystemErr                                                    R 22597  WorklightManagementPU-derby  INFO   [LargeThreadPool-thread-119] openjpa.Runtime - Starting OpenJPA 1.2.2
[2/26/18 18:25:06:747 BRT] 000000a0 SystemErr                                                    R 22599  WorklightManagementPU-derby  INFO   [LargeThreadPool-thread-119] openjpa.jdbc.JDBC - Using dictionary class "org.apache.openjpa.jdbc.sql.DerbyDictionary" (Apache Derby 10.8.2.2 - (1181258) ,Apache Derby Embedded JDBC Driver 10.8.2.2 - (1181258)).
[2/26/18 18:25:07:015 BRT] 000000a0 com.worklight.common.util.jmx.LibertyRuntimeMBeanHandler     I Establishing REST connection to service:jmx:rest://localhost:10443/IBMJMXConnectorREST
[2/26/18 18:25:07:634 BRT] 000000a0 com.worklight.common.util.jmx.LibertyRuntimeMBeanHandler     I Bean '*' does not exist.
[2/26/18 18:25:07:638 BRT] 000000a0 com.ibm.worklight.admin.services.RuntimeService              I No mxbeans found
[2/26/18 18:25:07:778 BRT] 000000b2 com.worklight.common.util.jmx.LibertyRuntimeMBeanHandler     I Bean '*' does not exist.
[2/26/18 18:25:07:778 BRT] 000000b2 com.ibm.worklight.admin.services.RuntimeService              I No mxbeans found
[2/26/18 18:25:29:664 BRT] 00000013 com.ibm.ws.config.internal.xml.XMLBundleProcessor            A CWWKG0016I: Starting server configuration update.
[2/26/18 18:25:29:695 BRT] 000000b8 com.ibm.ws.config.internal.xml.XMLBundleProcessor            A CWWKG0017I: The server configuration was successfully updated in 0.040 seconds.
[2/26/18 18:25:29:701 BRT] 00000013 com.ibm.ws.http.internal.VirtualHostImpl                     A CWWKT0017I: Web application removed (default_host): http://192.168.0.3:10080/_MobileBrowserSimulator/
[2/26/18 18:25:29:709 BRT] 00000013 com.ibm.ws.app.manager.internal.statemachine.StopAction      A CWWKZ0009I: The application _MobileBrowserSimulator has stopped successfully.
[2/26/18 18:25:30:909 BRT] 00000013 com.ibm.ws.config.internal.xml.XMLBundleProcessor            A CWWKG0016I: Starting server configuration update.
[2/26/18 18:25:30:926 BRT] 000000bb com.ibm.ws.config.internal.xml.XMLBundleProcessor            A CWWKG0017I: The server configuration was successfully updated in 0.016 seconds.
[2/26/18 18:25:30:930 BRT] 00000013 com.ibm.ws.app.manager.internal.statemachine.StartAction     I CWWKZ0018I: Starting application _MobileBrowserSimulator.
[2/26/18 18:25:30:946 BRT] 00000013 com.ibm.ws.webcontainer.osgi.webapp.WebGroup                 I SRVE0169I: Loading Web Module: _MobileBrowserSimulator.
[2/26/18 18:25:30:946 BRT] 00000013 com.ibm.ws.webcontainer                                      I SRVE0250I: Web Module _MobileBrowserSimulator has been bound to default_host.
[2/26/18 18:25:30:946 BRT] 00000013 com.ibm.ws.http.internal.VirtualHostImpl                     A CWWKT0016I: Web application available (default_host): http://192.168.0.3:10080/_MobileBrowserSimulator/
[2/26/18 18:25:30:952 BRT] 00000013 com.ibm.ws.session.WASSessionCore                            I SESN0176I: A new session context will be created for application key default_host/_MobileBrowserSimulator
[2/26/18 18:25:30:952 BRT] 00000013 com.ibm.ws.util                                              I SESN0172I: The session manager is using the Java default SecureRandom implementation for session ID generation.
[2/26/18 18:25:30:959 BRT] 00000013 com.ibm.ws.app.manager.internal.statemachine.StartAction     A CWWKZ0001I: Application _MobileBrowserSimulator started in 0.029 seconds.
[2/26/18 18:25:32:130 BRT] 00000013 com.ibm.ws.config.internal.xml.XMLBundleProcessor            A CWWKG0016I: Starting server configuration update.
[2/26/18 18:25:32:168 BRT] 000000bd com.ibm.ws.config.internal.xml.XMLBundleProcessor            A CWWKG0017I: The server configuration was successfully updated in 0.037 seconds.
[2/26/18 18:25:32:174 BRT] 00000013 com.ibm.ws.app.manager.internal.statemachine.StartAction     I CWWKZ0018I: Starting application HelloWorld.
[2/26/18 18:25:32:210 BRT] 00000013 com.ibm.ws.webcontainer.osgi.webapp.WebGroup                 I SRVE0169I: Loading Web Module: Worklight.
[2/26/18 18:25:32:210 BRT] 00000013 com.ibm.ws.webcontainer                                      I SRVE0250I: Web Module Worklight has been bound to default_host.
[2/26/18 18:25:32:214 BRT] 00000013 com.ibm.ws.http.internal.VirtualHostImpl                     A CWWKT0016I: Web application available (default_host): http://192.168.0.3:10080/HelloWorld/
[2/26/18 18:25:32:228 BRT] 00000013 com.ibm.ws.session.WASSessionCore                            I SESN0176I: A new session context will be created for application key default_host/HelloWorld
[2/26/18 18:25:32:228 BRT] 00000013 com.ibm.ws.util                                              I SESN0172I: The session manager is using the Java default SecureRandom implementation for session ID generation.
[2/26/18 18:25:34:884 BRT] 00000013 com.worklight.server.bundle.api.WorklightConfiguration       I FWLSE4006I: Worklight Studio is running in 'development' mode. [project HelloWorld]
[2/26/18 18:25:34:888 BRT] 000000bf com.worklight.server.bundle.project.JeeProjectActivator      I FWLST0022I: Worklight project async start = true
[2/26/18 18:25:34:992 BRT] 00000013 apache.wink.server.internal.application.ApplicationProcessor I The following JAX-RS application has been processed: com.ibm.ws.jaxrs.webcontainer.JAXRSDefaultApplicationSubclassProxy
[2/26/18 18:25:34:995 BRT] 00000013 org.apache.wink.server.internal.log.Resources                I The server has registered the JAX-RS resource class com.worklight.oauth.TokenValidationEndpoint with @Path(/validation).
[2/26/18 18:25:34:996 BRT] 00000013 org.apache.wink.server.internal.log.Resources                I The server has registered the JAX-RS resource class com.worklight.oauth.TokenEndpoint with @Path(/token).
[2/26/18 18:25:34:998 BRT] 00000013 org.apache.wink.server.internal.log.Providers                I There are no custom JAX-RS providers defined in the application.
[2/26/18 18:25:35:089 BRT] 000000bf com.worklight.server.bundle.project.JeeProjectActivator      I FWLST0001I: Worklight home folder is /Users/pimenta/Documents/workspace/WorklightServerConfig/servers/worklight/workarea/org.eclipse.osgi/bundles/75/data/temp/default_node/SMF_WebContainer/HelloWorld/HelloWorld [project HelloWorld]
[2/26/18 18:25:35:130 BRT] 000000bf ingframework.context.support.FileSystemXmlApplicationContext I Refreshing org.springframework.context.support.FileSystemXmlApplicationContext@78d9038b: display name [org.springframework.context.support.FileSystemXmlApplicationContext@78d9038b]; startup date [Mon Feb 26 18:25:35 BRT 2018]; root of context hierarchy
[2/26/18 18:25:35:280 BRT] 000000bf rg.springframework.beans.factory.xml.XmlBeanDefinitionReader I Loading XML bean definitions from URL [wsjar:file:/Users/pimenta/Documents/workspace/WorklightServerConfig/shared/resources/worklight-jee-library-6.2.0.jar!/conf/spring-server-core.xml]
[2/26/18 18:25:35:374 BRT] 000000bf rg.springframework.beans.factory.xml.XmlBeanDefinitionReader I Loading XML bean definitions from URL [wsjar:file:/Users/pimenta/Documents/workspace/WorklightServerConfig/shared/resources/worklight-jee-library-6.2.0.jar!/conf/core.xml]
[2/26/18 18:25:35:424 BRT] 00000013 com.ibm.ws.webcontainer.servlet                              I SRVE0242I: [HelloWorld] [/HelloWorld] [AuthorizationServer]: Initialization successful.
[2/26/18 18:25:35:448 BRT] 00000013 com.ibm.ws.app.manager.internal.statemachine.StartAction     A CWWKZ0001I: Application HelloWorld started in 3.274 seconds.
[2/26/18 18:25:35:501 BRT] 000000bf rg.springframework.beans.factory.xml.XmlBeanDefinitionReader I Loading XML bean definitions from URL [wsjar:file:/Users/pimenta/Documents/workspace/WorklightServerConfig/shared/resources/worklight-jee-library-6.2.0.jar!/conf/integration.xml]
[2/26/18 18:25:35:573 BRT] 000000bf rg.springframework.beans.factory.xml.XmlBeanDefinitionReader I Loading XML bean definitions from URL [wsjar:file:/Users/pimenta/Documents/workspace/WorklightServerConfig/shared/resources/worklight-jee-library-6.2.0.jar!/conf/gadgets.xml]
[2/26/18 18:25:35:604 BRT] 000000bf rg.springframework.beans.factory.xml.XmlBeanDefinitionReader I Loading XML bean definitions from URL [wsjar:file:/Users/pimenta/Documents/workspace/WorklightServerConfig/shared/resources/worklight-jee-library-6.2.0.jar!/conf/pushworks.xml]
[2/26/18 18:25:35:694 BRT] 000000bf ngframework.beans.factory.support.DefaultListableBeanFactory I Overriding bean definition for bean 'gadgetCustomizedResourcesRoot': replacing [Generic bean: class [com.worklight.core.util.WorkingDirectory]; scope=singleton; abstract=false; lazyInit=false; autowireMode=0; dependencyCheck=0; autowireCandidate=true; primary=false; factoryBeanName=null; factoryMethodName=null; initMethodName=null; destroyMethodName=null; defined in URL [wsjar:file:/Users/pimenta/Documents/workspace/WorklightServerConfig/shared/resources/worklight-jee-library-6.2.0.jar!/conf/gadgets.xml]] with [Generic bean: class [com.worklight.core.util.WorkingDirectory]; scope=singleton; abstract=false; lazyInit=false; autowireMode=0; dependencyCheck=0; autowireCandidate=true; primary=false; factoryBeanName=null; factoryMethodName=null; initMethodName=null; destroyMethodName=null; defined in URL [wsjar:file:/Users/pimenta/Documents/workspace/WorklightServerConfig/shared/resources/worklight-jee-library-6.2.0.jar!/conf/spring-server-core.xml]]
[2/26/18 18:25:35:698 BRT] 000000bf ngframework.beans.factory.support.DefaultListableBeanFactory I Overriding bean definition for bean 'gadgetResourcesRoot': replacing [Generic bean: class [com.worklight.core.util.WorkingDirectory]; scope=singleton; abstract=false; lazyInit=false; autowireMode=0; dependencyCheck=0; autowireCandidate=true; primary=false; factoryBeanName=null; factoryMethodName=null; initMethodName=null; destroyMethodName=null; defined in URL [wsjar:file:/Users/pimenta/Documents/workspace/WorklightServerConfig/shared/resources/worklight-jee-library-6.2.0.jar!/conf/gadgets.xml]] with [Generic bean: class [com.worklight.core.util.WorkingDirectory]; scope=singleton; abstract=false; lazyInit=false; autowireMode=0; dependencyCheck=0; autowireCandidate=true; primary=false; factoryBeanName=null; factoryMethodName=null; initMethodName=null; destroyMethodName=null; defined in URL [wsjar:file:/Users/pimenta/Documents/workspace/WorklightServerConfig/shared/resources/worklight-jee-library-6.2.0.jar!/conf/spring-server-core.xml]]
[2/26/18 18:25:35:745 BRT] 000000bf ingframework.context.support.FileSystemXmlApplicationContext I Bean factory for application context [org.springframework.context.support.FileSystemXmlApplicationContext@78d9038b]: org.springframework.beans.factory.support.DefaultListableBeanFactory@7cbce5b7
[2/26/18 18:25:36:355 BRT] 000000bf ngframework.beans.factory.support.DefaultListableBeanFactory I Pre-instantiating singletons in org.springframework.beans.factory.support.DefaultListableBeanFactory@7cbce5b7: defining beans [txManager,mailingService,WorkLightNotice,rssBrokerUtils,audit,GenericDAO,clusterSynchronizationDAO,taskCoordinator,taskManager,worklightAuthenticationService,authenticationDAO,ssoDAO,ssoExpiredLoginContextsCleanupTask,keyStoreManager,analyticsHttpService,invocationContextManager,dataAccessService,shellResourcesService,analyticsService,coreServiceManager,adapterManager,nodeProcessManager,adapterManagementService,factProcessingTask,PlatformUsageProcessingTask,notificationCleanupTask,WSSecurityService,gadgetDAO,deviceDAO,licenseTermsDAO,platformUsageService,configProfileService,gfwProps,gadgetEnvironmentManager,gadgetResourcesRoot,gadgetCustomizedResourcesRoot,applicationMetadataService,applicationManagementService,notificationsSimulationManager,pushServiceListener,PushService,worklight-direct,rssBrokerDS,brokerSessionFactory,reportService,reportsDS,reportsBrokerDS,reportsSessionFactory,gadgetReportsDAO,notificationReportsDao,gadgetReportsService,analyticsFactService,nodeInfo,registrationService,runtimeTransactionHandler,projectSyncService]; root of factory hierarchy
[2/26/18 18:25:37:544 BRT] 000000bf hsqldb.db.HSQLDB61D401B623.ENGINE                            I Checkpoint start
[2/26/18 18:25:37:545 BRT] 000000bf hsqldb.db.HSQLDB61D401B623.ENGINE                            I checkpointClose start
[2/26/18 18:25:37:586 BRT] 000000bf hsqldb.db.HSQLDB61D401B623.ENGINE                            I checkpointClose end
[2/26/18 18:25:37:589 BRT] 000000bf hsqldb.db.HSQLDB61D401B623.ENGINE                            I Checkpoint end
[2/26/18 18:25:37:769 BRT] 000000bf ringframework.orm.jpa.LocalContainerEntityManagerFactoryBean I Building JPA container EntityManagerFactory for persistence unit 'WorklightPU'
[2/26/18 18:25:38:340 BRT] 000000bf SystemErr                                                    R 57  WorklightPU  WARN   [Thread-23] openjpa.Runtime - An error occurred while registering a ClassTransformer with PersistenceUnitInfo: name 'WorklightPU', root URL [file:/Users/pimenta/Documents/workspace/WorklightServerConfig/shared/resources/worklight-jee-library-6.2.0.jar]. The error has been consumed. To see it, set your openjpa.Runtime log level to TRACE. Load-time class transformation will not be available.
[2/26/18 18:25:40:365 BRT] 000000bf SystemErr                                                    R 2082  WorklightPU  INFO   [Thread-23] openjpa.Runtime - Starting OpenJPA 1.2.2
[2/26/18 18:25:40:572 BRT] 000000bf SystemErr                                                    R 2290  WorklightPU  INFO   [Thread-23] openjpa.jdbc.JDBC - Using dictionary class "org.apache.openjpa.jdbc.sql.HSQLDictionary".
[2/26/18 18:25:42:968 BRT] 000000d1 com.worklight.common.util.jmx.LibertyRuntimeMBeanHandler     I Bean '*' does not exist.
[2/26/18 18:25:42:968 BRT] 000000d1 com.ibm.worklight.admin.services.RuntimeService              I No mxbeans found
[2/26/18 18:25:44:845 BRT] 000000bf com.worklight.server.database.api.WorklightDataSource        I FWLSE0187I: jdbc/WorklightReportsDS data source is disabled. No connection opened.  [project HelloWorld]
[2/26/18 18:25:44:860 BRT] 000000bf ringframework.orm.jpa.LocalContainerEntityManagerFactoryBean I Building JPA container EntityManagerFactory for persistence unit 'WorklightReportsPU'
[2/26/18 18:25:44:870 BRT] 000000bf SystemErr                                                    R 1  WorklightReportsPU  WARN   [Thread-23] openjpa.Runtime - An error occurred while registering a ClassTransformer with PersistenceUnitInfo: name 'WorklightReportsPU', root URL [file:/Users/pimenta/Documents/workspace/WorklightServerConfig/shared/resources/worklight-jee-library-6.2.0.jar]. The error has been consumed. To see it, set your openjpa.Runtime log level to TRACE. Load-time class transformation will not be available.
[2/26/18 18:25:44:938 BRT] 000000bf com.worklight.report.impl.GadgetReportsServiceImpl           I FWLSE0186I: Application raw reports are disabled. [project HelloWorld]
[2/26/18 18:25:45:047 BRT] 000000df com.worklight.common.util.jmx.LibertyRuntimeMBeanHandler     I Bean '*' does not exist.
[2/26/18 18:25:45:048 BRT] 000000df com.ibm.worklight.admin.services.RuntimeService              I No mxbeans found
[2/26/18 18:25:45:221 BRT] 000000eb org.apache.wink.server.internal.servlet.RestServlet          I The system is using the com.ibm.elasticsearch.servlet.ElasticApplication JAX-RS application class that is named in the javax.ws.rs.Application init-param initialization parameter.
[2/26/18 18:25:45:717 BRT] 000000eb apache.wink.server.internal.application.ApplicationProcessor I The following JAX-RS application has been processed: com.ibm.elasticsearch.servlet.ElasticApplication
[2/26/18 18:25:45:723 BRT] 000000eb org.apache.wink.server.internal.log.Resources                I The server has registered the JAX-RS resource class com.ibm.elasticsearch.rest.Activities with @Path(/activities/{tenant}).
[2/26/18 18:25:45:723 BRT] 000000eb org.apache.wink.server.internal.log.Resources                I The server has registered the JAX-RS resource class com.ibm.elasticsearch.rest.Dashboard with @Path(/dashboard/{tenant}).
[2/26/18 18:25:45:724 BRT] 000000eb org.apache.wink.server.internal.log.Resources                I The server has registered the JAX-RS resource class com.ibm.elasticsearch.rest.Adapters with @Path(/adapters/{tenant}).
[2/26/18 18:25:45:724 BRT] 000000eb org.apache.wink.server.internal.log.Resources                I The server has registered the JAX-RS resource class com.ibm.elasticsearch.rest.Devices with @Path(/devices/{tenant}).
[2/26/18 18:25:45:724 BRT] 000000eb org.apache.wink.server.internal.log.Resources                I The server has registered the JAX-RS resource class com.ibm.elasticsearch.rest.Servers with @Path(/servers/{tenant}).
[2/26/18 18:25:45:724 BRT] 000000eb org.apache.wink.server.internal.log.Resources                I The server has registered the JAX-RS resource class com.ibm.elasticsearch.rest.Search with @Path(/search/{tenant}).
[2/26/18 18:25:45:725 BRT] 000000eb org.apache.wink.server.internal.log.Resources                I The server has registered the JAX-RS resource class com.ibm.elasticsearch.rest.Common with @Path(/common/{tenant}).
[2/26/18 18:25:45:725 BRT] 000000eb org.apache.wink.server.internal.log.Resources                I The server has registered the JAX-RS resource class com.ibm.elasticsearch.util.Export with @Path(/export/{tenant}).
[2/26/18 18:25:45:725 BRT] 000000eb org.apache.wink.server.internal.log.Resources                I The server has registered the JAX-RS resource class com.ibm.elasticsearch.config.MigrateData with @Path(/migrate).
[2/26/18 18:25:45:725 BRT] 000000eb org.apache.wink.server.internal.log.Resources                I The server has registered the JAX-RS resource class com.ibm.elasticsearch.config.DeleteData with @Path(/delete).
[2/26/18 18:25:45:725 BRT] 000000eb org.apache.wink.server.internal.log.Resources                I The server has registered the JAX-RS resource class com.ibm.elasticsearch.config.Config with @Path(/config).
[2/26/18 18:25:45:726 BRT] 000000eb org.apache.wink.server.internal.log.Resources                I The server has registered the JAX-RS resource class com.ibm.elasticsearch.config.LoadTesting with @Path(/load).
[2/26/18 18:25:45:726 BRT] 000000eb org.apache.wink.server.internal.log.Resources                I The server has registered the JAX-RS resource class com.ibm.elasticsearch.servlet.DataReceiver with @Path(/).
[2/26/18 18:25:45:732 BRT] 000000eb org.apache.wink.server.internal.log.Providers                I The class org.codehaus.jackson.jaxrs.JacksonJaxbJsonProvider was registered as a JAX-RS MessageBodyReader provider for all Java types and application/json media types.
[2/26/18 18:25:45:732 BRT] 000000eb org.apache.wink.server.internal.log.Providers                I The class org.codehaus.jackson.jaxrs.JacksonJaxbJsonProvider was registered as a JAX-RS MessageBodyReader provider for all Java types and text/json media types.
[2/26/18 18:25:45:732 BRT] 000000eb org.apache.wink.server.internal.log.Providers                I The class org.codehaus.jackson.jaxrs.JacksonJaxbJsonProvider was registered as a JAX-RS MessageBodyWriter provider for all Java types and application/json media types.
[2/26/18 18:25:45:733 BRT] 000000eb org.apache.wink.server.internal.log.Providers                I The class org.codehaus.jackson.jaxrs.JacksonJaxbJsonProvider was registered as a JAX-RS MessageBodyWriter provider for all Java types and text/json media types.
[2/26/18 18:25:45:774 BRT] 000000bf com.worklight.common.util.jmx.LibertyJMXRegister             I FWLSE2008I: MBean registration succeeded for: com.worklight.common.server.jmx.api:type=ProjectManagement,qualifier=HelloWorld [project HelloWorld]
[2/26/18 18:25:45:792 BRT] 000000bf SystemOut                                                    O Cleanup dir is /Users/pimenta/Documents/workspace/WorklightServerConfig/servers/worklight/workarea/org.eclipse.osgi/bundles/75/data/temp/default_node/SMF_WebContainer/HelloWorld/HelloWorld/widget-resources
[2/26/18 18:25:45:810 BRT] 000000bf com.worklight.common.util.jmx.LibertyRuntimeMBeanHandler     I Establishing REST connection to service:jmx:rest://localhost:10443/IBMJMXConnectorREST
[2/26/18 18:25:46:217 BRT] 000000eb com.ibm.ws.webcontainer.servlet                              I SRVE0242I: [_analytics] [/_analytics] [data]: Initialization successful.
[2/26/18 18:25:46:464 BRT] 00000106 com.ibm.worklight.admin.services.ManagementService           I ping service invoked to check if the HTTP(s) port is available
[2/26/18 18:25:46:662 BRT] 00000108 SystemErr                                                    R 62408  WorklightManagementPU-derby  INFO   [LargeThreadPool-thread-195] openjpa.Runtime - Though you are using optimistic transactions, OpenJPA is now beginning a datastore transaction because you have requested a lock on some data.
[2/26/18 18:25:46:676 BRT] 00000108 SystemErr                                                    R 62422  WorklightManagementPU-derby  INFO   [LargeThreadPool-thread-195] openjpa.Runtime - Though you are using optimistic transactions, OpenJPA is now beginning a datastore transaction because you have requested a lock on some data.
[2/26/18 18:25:46:989 BRT] 0000010a SystemErr                                                    R 62736  WorklightManagementPU-derby  INFO   [LargeThreadPool-thread-197] openjpa.Runtime - Though you are using optimistic transactions, OpenJPA is now beginning a datastore transaction because you have requested a lock on some data.
[2/26/18 18:25:47:004 BRT] 0000010a com.ibm.worklight.admin.jmx.ManagementMXBeanImpl             I Result: HelloWorld: worklight///192.168.0.3: Runtime was synchronized successfully
[2/26/18 18:25:47:005 BRT] 0000010a com.ibm.worklight.admin.jmx.ManagementMXBeanImpl             I HelloWorld: worklight///192.168.0.3: 2018-02-26T21:25:46.970Z: Transaction handler reset
[2/26/18 18:25:47:010 BRT] 000000bf com.worklight.core.init.WorklightServletInitializer          I FWLSE0247I: The HelloWorld project initialization times were: start-firstReadyCheck=17, firstReadyCheck=676, ready for sync=0, sync=525 [project HelloWorld]
[2/26/18 18:25:47:036 BRT] 000000bf com.worklight.server.bundle.project.JeeProjectActivator      I FWLST0002I: ========= Project /HelloWorld started. The project WAR file version is 6.2.0.01.20170920-0712,running on server version 6.2.0.01.20170920-0712. [project HelloWorld]
[2/26/18 18:25:47:041 BRT] 000000bf SystemOut                                                    O ================ End init of HelloWorld  12151
[2/26/18 18:25:50:377 BRT] 0000010c SystemErr                                                    R 66124  WorklightManagementPU-derby  INFO   [LargeThreadPool-thread-198] openjpa.Runtime - Though you are using optimistic transactions, OpenJPA is now beginning a datastore transaction because you have requested a lock on some data.
[2/26/18 18:25:50:387 BRT] 0000010c SystemErr                                                    R 66134  WorklightManagementPU-derby  INFO   [LargeThreadPool-thread-198] openjpa.Runtime - Though you are using optimistic transactions, OpenJPA is now beginning a datastore transaction because you have requested a lock on some data.
[2/26/18 18:25:50:426 BRT] 0000010c SystemErr                                                    R 66172  WorklightManagementPU-derby  INFO   [LargeThreadPool-thread-198] openjpa.Runtime - Though you are using optimistic transactions, OpenJPA is now beginning a datastore transaction because you have requested a lock on some data.
[2/26/18 18:25:51:137 BRT] 0000010a com.worklight.common.util.HttpUtil                           I FWLSE2014I: Downloading a worklight artifact from http://pimenta.local:10080/worklightadmin/otu/1.0/7c0effffff81ffffffc0ffffffbe2513ffffffb8ffffffd9ffffff88ffffffa46729ffffff81ffffff8ffffffffa/runtimes/HelloWorld/downloads/applications/Temporary317569284/common/1.0 [project HelloWorld]
[2/26/18 18:25:51:187 BRT] 0000010a com.worklight.common.util.HttpUtil                           I FWLSE2014I: Downloading a worklight artifact from http://pimenta.local:10080/worklightadmin/otu/1.0/7c0effffff81ffffffc0ffffffbe2513ffffffb8ffffffd9ffffff88ffffffa46729ffffff81ffffff8ffffffffa/runtimes/HelloWorld/downloads/applications/Temporary317569284/iphone/1.0 [project HelloWorld]
[2/26/18 18:25:51:263 BRT] 0000010a com.worklight.common.util.HttpUtil                           I FWLSE2014I: Downloading a worklight artifact from http://pimenta.local:10080/worklightadmin/otu/1.0/7c0effffff81ffffffc0ffffffbe2513ffffffb8ffffffd9ffffff88ffffffa46729ffffff81ffffff8ffffffffa/runtimes/HelloWorld/downloads/applications/Temporary317569284/android/1.0 [project HelloWorld]
[2/26/18 18:25:51:334 BRT] 0000010a om.worklight.applications.deployers.base.EnvironmentDeployer I FWLSE0274I: Environment common deployed to directory '/Users/pimenta/Documents/workspace/WorklightServerConfig/servers/worklight/workarea/org.eclipse.osgi/bundles/75/data/temp/default_node/SMF_WebContainer/HelloWorld/HelloWorld/widget-resources/Hello-common-ed226edfc15bd08b2f4d7bbab38708338b268439' . [project HelloWorld]
[2/26/18 18:25:51:379 BRT] 0000010a om.worklight.applications.deployers.base.EnvironmentDeployer I FWLSE0274I: Environment iphone deployed to directory '/Users/pimenta/Documents/workspace/WorklightServerConfig/servers/worklight/workarea/org.eclipse.osgi/bundles/75/data/temp/default_node/SMF_WebContainer/HelloWorld/HelloWorld/widget-resources/Hello-iphone-1.0-35ff8b7d1efb46ecf49a60e13abdb95046864c50' . [project HelloWorld]
[2/26/18 18:25:51:834 BRT] 0000010a om.worklight.applications.deployers.base.EnvironmentDeployer I FWLSE0274I: Environment android deployed to directory '/Users/pimenta/Documents/workspace/WorklightServerConfig/servers/worklight/workarea/org.eclipse.osgi/bundles/75/data/temp/default_node/SMF_WebContainer/HelloWorld/HelloWorld/widget-resources/Hello-android-1.0-e76d9290d42ab0afd704c63ef3ab6e8444dc4aa1' . [project HelloWorld]
[2/26/18 18:25:52:198 BRT] 0000010c com.ibm.worklight.admin.actions.BaseTransaction              I Result: HelloWorld: worklight///192.168.0.3: Preparation to deploy 'Hello' finished
[2/26/18 18:25:52:349 BRT] 0000010c com.ibm.worklight.admin.actions.BaseTransaction              I Result: HelloWorld: worklight///192.168.0.3: Commit
[2/26/18 18:25:52:350 BRT] 0000010c com.ibm.worklight.admin.actions.BaseTransaction              I HelloWorld: worklight///192.168.0.3: 2018-02-26T21:25:52.343Z: Application 'Hello' was updated
[2/26/18 18:25:52:557 BRT] 0000010c SystemErr                                                    R 68303  WorklightManagementPU-derby  INFO   [LargeThreadPool-thread-198] openjpa.Runtime - Though you are using optimistic transactions, OpenJPA is now beginning a datastore transaction because you have requested a lock on some data.
[2/26/18 18:25:53:425 BRT] 0000010c com.ibm.ws.webcontainer.servlet                              I SRVE0242I: [HelloWorld] [/HelloWorld] [PreviewServlet]: Initialization successful.
[2/26/18 18:27:14:682 BRT] 00000105 org.apache.wink.server.internal.registry.ResourceRegistry    I The system cannot find any method in the com.ibm.worklight.admin.services.ManagementService class that supports GET. Verify that a method exists.
[2/26/18 18:27:14:683 BRT] 00000105 org.apache.wink.server.internal.RequestProcessor             I The following error occurred during the invocation of the handlers chain: WebApplicationException (405) with message 'null' while processing GET request sent to http://192.168.0.3:10080/worklightadmin/
[2/26/18 18:27:15:258 BRT] 00000105 org.apache.wink.server.internal.registry.ResourceRegistry    I The system cannot find any method in the com.ibm.worklight.admin.services.ManagementService class that supports GET. Verify that a method exists.
[2/26/18 18:27:15:258 BRT] 00000105 org.apache.wink.server.internal.RequestProcessor             I The following error occurred during the invocation of the handlers chain: WebApplicationException (405) with message 'null' while processing GET request sent to http://192.168.0.3:10080/worklightadmin/
[2/26/18 18:27:15:585 BRT] 00000105 org.apache.wink.server.internal.registry.ResourceRegistry    I The system cannot find any method in the com.ibm.worklight.admin.services.ManagementService class that supports GET. Verify that a method exists.
[2/26/18 18:27:15:586 BRT] 00000105 org.apache.wink.server.internal.RequestProcessor             I The following error occurred during the invocation of the handlers chain: WebApplicationException (405) with message 'null' while processing GET request sent to http://192.168.0.3:10080/worklightadmin/
[2/26/18 18:27:15:736 BRT] 00000105 org.apache.wink.server.internal.registry.ResourceRegistry    I The system cannot find any method in the com.ibm.worklight.admin.services.ManagementService class that supports GET. Verify that a method exists.
[2/26/18 18:27:15:737 BRT] 00000105 org.apache.wink.server.internal.RequestProcessor             I The following error occurred during the invocation of the handlers chain: WebApplicationException (405) with message 'null' while processing GET request sent to http://192.168.0.3:10080/worklightadmin/
[2/26/18 18:27:31:772 BRT] 00000013 com.ibm.ws.config.internal.xml.XMLBundleProcessor            A CWWKG0016I: Starting server configuration update.
[2/26/18 18:27:31:786 BRT] 00000013 com.ibm.ws.config.internal.xml.XMLBundleProcessor            A CWWKG0018I: The server configuration was not updated. No functional changes were detected.
[2/26/18 18:27:35:003 BRT] 00000013 com.ibm.ws.config.internal.xml.XMLBundleProcessor            A CWWKG0016I: Starting server configuration update.
[2/26/18 18:27:35:020 BRT] 00000105 com.ibm.ws.config.internal.xml.XMLBundleProcessor            A CWWKG0017I: The server configuration was successfully updated in 0.017 seconds.
[2/26/18 18:27:35:024 BRT] 00000013 com.ibm.ws.http.internal.VirtualHostImpl                     A CWWKT0017I: Web application removed (default_host): http://192.168.0.3:10080/_MobileBrowserSimulator/
[2/26/18 18:27:35:027 BRT] 00000013 com.ibm.ws.app.manager.internal.statemachine.StopAction      A CWWKZ0009I: The application _MobileBrowserSimulator has stopped successfully.
[2/26/18 18:27:35:723 BRT] 00000013 com.ibm.ws.config.internal.xml.XMLBundleProcessor            A CWWKG0016I: Starting server configuration update.
[2/26/18 18:27:35:740 BRT] 00000105 com.ibm.ws.config.internal.xml.XMLBundleProcessor            A CWWKG0017I: The server configuration was successfully updated in 0.016 seconds.
[2/26/18 18:27:35:747 BRT] 00000013 com.ibm.ws.app.manager.internal.statemachine.StartAction     I CWWKZ0018I: Starting application _MobileBrowserSimulator.
[2/26/18 18:27:35:787 BRT] 00000013 com.ibm.ws.webcontainer.osgi.webapp.WebGroup                 I SRVE0169I: Loading Web Module: _MobileBrowserSimulator.
[2/26/18 18:27:35:787 BRT] 00000013 com.ibm.ws.webcontainer                                      I SRVE0250I: Web Module _MobileBrowserSimulator has been bound to default_host.
[2/26/18 18:27:35:787 BRT] 00000013 com.ibm.ws.http.internal.VirtualHostImpl                     A CWWKT0016I: Web application available (default_host): http://192.168.0.3:10080/_MobileBrowserSimulator/
[2/26/18 18:27:35:796 BRT] 00000013 com.ibm.ws.session.WASSessionCore                            I SESN0176I: A new session context will be created for application key default_host/_MobileBrowserSimulator
[2/26/18 18:27:35:796 BRT] 00000013 com.ibm.ws.util                                              I SESN0172I: The session manager is using the Java default SecureRandom implementation for session ID generation.
[2/26/18 18:27:35:804 BRT] 00000013 com.ibm.ws.app.manager.internal.statemachine.StartAction     A CWWKZ0001I: Application _MobileBrowserSimulator started in 0.056 seconds.
[2/26/18 18:27:36:216 BRT] 00000105 com.ibm.ws.security.token.internal.TokenManagerImpl          I CWWKS4001E: The security token cannot be validated. This can be for the following reasons
1. The security token was generated on another server using different keys.
2. The token configuration or the security keys of the token service which created the token has been changed.
3. The token service which created the token is no longer available.
[2/26/18 18:47:02:429 BRT] 00000013 com.ibm.ws.config.internal.xml.XMLBundleProcessor            A CWWKG0016I: Starting server configuration update.
[2/26/18 18:47:02:444 BRT] 00000013 com.ibm.ws.config.internal.xml.XMLBundleProcessor            A CWWKG0018I: The server configuration was not updated. No functional changes were detected.
[2/26/18 18:47:06:349 BRT] 000000ed SystemErr                                                    R 1342095  WorklightManagementPU-derby  INFO   [LargeThreadPool-thread-174] openjpa.Runtime - Though you are using optimistic transactions, OpenJPA is now beginning a datastore transaction because you have requested a lock on some data.
[2/26/18 18:47:06:360 BRT] 000000ed SystemErr                                                    R 1342107  WorklightManagementPU-derby  INFO   [LargeThreadPool-thread-174] openjpa.Runtime - Though you are using optimistic transactions, OpenJPA is now beginning a datastore transaction because you have requested a lock on some data.
[2/26/18 18:47:06:370 BRT] 000000ed SystemErr                                                    R 1342117  WorklightManagementPU-derby  INFO   [LargeThreadPool-thread-174] openjpa.Runtime - Though you are using optimistic transactions, OpenJPA is now beginning a datastore transaction because you have requested a lock on some data.
[2/26/18 18:47:06:542 BRT] 000000eb com.worklight.common.util.HttpUtil                           I FWLSE2014I: Downloading a worklight artifact from http://pimenta.local:10080/worklightadmin/otu/1.0/2cffffff8cffffffc53e0f633e6bffffffb8ffffff9b3c48ffffffe4fffffff95802/runtimes/HelloWorld/downloads/applications/Temporary317569284/common/1.0 [project HelloWorld]
[2/26/18 18:47:06:594 BRT] 000000eb com.worklight.common.util.HttpUtil                           I FWLSE2014I: Downloading a worklight artifact from http://pimenta.local:10080/worklightadmin/otu/1.0/2cffffff8cffffffc53e0f633e6bffffffb8ffffff9b3c48ffffffe4fffffff95802/runtimes/HelloWorld/downloads/applications/Temporary317569284/iphone/1.0 [project HelloWorld]
[2/26/18 18:47:06:625 BRT] 000000eb om.worklight.applications.deployers.base.EnvironmentDeployer I FWLSE0274I: Environment common deployed to directory '/Users/pimenta/Documents/workspace/WorklightServerConfig/servers/worklight/workarea/org.eclipse.osgi/bundles/75/data/temp/default_node/SMF_WebContainer/HelloWorld/HelloWorld/widget-resources/Hello-common-b2e6936dcac66d83a06a8419c28399b319a5e018' . [project HelloWorld]
[2/26/18 18:47:06:656 BRT] 000000eb om.worklight.applications.deployers.base.EnvironmentDeployer I FWLSE0274I: Environment iphone deployed to directory '/Users/pimenta/Documents/workspace/WorklightServerConfig/servers/worklight/workarea/org.eclipse.osgi/bundles/75/data/temp/default_node/SMF_WebContainer/HelloWorld/HelloWorld/widget-resources/Hello-iphone-1.0-441aa9350d03577299f7dd3e014a6e7d43d2b4f4' . [project HelloWorld]
[2/26/18 18:47:07:036 BRT] 000000ed com.ibm.worklight.admin.actions.BaseTransaction              I Result: HelloWorld: worklight///192.168.0.3: Preparation to deploy 'Hello' finished
[2/26/18 18:47:07:336 BRT] 000000ed com.ibm.worklight.admin.actions.BaseTransaction              I Result: HelloWorld: worklight///192.168.0.3: Commit
[2/26/18 18:47:07:337 BRT] 000000ed com.ibm.worklight.admin.actions.BaseTransaction              I HelloWorld: worklight///192.168.0.3: 2018-02-26T21:47:07.137Z: Application 'Hello' was updated
[2/26/18 18:47:07:377 BRT] 000000ed SystemErr                                                    R 1343124  WorklightManagementPU-derby  INFO   [LargeThreadPool-thread-174] openjpa.Runtime - Though you are using optimistic transactions, OpenJPA is now beginning a datastore transaction because you have requested a lock on some data.
[2/26/18 18:51:14:687 BRT] 00000013 com.ibm.ws.config.internal.xml.XMLBundleProcessor            A CWWKG0016I: Starting server configuration update.
[2/26/18 18:51:14:710 BRT] 00000013 com.ibm.ws.config.internal.xml.XMLBundleProcessor            A CWWKG0018I: The server configuration was not updated. No functional changes were detected.
[2/26/18 18:51:19:834 BRT] 000000ed SystemErr                                                    R 1595580  WorklightManagementPU-derby  INFO   [LargeThreadPool-thread-174] openjpa.Runtime - Though you are using optimistic transactions, OpenJPA is now beginning a datastore transaction because you have requested a lock on some data.
[2/26/18 18:51:19:846 BRT] 000000ed SystemErr                                                    R 1595592  WorklightManagementPU-derby  INFO   [LargeThreadPool-thread-174] openjpa.Runtime - Though you are using optimistic transactions, OpenJPA is now beginning a datastore transaction because you have requested a lock on some data.
[2/26/18 18:51:19:860 BRT] 000000ed SystemErr                                                    R 1595606  WorklightManagementPU-derby  INFO   [LargeThreadPool-thread-174] openjpa.Runtime - Though you are using optimistic transactions, OpenJPA is now beginning a datastore transaction because you have requested a lock on some data.
[2/26/18 18:51:20:311 BRT] 000000eb com.worklight.common.util.HttpUtil                           I FWLSE2014I: Downloading a worklight artifact from http://pimenta.local:10080/worklightadmin/otu/1.0/54ffffff82ffffffceffffffd63f3dffffffd3ffffffbb4affffff8efffffff9ffffff9bffffffb3ffffffaf6bffffffe2/runtimes/HelloWorld/downloads/applications/Temporary317569284/common/1.0 [project HelloWorld]
[2/26/18 18:51:20:376 BRT] 000000eb com.worklight.common.util.HttpUtil                           I FWLSE2014I: Downloading a worklight artifact from http://pimenta.local:10080/worklightadmin/otu/1.0/54ffffff82ffffffceffffffd63f3dffffffd3ffffffbb4affffff8efffffff9ffffff9bffffffb3ffffffaf6bffffffe2/runtimes/HelloWorld/downloads/applications/Temporary317569284/android/1.0 [project HelloWorld]
[2/26/18 18:51:20:422 BRT] 000000eb om.worklight.applications.deployers.base.EnvironmentDeployer I FWLSE0274I: Environment common deployed to directory '/Users/pimenta/Documents/workspace/WorklightServerConfig/servers/worklight/workarea/org.eclipse.osgi/bundles/75/data/temp/default_node/SMF_WebContainer/HelloWorld/HelloWorld/widget-resources/Hello-common-90cb9a572dc8b411081150ea80bc4b2773bd1e39' . [project HelloWorld]
[2/26/18 18:51:20:469 BRT] 000000eb om.worklight.applications.deployers.base.EnvironmentDeployer I FWLSE0274I: Environment android deployed to directory '/Users/pimenta/Documents/workspace/WorklightServerConfig/servers/worklight/workarea/org.eclipse.osgi/bundles/75/data/temp/default_node/SMF_WebContainer/HelloWorld/HelloWorld/widget-resources/Hello-android-1.0-f557dc40967e53c0fc4df243f0533207960caf04' . [project HelloWorld]
[2/26/18 18:51:20:901 BRT] 000000ed com.ibm.worklight.admin.actions.BaseTransaction              I Result: HelloWorld: worklight///192.168.0.3: Preparation to deploy 'Hello' finished
[2/26/18 18:51:21:180 BRT] 000000ed com.ibm.worklight.admin.actions.BaseTransaction              I Result: HelloWorld: worklight///192.168.0.3: Commit
[2/26/18 18:51:21:180 BRT] 000000ed com.ibm.worklight.admin.actions.BaseTransaction              I HelloWorld: worklight///192.168.0.3: 2018-02-26T21:51:20.982Z: Application 'Hello' was updated
[2/26/18 18:51:21:225 BRT] 000000ed SystemErr                                                    R 1596971  WorklightManagementPU-derby  INFO   [LargeThreadPool-thread-174] openjpa.Runtime - Though you are using optimistic transactions, OpenJPA is now beginning a datastore transaction because you have requested a lock on some data.
[2/26/18 18:54:53:015 BRT] 00000013 com.ibm.ws.config.internal.xml.XMLBundleProcessor            A CWWKG0016I: Starting server configuration update.
[2/26/18 18:54:53:040 BRT] 00000013 com.ibm.ws.config.internal.xml.XMLBundleProcessor            A CWWKG0018I: The server configuration was not updated. No functional changes were detected.
[2/26/18 18:54:57:501 BRT] 000000ed SystemErr                                                    R 1813248  WorklightManagementPU-derby  INFO   [LargeThreadPool-thread-174] openjpa.Runtime - Though you are using optimistic transactions, OpenJPA is now beginning a datastore transaction because you have requested a lock on some data.
[2/26/18 18:54:57:510 BRT] 000000ed SystemErr                                                    R 1813256  WorklightManagementPU-derby  INFO   [LargeThreadPool-thread-174] openjpa.Runtime - Though you are using optimistic transactions, OpenJPA is now beginning a datastore transaction because you have requested a lock on some data.
[2/26/18 18:54:57:516 BRT] 000000ed SystemErr                                                    R 1813263  WorklightManagementPU-derby  INFO   [LargeThreadPool-thread-174] openjpa.Runtime - Though you are using optimistic transactions, OpenJPA is now beginning a datastore transaction because you have requested a lock on some data.
[2/26/18 18:54:57:671 BRT] 000000eb com.worklight.common.util.HttpUtil                           I FWLSE2014I: Downloading a worklight artifact from http://pimenta.local:10080/worklightadmin/otu/1.0/76ffffffaa107b184f78fffffff1ffffffe02bffffffd23b76ffffffe0356b/runtimes/HelloWorld/downloads/applications/Temporary317569284/common/1.0 [project HelloWorld]
[2/26/18 18:54:57:734 BRT] 000000eb com.worklight.common.util.HttpUtil                           I FWLSE2014I: Downloading a worklight artifact from http://pimenta.local:10080/worklightadmin/otu/1.0/76ffffffaa107b184f78fffffff1ffffffe02bffffffd23b76ffffffe0356b/runtimes/HelloWorld/downloads/applications/Temporary317569284/android/1.0 [project HelloWorld]
[2/26/18 18:54:57:764 BRT] 000000eb om.worklight.applications.deployers.base.EnvironmentDeployer I FWLSE0274I: Environment common deployed to directory '/Users/pimenta/Documents/workspace/WorklightServerConfig/servers/worklight/workarea/org.eclipse.osgi/bundles/75/data/temp/default_node/SMF_WebContainer/HelloWorld/HelloWorld/widget-resources/Hello-common-a093e97a34bc14572f0235a376e4ebaf82ade456' . [project HelloWorld]
[2/26/18 18:54:57:922 BRT] 000000eb om.worklight.applications.deployers.base.EnvironmentDeployer I FWLSE0274I: Environment android deployed to directory '/Users/pimenta/Documents/workspace/WorklightServerConfig/servers/worklight/workarea/org.eclipse.osgi/bundles/75/data/temp/default_node/SMF_WebContainer/HelloWorld/HelloWorld/widget-resources/Hello-android-1.0-025f4a74444fd580051c5c0bcba3b41e7ec4045d' . [project HelloWorld]
[2/26/18 18:54:58:323 BRT] 000000ed com.ibm.worklight.admin.actions.BaseTransaction              I Result: HelloWorld: worklight///192.168.0.3: Preparation to deploy 'Hello' finished
[2/26/18 18:54:58:809 BRT] 000000ed com.ibm.worklight.admin.actions.BaseTransaction              I Result: HelloWorld: worklight///192.168.0.3: Commit
[2/26/18 18:54:58:810 BRT] 000000ed com.ibm.worklight.admin.actions.BaseTransaction              I HelloWorld: worklight///192.168.0.3: 2018-02-26T21:54:58.627Z: Application 'Hello' was updated
[2/26/18 18:54:58:833 BRT] 000000ed SystemErr                                                    R 1814579  WorklightManagementPU-derby  INFO   [LargeThreadPool-thread-174] openjpa.Runtime - Though you are using optimistic transactions, OpenJPA is now beginning a datastore transaction because you have requested a lock on some data.
[2/26/18 18:57:26:616 BRT] 000001cc com.ibm.ws.http.internal.VirtualHostImpl                     A CWWKT0017I: Web application removed (default_host): http://192.168.0.3:10080/_analytics/
[2/26/18 18:57:26:620 BRT] 000001cc com.ibm.ws.webcontainer.servlet                              I SRVE0253I: [_analytics] [/_analytics] [data]: Destroy successful.
[2/26/18 18:57:26:740 BRT] 000001cc com.ibm.ws.app.manager.internal.statemachine.StopAction      A CWWKZ0009I: The application _analytics has stopped successfully.
[2/26/18 18:57:26:751 BRT] 000001cc com.ibm.ws.http.internal.VirtualHostImpl                     A CWWKT0017I: Web application removed (default_host): http://192.168.0.3:10080/_MobileBrowserSimulator/
[2/26/18 18:57:26:761 BRT] 000001cc com.ibm.ws.app.manager.internal.statemachine.StopAction      A CWWKZ0009I: The application _MobileBrowserSimulator has stopped successfully.
[2/26/18 18:57:26:772 BRT] 000001cc com.ibm.ws.http.internal.VirtualHostImpl                     A CWWKT0017I: Web application removed (default_host): http://192.168.0.3:10080/worklightconsole/
[2/26/18 18:57:26:774 BRT] 000001cc com.ibm.ws.webcontainer.servlet                              I SRVE0253I: [WorklightConsole] [/worklightconsole] [servicesServlet]: Destroy successful.
[2/26/18 18:57:26:778 BRT] 000001cc com.ibm.ws.app.manager.internal.statemachine.StopAction      A CWWKZ0009I: The application WorklightConsole has stopped successfully.
[2/26/18 18:57:26:787 BRT] 000001cc com.ibm.ws.http.internal.VirtualHostImpl                     A CWWKT0017I: Web application removed (default_host): http://192.168.0.3:10080/worklightadmin/
[2/26/18 18:57:26:789 BRT] 000001cc com.ibm.ws.webcontainer.servlet                              I SRVE0253I: [WorklightServices] [/worklightadmin] [ManagementServlet]: Destroy successful.
[2/26/18 18:57:26:791 BRT] 000001cc ht.admin.listeners.WorklightManagementServletContextListener I Worklight admin servlet context listener destroyed
[2/26/18 18:57:26:791 BRT] 000001cc com.ibm.ws.webcontainer.webapp                               I SRVE0292I: Servlet Message - [worklight-management-service]:.Closing Spring root WebApplicationContext
[2/26/18 18:57:26:792 BRT] 000001cc springframework.web.context.support.XmlWebApplicationContext I Closing org.springframework.web.context.support.XmlWebApplicationContext@dab75ac: display name [Root WebApplicationContext]; startup date [Mon Feb 26 18:24:41 BRT 2018]; root of context hierarchy
[2/26/18 18:57:26:793 BRT] 000001cc ngframework.beans.factory.support.DefaultListableBeanFactory I Destroying singletons in org.springframework.beans.factory.support.DefaultListableBeanFactory@7d690eec: defining beans [registrationServiceFactory]; root of factory hierarchy
[2/26/18 18:57:26:798 BRT] 000001cc com.ibm.ws.app.manager.internal.statemachine.StopAction      A CWWKZ0009I: The application WorklightServices has stopped successfully.
[2/26/18 18:57:26:806 BRT] 000001cc com.ibm.ws.http.internal.VirtualHostImpl                     A CWWKT0017I: Web application removed (default_host): http://192.168.0.3:10080/HelloWorld/
[2/26/18 18:57:26:809 BRT] 000001cc com.ibm.ws.webcontainer.servlet                              I SRVE0253I: [HelloWorld] [/HelloWorld] [AuthorizationServer]: Destroy successful.
[2/26/18 18:57:26:809 BRT] 000001cc com.ibm.ws.webcontainer.servlet                              I SRVE0253I: [HelloWorld] [/HelloWorld] [PreviewServlet]: Destroy successful.
[2/26/18 18:57:26:811 BRT] 000001cc ingframework.context.support.FileSystemXmlApplicationContext I Closing org.springframework.context.support.FileSystemXmlApplicationContext@78d9038b: display name [org.springframework.context.support.FileSystemXmlApplicationContext@78d9038b]; startup date [Mon Feb 26 18:25:35 BRT 2018]; root of context hierarchy
[2/26/18 18:57:26:813 BRT] 000001cc ngframework.beans.factory.support.DefaultListableBeanFactory I Destroying singletons in org.springframework.beans.factory.support.DefaultListableBeanFactory@7cbce5b7: defining beans [txManager,mailingService,WorkLightNotice,rssBrokerUtils,audit,GenericDAO,clusterSynchronizationDAO,taskCoordinator,taskManager,worklightAuthenticationService,authenticationDAO,ssoDAO,ssoExpiredLoginContextsCleanupTask,keyStoreManager,analyticsHttpService,invocationContextManager,dataAccessService,shellResourcesService,analyticsService,coreServiceManager,adapterManager,nodeProcessManager,adapterManagementService,factProcessingTask,PlatformUsageProcessingTask,notificationCleanupTask,WSSecurityService,gadgetDAO,deviceDAO,licenseTermsDAO,platformUsageService,configProfileService,gfwProps,gadgetEnvironmentManager,gadgetResourcesRoot,gadgetCustomizedResourcesRoot,applicationMetadataService,applicationManagementService,notificationsSimulationManager,pushServiceListener,PushService,worklight-direct,rssBrokerDS,brokerSessionFactory,reportService,reportsDS,reportsBrokerDS,reportsSessionFactory,gadgetReportsDAO,notificationReportsDao,gadgetReportsService,analyticsFactService,nodeInfo,registrationService,runtimeTransactionHandler,projectSyncService]; root of factory hierarchy
[2/26/18 18:57:26:816 BRT] 000001cc ringframework.orm.jpa.LocalContainerEntityManagerFactoryBean I Closing JPA EntityManagerFactory for persistence unit 'WorklightReportsPU'
[2/26/18 18:57:26:824 BRT] 000001cc ringframework.orm.jpa.LocalContainerEntityManagerFactoryBean I Closing JPA EntityManagerFactory for persistence unit 'WorklightPU'
[2/26/18 18:57:26:851 BRT] 000001cc hsqldb.db.HSQLDB61D401B623.ENGINE                            I Database closed
[2/26/18 18:57:26:958 BRT] 000001cc com.worklight.server.bundle.project.JeeProjectActivator      I FWLST0004I: ========= Project /HelloWorld stopped
[2/26/18 18:57:26:960 BRT] 000001cc com.ibm.ws.app.manager.internal.statemachine.StopAction      A CWWKZ0009I: The application HelloWorld has stopped successfully.
[2/26/18 18:57:27:005 BRT] 000000ed com.ibm.ws.http.internal.VirtualHostImpl                     A CWWKT0017I: Web application removed (default_host): http://192.168.0.3:10080/IBMJMXConnectorREST/
[2/26/18 18:57:27:007 BRT] 000000ed com.ibm.ws.webcontainer.servlet                              I SRVE0253I: [com.ibm.ws.jmx.connector.server.rest] [/IBMJMXConnectorREST] [MBeanServerConnector]: Destroy successful.
[2/26/18 18:57:27:102 BRT] 000001cc com.ibm.tx.jta.impl.FailureScopeController                   A WTRN0105I: The transaction service has shutdown successfully with no transactions requiring recovery.
[2/26/18 18:57:27:159 BRT] 000001cc com.ibm.ws.security.internal.SecurityReadyServiceImpl        I CWWKS0009I: The security service has stopped.
[2/26/18 18:57:27:217 BRT] 000001cc com.ibm.ws.tcpchannel.internal.TCPChannel                    I CWWKO0220I: TCP Channel defaultHttpEndpoint-ssl has stopped listening for requests on host *  (IPv6) port 10443.
[2/26/18 18:57:27:249 BRT] 000000ed com.ibm.ws.tcpchannel.internal.TCPChannel                    I CWWKO0220I: TCP Channel defaultHttpEndpoint has stopped listening for requests on host *  (IPv6) port 10080.
[2/26/18 18:57:27:494 BRT] 00000001 com.ibm.ws.kernel.launch.internal.FrameworkManager           A CWWKE0036I: The server worklight stopped after 33 minutes, 6.441 seconds.
