********************************************************************************
product = WebSphere Application Server 8.5.5.1 (wlp-1.0.4.cl50120131011-1639)
wlp.install.dir = /Users/pimenta/Desktop/eclipse/plugins/com.worklight.studio.plugin_6.2.0.01-20170920-0712/liberty/wlp/
server.config.dir = /Users/pimenta/Documents/workspace/WorklightServerConfig/servers/worklight/
java.home = /Library/Java/JavaVirtualMachines/jdk1.7.0_80.jdk/Contents/Home/jre
java.version = 1.7.0_80
java.runtime = Java(TM) SE Runtime Environment (1.7.0_80-b15)
os = Mac OS X (10.13.3; x86_64) (en_US)
********************************************************************************
[2/27/18 10:50:14:045 BRT] 00000001 com.ibm.ws.logging.internal.TraceSpecification               I TRAS0018I: The trace state has been changed. The new trace state is *=info.
[2/27/18 10:50:14:080 BRT] 00000001 com.ibm.ws.kernel.launch.internal.FrameworkManager           A CWWKE0001I: The server worklight has been launched.
[2/27/18 10:50:17:685 BRT] 00000001 com.ibm.ws.kernel.launch.internal.FrameworkManager           I CWWKE0002I: The kernel started after 4.120 seconds
[2/27/18 10:50:17:744 BRT] 00000018 com.ibm.ws.kernel.feature.internal.FeatureManager            I CWWKF0007I: Feature update started.
[2/27/18 10:50:19:912 BRT] 00000011 com.ibm.ws.security.internal.SecurityReadyServiceImpl        I CWWKS0007I: The security service is starting...
[2/27/18 10:50:22:155 BRT] 0000001d com.ibm.ws.tcpchannel.internal.TCPChannel                    I CWWKO0219I: TCP Channel defaultHttpEndpoint has been started and is now listening for requests on host *  (IPv6) port 10080.
[2/27/18 10:50:22:257 BRT] 0000001d com.ibm.ws.tcpchannel.internal.TCPChannel                    I CWWKO0219I: TCP Channel defaultHttpEndpoint-ssl has been started and is now listening for requests on host *  (IPv6) port 10443.
[2/27/18 10:50:22:851 BRT] 00000021 com.ibm.ws.security.internal.SecurityReadyServiceImpl        I CWWKS0008I: The security service is ready.
[2/27/18 10:50:22:854 BRT] 00000021 com.ibm.ws.security.token.ltpa.internal.LTPAKeyCreator       I CWWKS4105I: LTPA configuration is ready after 0.255 seconds.
[2/27/18 10:50:24:009 BRT] 00000011 com.ibm.ws.app.manager.internal.monitor.DropinMonitor        A CWWKZ0058I: Monitoring dropins for applications. 
[2/27/18 10:50:24:129 BRT] 00000014 com.ibm.ws.app.manager.internal.statemachine.StartAction     I CWWKZ0018I: Starting application WorklightConsole.
[2/27/18 10:50:24:816 BRT] 00000014 m.ibm.ws.container.service.app.deploy.ManifestClassPathUtils W SRVE9967W: The manifest class path jaxb-api.jar can not be found in jar file wsjar:file:/Users/pimenta/Documents/workspace/WorklightServerConfig/servers/worklight/apps/worklight-management-ui.war!/WEB-INF/lib/jaxb-impl-2.1.12.osgi.jar or its parent.
[2/27/18 10:50:24:817 BRT] 00000014 m.ibm.ws.container.service.app.deploy.ManifestClassPathUtils W SRVE9967W: The manifest class path activation.jar can not be found in jar file wsjar:file:/Users/pimenta/Documents/workspace/WorklightServerConfig/servers/worklight/apps/worklight-management-ui.war!/WEB-INF/lib/jaxb-impl-2.1.12.osgi.jar or its parent.
[2/27/18 10:50:24:818 BRT] 00000014 m.ibm.ws.container.service.app.deploy.ManifestClassPathUtils W SRVE9967W: The manifest class path jsr173_1.0_api.jar can not be found in jar file wsjar:file:/Users/pimenta/Documents/workspace/WorklightServerConfig/servers/worklight/apps/worklight-management-ui.war!/WEB-INF/lib/jaxb-impl-2.1.12.osgi.jar or its parent.
[2/27/18 10:50:24:819 BRT] 00000014 m.ibm.ws.container.service.app.deploy.ManifestClassPathUtils W SRVE9967W: The manifest class path jaxb1-impl.jar can not be found in jar file wsjar:file:/Users/pimenta/Documents/workspace/WorklightServerConfig/servers/worklight/apps/worklight-management-ui.war!/WEB-INF/lib/jaxb-impl-2.1.12.osgi.jar or its parent.
[2/27/18 10:50:24:875 BRT] 00000023 com.ibm.ws.webcontainer.osgi.webapp.WebGroup                 I SRVE0169I: Loading Web Module: IBMJMXConnectorREST.
[2/27/18 10:50:24:882 BRT] 00000023 com.ibm.ws.webcontainer                                      I SRVE0250I: Web Module IBMJMXConnectorREST has been bound to default_host.
[2/27/18 10:50:24:891 BRT] 00000023 com.ibm.ws.http.internal.VirtualHostImpl                     A CWWKT0016I: Web application available (default_host): http://192.168.0.3:10080/IBMJMXConnectorREST/
[2/27/18 10:50:25:098 BRT] 00000014 m.ibm.ws.container.service.app.deploy.ManifestClassPathUtils W SRVE9967W: The manifest class path jaxb-api.jar can not be found in jar file wsjar:file:/Users/pimenta/Documents/workspace/WorklightServerConfig/servers/worklight/apps/worklight-management-ui.war!/WEB-INF/lib/jaxb-impl-2.1.12.osgi.jar or its parent.
[2/27/18 10:50:25:099 BRT] 00000014 m.ibm.ws.container.service.app.deploy.ManifestClassPathUtils W SRVE9967W: The manifest class path activation.jar can not be found in jar file wsjar:file:/Users/pimenta/Documents/workspace/WorklightServerConfig/servers/worklight/apps/worklight-management-ui.war!/WEB-INF/lib/jaxb-impl-2.1.12.osgi.jar or its parent.
[2/27/18 10:50:25:100 BRT] 00000014 m.ibm.ws.container.service.app.deploy.ManifestClassPathUtils W SRVE9967W: The manifest class path jsr173_1.0_api.jar can not be found in jar file wsjar:file:/Users/pimenta/Documents/workspace/WorklightServerConfig/servers/worklight/apps/worklight-management-ui.war!/WEB-INF/lib/jaxb-impl-2.1.12.osgi.jar or its parent.
[2/27/18 10:50:25:108 BRT] 00000014 m.ibm.ws.container.service.app.deploy.ManifestClassPathUtils W SRVE9967W: The manifest class path jaxb1-impl.jar can not be found in jar file wsjar:file:/Users/pimenta/Documents/workspace/WorklightServerConfig/servers/worklight/apps/worklight-management-ui.war!/WEB-INF/lib/jaxb-impl-2.1.12.osgi.jar or its parent.
[2/27/18 10:50:25:363 BRT] 00000023 com.ibm.ws.session.WASSessionCore                            I SESN8501I: The session manager did not find a persistent storage location; HttpSession objects will be stored in the local application server's memory.
[2/27/18 10:50:25:377 BRT] 00000023 com.ibm.ws.session.WASSessionCore                            I SESN0176I: A new session context will be created for application key default_host/IBMJMXConnectorREST
[2/27/18 10:50:25:420 BRT] 00000023 com.ibm.ws.util                                              I SESN0172I: The session manager is using the Java default SecureRandom implementation for session ID generation.
[2/27/18 10:50:26:703 BRT] 00000023 apache.wink.server.internal.application.ApplicationProcessor I The following JAX-RS application has been processed: com.ibm.ws.jaxrs.webcontainer.JAXRSDefaultApplicationSubclassProxy
[2/27/18 10:50:26:706 BRT] 00000023 org.apache.wink.server.internal.log.Resources                I The server has registered the JAX-RS resource class com.ibm.ws.jmx.connector.server.rest.resources.FileTransferRouterResource with @Path(/fileTransfer/router/{filePath}).
[2/27/18 10:50:26:706 BRT] 00000023 org.apache.wink.server.internal.log.Resources                I The server has registered the JAX-RS resource class com.ibm.ws.jmx.connector.server.rest.resources.AttributeResource with @Path(/mbeans/{objectName}/attributes).
[2/27/18 10:50:26:706 BRT] 00000023 org.apache.wink.server.internal.log.Resources                I The server has registered the JAX-RS resource class com.ibm.ws.jmx.connector.server.rest.resources.FileTransferResource with @Path(/fileTransfer/{filePath}).
[2/27/18 10:50:26:707 BRT] 00000023 org.apache.wink.server.internal.log.Resources                I The server has registered the JAX-RS resource class com.ibm.ws.jmx.connector.server.rest.resources.NotificationResource with @Path(/notifications).
[2/27/18 10:50:26:707 BRT] 00000023 org.apache.wink.server.internal.log.Resources                I The server has registered the JAX-RS resource class com.ibm.ws.jmx.connector.server.rest.resources.MBeanResource with @Path(/mbeans).
[2/27/18 10:50:26:707 BRT] 00000023 org.apache.wink.server.internal.log.Resources                I The server has registered the JAX-RS resource class com.ibm.ws.jmx.connector.server.rest.resources.MBeanRouterResource with @Path(/router).
[2/27/18 10:50:26:708 BRT] 00000023 org.apache.wink.server.internal.log.Resources                I The server has registered the JAX-RS resource class com.ibm.ws.jmx.connector.server.rest.resources.JMXResource with @Path().
[2/27/18 10:50:26:713 BRT] 00000023 org.apache.wink.server.internal.log.Providers                I The class com.ibm.ws.jmx.connector.server.rest.providers.JSONErrorOutputStreamProvider was registered as a JAX-RS MessageBodyWriter provider for com.ibm.ws.jmx.connector.server.rest.providers.JSONErrorOutputStream Java types and application/json media types.
[2/27/18 10:50:27:936 BRT] 00000023 com.ibm.ws.webcontainer.servlet                              I SRVE0242I: [com.ibm.ws.jmx.connector.server.rest] [/IBMJMXConnectorREST] [MBeanServerConnector]: Initialization successful.
[2/27/18 10:50:28:772 BRT] 00000014 com.ibm.ws.webcontainer.osgi.webapp.WebGroup                 I SRVE0169I: Loading Web Module: Worklight Console.
[2/27/18 10:50:28:772 BRT] 00000014 com.ibm.ws.webcontainer                                      I SRVE0250I: Web Module Worklight Console has been bound to default_host.
[2/27/18 10:50:28:773 BRT] 00000014 com.ibm.ws.http.internal.VirtualHostImpl                     A CWWKT0016I: Web application available (default_host): http://192.168.0.3:10080/worklightconsole/
[2/27/18 10:50:28:902 BRT] 00000014 com.ibm.ws.session.WASSessionCore                            I SESN0176I: A new session context will be created for application key default_host/worklightconsole
[2/27/18 10:50:28:902 BRT] 00000014 com.ibm.ws.util                                              I SESN0172I: The session manager is using the Java default SecureRandom implementation for session ID generation.
[2/27/18 10:50:29:132 BRT] 00000014 com.ibm.ws.webcontainer.servlet                              I SRVE0242I: [WorklightConsole] [/worklightconsole] [servicesServlet]: Initialization successful.
[2/27/18 10:50:29:168 BRT] 00000014 com.ibm.ws.app.manager.internal.statemachine.StartAction     A CWWKZ0001I: Application WorklightConsole started in 5.039 seconds.
[2/27/18 10:50:29:191 BRT] 00000014 com.ibm.ws.app.manager.internal.statemachine.StartAction     I CWWKZ0018I: Starting application _MobileBrowserSimulator.
[2/27/18 10:50:29:288 BRT] 00000014 com.ibm.ws.webcontainer.osgi.webapp.WebGroup                 I SRVE0169I: Loading Web Module: _MobileBrowserSimulator.
[2/27/18 10:50:29:288 BRT] 00000014 com.ibm.ws.webcontainer                                      I SRVE0250I: Web Module _MobileBrowserSimulator has been bound to default_host.
[2/27/18 10:50:29:292 BRT] 00000014 com.ibm.ws.http.internal.VirtualHostImpl                     A CWWKT0016I: Web application available (default_host): http://192.168.0.3:10080/_MobileBrowserSimulator/
[2/27/18 10:50:29:333 BRT] 00000014 com.ibm.ws.session.WASSessionCore                            I SESN0176I: A new session context will be created for application key default_host/_MobileBrowserSimulator
[2/27/18 10:50:29:333 BRT] 00000014 com.ibm.ws.util                                              I SESN0172I: The session manager is using the Java default SecureRandom implementation for session ID generation.
[2/27/18 10:50:29:342 BRT] 00000014 com.ibm.ws.app.manager.internal.statemachine.StartAction     A CWWKZ0001I: Application _MobileBrowserSimulator started in 0.151 seconds.
[2/27/18 10:50:29:410 BRT] 00000014 com.ibm.ws.app.manager.internal.statemachine.StartAction     I CWWKZ0018I: Starting application WorklightServices.
[2/27/18 10:50:34:577 BRT] 00000014 com.ibm.ws.webcontainer.osgi.webapp.WebGroup                 I SRVE0169I: Loading Web Module: Worklight Administration Services.
[2/27/18 10:50:34:577 BRT] 00000014 com.ibm.ws.webcontainer                                      I SRVE0250I: Web Module Worklight Administration Services has been bound to default_host.
[2/27/18 10:50:34:577 BRT] 00000014 com.ibm.ws.http.internal.VirtualHostImpl                     A CWWKT0016I: Web application available (default_host): http://192.168.0.3:10080/worklightadmin/
[2/27/18 10:50:34:706 BRT] 00000014 com.ibm.ws.injectionengine.AbstractInjectionEngine           W CWNEN0070W: The javax.ws.rs.MatrixParam annotation class will not be recognized because it was loaded from the null location rather than from a product class loader.
[2/27/18 10:50:34:708 BRT] 00000014 com.ibm.ws.injectionengine.AbstractInjectionEngine           W CWNEN0070W: The javax.ws.rs.core.Context annotation class will not be recognized because it was loaded from the null location rather than from a product class loader.
[2/27/18 10:50:34:709 BRT] 00000014 com.ibm.ws.injectionengine.AbstractInjectionEngine           W CWNEN0070W: The javax.ws.rs.PathParam annotation class will not be recognized because it was loaded from the null location rather than from a product class loader.
[2/27/18 10:50:34:712 BRT] 00000014 com.ibm.ws.injectionengine.AbstractInjectionEngine           W CWNEN0070W: The javax.ws.rs.CookieParam annotation class will not be recognized because it was loaded from the null location rather than from a product class loader.
[2/27/18 10:50:34:714 BRT] 00000014 com.ibm.ws.injectionengine.AbstractInjectionEngine           W CWNEN0070W: The javax.ws.rs.HeaderParam annotation class will not be recognized because it was loaded from the null location rather than from a product class loader.
[2/27/18 10:50:34:718 BRT] 00000014 com.ibm.ws.injectionengine.AbstractInjectionEngine           W CWNEN0070W: The javax.ws.rs.QueryParam annotation class will not be recognized because it was loaded from the null location rather than from a product class loader.
[2/27/18 10:50:34:841 BRT] 00000014 com.ibm.ws.session.WASSessionCore                            I SESN0176I: A new session context will be created for application key default_host/worklightadmin
[2/27/18 10:50:34:841 BRT] 00000014 com.ibm.ws.util                                              I SESN0172I: The session manager is using the Java default SecureRandom implementation for session ID generation.
[2/27/18 10:50:35:400 BRT] 00000014 com.ibm.ws.webcontainer.webapp                               I SRVE0292I: Servlet Message - [worklight-management-service]:.Initializing Spring root WebApplicationContext
[2/27/18 10:50:35:401 BRT] 00000014 org.springframework.web.context.ContextLoader                I Root WebApplicationContext: initialization started
[2/27/18 10:50:35:465 BRT] 00000014 springframework.web.context.support.XmlWebApplicationContext I Refreshing org.springframework.web.context.support.XmlWebApplicationContext@77c71683: display name [Root WebApplicationContext]; startup date [Tue Feb 27 10:50:35 BRT 2018]; root of context hierarchy
[2/27/18 10:50:35:542 BRT] 00000014 rg.springframework.beans.factory.xml.XmlBeanDefinitionReader I Loading XML bean definitions from ServletContext resource [/WEB-INF/spring-management-service.xml]
[2/27/18 10:50:35:627 BRT] 00000014 springframework.web.context.support.XmlWebApplicationContext I Bean factory for application context [org.springframework.web.context.support.XmlWebApplicationContext@77c71683]: org.springframework.beans.factory.support.DefaultListableBeanFactory@4dba5753
[2/27/18 10:50:35:673 BRT] 00000014 ngframework.beans.factory.support.DefaultListableBeanFactory I Pre-instantiating singletons in org.springframework.beans.factory.support.DefaultListableBeanFactory@4dba5753: defining beans [registrationServiceFactory]; root of factory hierarchy
[2/27/18 10:50:35:899 BRT] 00000014 com.ibm.worklight.dataaccess.datastore.DataStoreUtil         I getWorklightDataSourceProperties Read properties file. allProperties: {ibm.worklight.admin.db.jndi.name=java:comp/env/jdbc/WorklightAdminDS}
[2/27/18 10:50:35:913 BRT] 00000014 com.ibm.worklight.dataaccess.datastore.DataStoreUtil         I dereferenceProperties Handling propName=ibm.worklight.admin.db.jndi.name propValue=java:comp/env/jdbc/WorklightAdminDS
[2/27/18 10:50:35:913 BRT] 00000014 com.ibm.worklight.dataaccess.datastore.DataStoreUtil         I dereferenceProperties Handling propName=ibm.worklight.admin.db.openjpa.Log propValue=
[2/27/18 10:50:35:913 BRT] 00000014 com.ibm.worklight.dataaccess.datastore.DataStoreUtil         I dereferenceProperties Handling propName=ibm.worklight.admin.db.type propValue=
[2/27/18 10:50:36:186 BRT] 00000014 com.ibm.ws.recoverylog.spi.RecoveryDirectorImpl              I CWRLS0010I: Performing recovery processing for local WebSphere server (Cell\Node\Server).
[2/27/18 10:50:36:252 BRT] 00000014 com.ibm.ws.recoverylog.spi.RecoveryDirectorImpl              I CWRLS0012I: All persistent services have been directed to perform recovery processing for this WebSphere server (Cell\Node\Server).
[2/27/18 10:50:36:255 BRT] 0000002b com.ibm.tx.jta.impl.RecoveryManager                          I WTRN0135I: Transaction service recovering no transactions.
[2/27/18 10:50:39:094 BRT] 00000014 com.ibm.ws.rsadapter.spi.InternalGenericDataStoreHelper      I DSRA8203I: Database product name : Apache Derby
[2/27/18 10:50:39:094 BRT] 00000014 com.ibm.ws.rsadapter.spi.InternalGenericDataStoreHelper      I DSRA8204I: Database product version : 10.8.2.2 - (1181258)
[2/27/18 10:50:39:094 BRT] 00000014 com.ibm.ws.rsadapter.spi.InternalGenericDataStoreHelper      I DSRA8205I: JDBC driver name  : Apache Derby Embedded JDBC Driver
[2/27/18 10:50:39:095 BRT] 00000014 com.ibm.ws.rsadapter.spi.InternalGenericDataStoreHelper      I DSRA8206I: JDBC driver version  : 10.8.2.2 - (1181258)
[2/27/18 10:50:39:279 BRT] 00000014 com.ibm.worklight.dataaccess.datastore.DataStore             I constructor Creating EntityManagerFactory for persistence-unit=WorklightManagementPU-derby with properties: {openjpa.ConnectionFactory=com.ibm.ws.rsadapter.jdbc.WSJdbcDataSource@1986f43c, openjpa.jdbc.SynchronizeMappings=buildSchema(SchemaAction='add')}
[2/27/18 10:50:40:447 BRT] 00000014 com.worklight.common.util.jmx.LibertyJMXRegister             I FWLSE2008I: MBean registration succeeded for: com.worklight.common.server.jmx.api:type=WorklightAdmin,qualifier=worklightadmin
[2/27/18 10:50:40:456 BRT] 00000014 SystemErr                                                    R 87  WorklightManagementPU-derby  INFO   [Scheduled Executor-thread-1] openjpa.Runtime - Starting OpenJPA 1.2.2
[2/27/18 10:50:40:732 BRT] 00000014 SystemErr                                                    R 363  WorklightManagementPU-derby  INFO   [Scheduled Executor-thread-1] openjpa.jdbc.JDBC - Using dictionary class "org.apache.openjpa.jdbc.sql.DerbyDictionary" (Apache Derby 10.8.2.2 - (1181258) ,Apache Derby Embedded JDBC Driver 10.8.2.2 - (1181258)).
[2/27/18 10:50:42:579 BRT] 00000014 SystemErr                                                    R 2210  WorklightManagementPU-derby  INFO   [Scheduled Executor-thread-1] openjpa.Runtime - Though you are using optimistic transactions, OpenJPA is now beginning a datastore transaction because you have requested a lock on some data.
[2/27/18 10:50:42:666 BRT] 00000014 SystemErr                                                    R 2298  WorklightManagementPU-derby  INFO   [Scheduled Executor-thread-1] openjpa.Runtime - Though you are using optimistic transactions, OpenJPA is now beginning a datastore transaction because you have requested a lock on some data.
[2/27/18 10:50:42:673 BRT] 00000014 org.springframework.web.context.ContextLoader                I Root WebApplicationContext: initialization completed in 7272 ms
[2/27/18 10:50:42:674 BRT] 00000014 ht.admin.listeners.WorklightManagementServletContextListener I Worklight admin servlet context listener initialized
[2/27/18 10:50:42:680 BRT] 00000014 ht.admin.listeners.WorklightManagementServletContextListener I FWLSE3199I: ========= Worklight Admin Services version 6.2.0.01-20170920-0712 started.
[2/27/18 10:50:42:729 BRT] 00000014 org.apache.wink.server.internal.servlet.RestServlet          I The system is using the com.ibm.worklight.admin.services.ManagementServiceServlet JAX-RS application class that is named in the javax.ws.rs.Application init-param initialization parameter.
[2/27/18 10:50:42:848 BRT] 00000014 apache.wink.server.internal.application.ApplicationProcessor I The following JAX-RS application has been processed: com.ibm.worklight.admin.services.ManagementServiceServlet
[2/27/18 10:50:42:850 BRT] 00000014 org.apache.wink.server.internal.log.Resources                I The server has registered the JAX-RS resource class com.ibm.worklight.admin.services.ManagementService with @Path(/).
[2/27/18 10:50:42:852 BRT] 00000014 org.apache.wink.server.internal.log.Providers                I The class com.ibm.worklight.admin.util.ByteArrayWorkaroundProvider was registered as a JAX-RS MessageBodyReader provider for com.ibm.worklight.admin.util.ByteArrayWorkaround Java types and */* media types.
[2/27/18 10:50:42:853 BRT] 00000014 org.apache.wink.server.internal.log.Providers                I The class com.ibm.worklight.admin.util.ByteArrayWorkaroundProvider was registered as a JAX-RS MessageBodyWriter provider for com.ibm.worklight.admin.util.ByteArrayWorkaround Java types and */* media types.
[2/27/18 10:50:43:036 BRT] 00000014 com.ibm.ws.webcontainer.servlet                              I SRVE0242I: [WorklightServices] [/worklightadmin] [ManagementServlet]: Initialization successful.
[2/27/18 10:50:43:039 BRT] 00000014 com.ibm.ws.app.manager.internal.statemachine.StartAction     A CWWKZ0001I: Application WorklightServices started in 13.629 seconds.
[2/27/18 10:50:43:069 BRT] 00000014 com.ibm.ws.app.manager.internal.statemachine.StartAction     I CWWKZ0018I: Starting application _analytics.
[2/27/18 10:50:46:431 BRT] 00000014 com.ibm.ws.webcontainer.osgi.webapp.WebGroup                 I SRVE0169I: Loading Web Module: analytics.
[2/27/18 10:50:46:431 BRT] 00000014 com.ibm.ws.webcontainer                                      I SRVE0250I: Web Module analytics has been bound to default_host.
[2/27/18 10:50:46:431 BRT] 00000014 com.ibm.ws.http.internal.VirtualHostImpl                     A CWWKT0016I: Web application available (default_host): http://192.168.0.3:10080/_analytics/
[2/27/18 10:50:46:497 BRT] 00000014 com.ibm.ws.injectionengine.AbstractInjectionEngine           W CWNEN0070W: The javax.ws.rs.MatrixParam annotation class will not be recognized because it was loaded from the null location rather than from a product class loader.
[2/27/18 10:50:46:499 BRT] 00000014 com.ibm.ws.injectionengine.AbstractInjectionEngine           W CWNEN0070W: The javax.ws.rs.core.Context annotation class will not be recognized because it was loaded from the null location rather than from a product class loader.
[2/27/18 10:50:46:500 BRT] 00000014 com.ibm.ws.injectionengine.AbstractInjectionEngine           W CWNEN0070W: The javax.ws.rs.PathParam annotation class will not be recognized because it was loaded from the null location rather than from a product class loader.
[2/27/18 10:50:46:502 BRT] 00000014 com.ibm.ws.injectionengine.AbstractInjectionEngine           W CWNEN0070W: The javax.ws.rs.CookieParam annotation class will not be recognized because it was loaded from the null location rather than from a product class loader.
[2/27/18 10:50:46:503 BRT] 00000014 com.ibm.ws.injectionengine.AbstractInjectionEngine           W CWNEN0070W: The javax.ws.rs.HeaderParam annotation class will not be recognized because it was loaded from the null location rather than from a product class loader.
[2/27/18 10:50:46:504 BRT] 00000014 com.ibm.ws.injectionengine.AbstractInjectionEngine           W CWNEN0070W: The javax.ws.rs.QueryParam annotation class will not be recognized because it was loaded from the null location rather than from a product class loader.
[2/27/18 10:50:46:534 BRT] 00000014 com.ibm.ws.session.WASSessionCore                            I SESN0176I: A new session context will be created for application key default_host/_analytics
[2/27/18 10:50:46:535 BRT] 00000014 com.ibm.ws.util                                              I SESN0172I: The session manager is using the Java default SecureRandom implementation for session ID generation.
[2/27/18 10:50:46:970 BRT] 00000014 com.ibm.ws.app.manager.internal.statemachine.StartAction     A CWWKZ0001I: Application _analytics started in 3.901 seconds.
[2/27/18 10:50:46:979 BRT] 00000014 com.ibm.ws.app.manager.internal.statemachine.StartAction     I CWWKZ0018I: Starting application HelloWorld.
[2/27/18 10:50:47:018 BRT] 00000014 com.ibm.ws.webcontainer.osgi.webapp.WebGroup                 I SRVE0169I: Loading Web Module: Worklight.
[2/27/18 10:50:47:018 BRT] 00000014 com.ibm.ws.webcontainer                                      I SRVE0250I: Web Module Worklight has been bound to default_host.
[2/27/18 10:50:47:018 BRT] 00000014 com.ibm.ws.http.internal.VirtualHostImpl                     A CWWKT0016I: Web application available (default_host): http://192.168.0.3:10080/HelloWorld/
[2/27/18 10:50:47:028 BRT] 00000014 com.ibm.ws.session.WASSessionCore                            I SESN0176I: A new session context will be created for application key default_host/HelloWorld
[2/27/18 10:50:47:028 BRT] 00000014 com.ibm.ws.util                                              I SESN0172I: The session manager is using the Java default SecureRandom implementation for session ID generation.
[2/27/18 10:50:49:258 BRT] 00000014 com.worklight.server.bundle.api.WorklightConfiguration       I FWLSE4006I: Worklight Studio is running in 'development' mode. [project HelloWorld]
[2/27/18 10:50:49:272 BRT] 00000032 com.worklight.server.bundle.project.JeeProjectActivator      I FWLST0022I: Worklight project async start = true
[2/27/18 10:50:49:388 BRT] 00000014 apache.wink.server.internal.application.ApplicationProcessor I The following JAX-RS application has been processed: com.ibm.ws.jaxrs.webcontainer.JAXRSDefaultApplicationSubclassProxy
[2/27/18 10:50:49:389 BRT] 00000014 org.apache.wink.server.internal.log.Resources                I The server has registered the JAX-RS resource class com.worklight.oauth.TokenValidationEndpoint with @Path(/validation).
[2/27/18 10:50:49:389 BRT] 00000014 org.apache.wink.server.internal.log.Resources                I The server has registered the JAX-RS resource class com.worklight.oauth.TokenEndpoint with @Path(/token).
[2/27/18 10:50:49:389 BRT] 00000014 org.apache.wink.server.internal.log.Providers                I There are no custom JAX-RS providers defined in the application.
[2/27/18 10:50:49:479 BRT] 00000032 com.worklight.server.bundle.project.JeeProjectActivator      I FWLST0001I: Worklight home folder is /Users/pimenta/Documents/workspace/WorklightServerConfig/servers/worklight/workarea/org.eclipse.osgi/bundles/75/data/temp/default_node/SMF_WebContainer/HelloWorld/HelloWorld [project HelloWorld]
[2/27/18 10:50:49:511 BRT] 00000032 ingframework.context.support.FileSystemXmlApplicationContext I Refreshing org.springframework.context.support.FileSystemXmlApplicationContext@4339b7cd: display name [org.springframework.context.support.FileSystemXmlApplicationContext@4339b7cd]; startup date [Tue Feb 27 10:50:49 BRT 2018]; root of context hierarchy
[2/27/18 10:50:49:644 BRT] 00000014 com.ibm.ws.webcontainer.servlet                              I SRVE0242I: [HelloWorld] [/HelloWorld] [AuthorizationServer]: Initialization successful.
[2/27/18 10:50:49:669 BRT] 00000014 com.ibm.ws.app.manager.internal.statemachine.StartAction     A CWWKZ0001I: Application HelloWorld started in 2.689 seconds.
[2/27/18 10:50:49:712 BRT] 00000018 com.ibm.ws.kernel.feature.internal.FeatureManager            I CWWKF0008I: Feature update completed in 32.032 seconds.
[2/27/18 10:50:49:713 BRT] 00000018 com.ibm.ws.kernel.feature.internal.FeatureManager            A CWWKF0011I: The server worklight is ready to run a smarter planet.
[2/27/18 10:50:49:874 BRT] 00000032 rg.springframework.beans.factory.xml.XmlBeanDefinitionReader I Loading XML bean definitions from URL [wsjar:file:/Users/pimenta/Documents/workspace/WorklightServerConfig/shared/resources/worklight-jee-library-6.2.0.jar!/conf/spring-server-core.xml]
[2/27/18 10:50:49:936 BRT] 00000032 rg.springframework.beans.factory.xml.XmlBeanDefinitionReader I Loading XML bean definitions from URL [wsjar:file:/Users/pimenta/Documents/workspace/WorklightServerConfig/shared/resources/worklight-jee-library-6.2.0.jar!/conf/core.xml]
[2/27/18 10:50:49:970 BRT] 00000032 rg.springframework.beans.factory.xml.XmlBeanDefinitionReader I Loading XML bean definitions from URL [wsjar:file:/Users/pimenta/Documents/workspace/WorklightServerConfig/shared/resources/worklight-jee-library-6.2.0.jar!/conf/integration.xml]
[2/27/18 10:50:49:983 BRT] 00000032 rg.springframework.beans.factory.xml.XmlBeanDefinitionReader I Loading XML bean definitions from URL [wsjar:file:/Users/pimenta/Documents/workspace/WorklightServerConfig/shared/resources/worklight-jee-library-6.2.0.jar!/conf/gadgets.xml]
[2/27/18 10:50:49:998 BRT] 00000032 rg.springframework.beans.factory.xml.XmlBeanDefinitionReader I Loading XML bean definitions from URL [wsjar:file:/Users/pimenta/Documents/workspace/WorklightServerConfig/shared/resources/worklight-jee-library-6.2.0.jar!/conf/pushworks.xml]
[2/27/18 10:50:50:032 BRT] 00000032 ngframework.beans.factory.support.DefaultListableBeanFactory I Overriding bean definition for bean 'gadgetCustomizedResourcesRoot': replacing [Generic bean: class [com.worklight.core.util.WorkingDirectory]; scope=singleton; abstract=false; lazyInit=false; autowireMode=0; dependencyCheck=0; autowireCandidate=true; primary=false; factoryBeanName=null; factoryMethodName=null; initMethodName=null; destroyMethodName=null; defined in URL [wsjar:file:/Users/pimenta/Documents/workspace/WorklightServerConfig/shared/resources/worklight-jee-library-6.2.0.jar!/conf/gadgets.xml]] with [Generic bean: class [com.worklight.core.util.WorkingDirectory]; scope=singleton; abstract=false; lazyInit=false; autowireMode=0; dependencyCheck=0; autowireCandidate=true; primary=false; factoryBeanName=null; factoryMethodName=null; initMethodName=null; destroyMethodName=null; defined in URL [wsjar:file:/Users/pimenta/Documents/workspace/WorklightServerConfig/shared/resources/worklight-jee-library-6.2.0.jar!/conf/spring-server-core.xml]]
[2/27/18 10:50:50:034 BRT] 00000032 ngframework.beans.factory.support.DefaultListableBeanFactory I Overriding bean definition for bean 'gadgetResourcesRoot': replacing [Generic bean: class [com.worklight.core.util.WorkingDirectory]; scope=singleton; abstract=false; lazyInit=false; autowireMode=0; dependencyCheck=0; autowireCandidate=true; primary=false; factoryBeanName=null; factoryMethodName=null; initMethodName=null; destroyMethodName=null; defined in URL [wsjar:file:/Users/pimenta/Documents/workspace/WorklightServerConfig/shared/resources/worklight-jee-library-6.2.0.jar!/conf/gadgets.xml]] with [Generic bean: class [com.worklight.core.util.WorkingDirectory]; scope=singleton; abstract=false; lazyInit=false; autowireMode=0; dependencyCheck=0; autowireCandidate=true; primary=false; factoryBeanName=null; factoryMethodName=null; initMethodName=null; destroyMethodName=null; defined in URL [wsjar:file:/Users/pimenta/Documents/workspace/WorklightServerConfig/shared/resources/worklight-jee-library-6.2.0.jar!/conf/spring-server-core.xml]]
[2/27/18 10:50:50:045 BRT] 00000032 ingframework.context.support.FileSystemXmlApplicationContext I Bean factory for application context [org.springframework.context.support.FileSystemXmlApplicationContext@4339b7cd]: org.springframework.beans.factory.support.DefaultListableBeanFactory@51a9cf48
[2/27/18 10:50:50:293 BRT] 00000032 ngframework.beans.factory.support.DefaultListableBeanFactory I Pre-instantiating singletons in org.springframework.beans.factory.support.DefaultListableBeanFactory@51a9cf48: defining beans [txManager,mailingService,WorkLightNotice,rssBrokerUtils,audit,GenericDAO,clusterSynchronizationDAO,taskCoordinator,taskManager,worklightAuthenticationService,authenticationDAO,ssoDAO,ssoExpiredLoginContextsCleanupTask,keyStoreManager,analyticsHttpService,invocationContextManager,dataAccessService,shellResourcesService,analyticsService,coreServiceManager,adapterManager,nodeProcessManager,adapterManagementService,factProcessingTask,PlatformUsageProcessingTask,notificationCleanupTask,WSSecurityService,gadgetDAO,deviceDAO,licenseTermsDAO,platformUsageService,configProfileService,gfwProps,gadgetEnvironmentManager,gadgetResourcesRoot,gadgetCustomizedResourcesRoot,applicationMetadataService,applicationManagementService,notificationsSimulationManager,pushServiceListener,PushService,worklight-direct,rssBrokerDS,brokerSessionFactory,reportService,reportsDS,reportsBrokerDS,reportsSessionFactory,gadgetReportsDAO,notificationReportsDao,gadgetReportsService,analyticsFactService,nodeInfo,registrationService,runtimeTransactionHandler,projectSyncService]; root of factory hierarchy
[2/27/18 10:50:51:555 BRT] 00000032 ringframework.orm.jpa.LocalContainerEntityManagerFactoryBean I Building JPA container EntityManagerFactory for persistence unit 'WorklightPU'
[2/27/18 10:50:51:926 BRT] 00000032 SystemErr                                                    R 36  WorklightPU  WARN   [Thread-20] openjpa.Runtime - An error occurred while registering a ClassTransformer with PersistenceUnitInfo: name 'WorklightPU', root URL [file:/Users/pimenta/Documents/workspace/WorklightServerConfig/shared/resources/worklight-jee-library-6.2.0.jar]. The error has been consumed. To see it, set your openjpa.Runtime log level to TRACE. Load-time class transformation will not be available.
[2/27/18 10:50:53:372 BRT] 00000032 SystemErr                                                    R 1482  WorklightPU  INFO   [Thread-20] openjpa.Runtime - Starting OpenJPA 1.2.2
[2/27/18 10:50:53:470 BRT] 00000032 SystemErr                                                    R 1580  WorklightPU  INFO   [Thread-20] openjpa.jdbc.JDBC - Using dictionary class "org.apache.openjpa.jdbc.sql.HSQLDictionary".
[2/27/18 10:50:56:618 BRT] 00000032 com.worklight.server.database.api.WorklightDataSource        I FWLSE0187I: jdbc/WorklightReportsDS data source is disabled. No connection opened.  [project HelloWorld]
[2/27/18 10:50:56:638 BRT] 00000032 ringframework.orm.jpa.LocalContainerEntityManagerFactoryBean I Building JPA container EntityManagerFactory for persistence unit 'WorklightReportsPU'
[2/27/18 10:50:56:649 BRT] 00000032 SystemErr                                                    R 1  WorklightReportsPU  WARN   [Thread-20] openjpa.Runtime - An error occurred while registering a ClassTransformer with PersistenceUnitInfo: name 'WorklightReportsPU', root URL [file:/Users/pimenta/Documents/workspace/WorklightServerConfig/shared/resources/worklight-jee-library-6.2.0.jar]. The error has been consumed. To see it, set your openjpa.Runtime log level to TRACE. Load-time class transformation will not be available.
[2/27/18 10:50:56:724 BRT] 00000032 com.worklight.report.impl.GadgetReportsServiceImpl           I FWLSE0186I: Application raw reports are disabled. [project HelloWorld]
[2/27/18 10:50:57:060 BRT] 00000045 org.apache.wink.server.internal.servlet.RestServlet          I The system is using the com.ibm.elasticsearch.servlet.ElasticApplication JAX-RS application class that is named in the javax.ws.rs.Application init-param initialization parameter.
[2/27/18 10:50:57:726 BRT] 00000032 com.worklight.common.util.jmx.LibertyJMXRegister             I FWLSE2008I: MBean registration succeeded for: com.worklight.common.server.jmx.api:type=ProjectManagement,qualifier=HelloWorld [project HelloWorld]
[2/27/18 10:50:57:747 BRT] 00000032 SystemOut                                                    O Cleanup dir is /Users/pimenta/Documents/workspace/WorklightServerConfig/servers/worklight/workarea/org.eclipse.osgi/bundles/75/data/temp/default_node/SMF_WebContainer/HelloWorld/HelloWorld/widget-resources
[2/27/18 10:50:57:768 BRT] 00000045 apache.wink.server.internal.application.ApplicationProcessor I The following JAX-RS application has been processed: com.ibm.elasticsearch.servlet.ElasticApplication
[2/27/18 10:50:57:771 BRT] 00000045 org.apache.wink.server.internal.log.Resources                I The server has registered the JAX-RS resource class com.ibm.elasticsearch.rest.Activities with @Path(/activities/{tenant}).
[2/27/18 10:50:57:772 BRT] 00000045 org.apache.wink.server.internal.log.Resources                I The server has registered the JAX-RS resource class com.ibm.elasticsearch.rest.Dashboard with @Path(/dashboard/{tenant}).
[2/27/18 10:50:57:772 BRT] 00000045 org.apache.wink.server.internal.log.Resources                I The server has registered the JAX-RS resource class com.ibm.elasticsearch.rest.Adapters with @Path(/adapters/{tenant}).
[2/27/18 10:50:57:772 BRT] 00000045 org.apache.wink.server.internal.log.Resources                I The server has registered the JAX-RS resource class com.ibm.elasticsearch.rest.Devices with @Path(/devices/{tenant}).
[2/27/18 10:50:57:772 BRT] 00000045 org.apache.wink.server.internal.log.Resources                I The server has registered the JAX-RS resource class com.ibm.elasticsearch.rest.Servers with @Path(/servers/{tenant}).
[2/27/18 10:50:57:773 BRT] 00000045 org.apache.wink.server.internal.log.Resources                I The server has registered the JAX-RS resource class com.ibm.elasticsearch.rest.Common with @Path(/common/{tenant}).
[2/27/18 10:50:57:773 BRT] 00000045 org.apache.wink.server.internal.log.Resources                I The server has registered the JAX-RS resource class com.ibm.elasticsearch.util.Export with @Path(/export/{tenant}).
[2/27/18 10:50:57:773 BRT] 00000045 org.apache.wink.server.internal.log.Resources                I The server has registered the JAX-RS resource class com.ibm.elasticsearch.rest.Search with @Path(/search/{tenant}).
[2/27/18 10:50:57:773 BRT] 00000045 org.apache.wink.server.internal.log.Resources                I The server has registered the JAX-RS resource class com.ibm.elasticsearch.config.MigrateData with @Path(/migrate).
[2/27/18 10:50:57:774 BRT] 00000045 org.apache.wink.server.internal.log.Resources                I The server has registered the JAX-RS resource class com.ibm.elasticsearch.config.Config with @Path(/config).
[2/27/18 10:50:57:774 BRT] 00000045 org.apache.wink.server.internal.log.Resources                I The server has registered the JAX-RS resource class com.ibm.elasticsearch.config.DeleteData with @Path(/delete).
[2/27/18 10:50:57:774 BRT] 00000045 org.apache.wink.server.internal.log.Resources                I The server has registered the JAX-RS resource class com.ibm.elasticsearch.config.LoadTesting with @Path(/load).
[2/27/18 10:50:57:774 BRT] 00000045 org.apache.wink.server.internal.log.Resources                I The server has registered the JAX-RS resource class com.ibm.elasticsearch.servlet.DataReceiver with @Path(/).
[2/27/18 10:50:57:778 BRT] 00000045 org.apache.wink.server.internal.log.Providers                I The class org.codehaus.jackson.jaxrs.JacksonJaxbJsonProvider was registered as a JAX-RS MessageBodyReader provider for all Java types and application/json media types.
[2/27/18 10:50:57:779 BRT] 00000045 org.apache.wink.server.internal.log.Providers                I The class org.codehaus.jackson.jaxrs.JacksonJaxbJsonProvider was registered as a JAX-RS MessageBodyReader provider for all Java types and text/json media types.
[2/27/18 10:50:57:779 BRT] 00000045 org.apache.wink.server.internal.log.Providers                I The class org.codehaus.jackson.jaxrs.JacksonJaxbJsonProvider was registered as a JAX-RS MessageBodyWriter provider for all Java types and application/json media types.
[2/27/18 10:50:57:779 BRT] 00000045 org.apache.wink.server.internal.log.Providers                I The class org.codehaus.jackson.jaxrs.JacksonJaxbJsonProvider was registered as a JAX-RS MessageBodyWriter provider for all Java types and text/json media types.
[2/27/18 10:50:57:989 BRT] 00000045 com.ibm.ws.webcontainer.servlet                              I SRVE0242I: [_analytics] [/_analytics] [data]: Initialization successful.
[2/27/18 10:50:58:099 BRT] 00000032 com.worklight.common.util.jmx.LibertyRuntimeMBeanHandler     I Establishing REST connection to service:jmx:rest://localhost:10443/IBMJMXConnectorREST
[2/27/18 10:50:59:334 BRT] 00000069 com.ibm.worklight.admin.services.ManagementService           I ping service invoked to check if the HTTP(s) port is available
[2/27/18 10:50:59:417 BRT] 0000006b SystemErr                                                    R 19167  WorklightManagementPU-derby  INFO   [LargeThreadPool-thread-49] openjpa.Runtime - Starting OpenJPA 1.2.2
[2/27/18 10:50:59:419 BRT] 0000006b SystemErr                                                    R 19170  WorklightManagementPU-derby  INFO   [LargeThreadPool-thread-49] openjpa.jdbc.JDBC - Using dictionary class "org.apache.openjpa.jdbc.sql.DerbyDictionary" (Apache Derby 10.8.2.2 - (1181258) ,Apache Derby Embedded JDBC Driver 10.8.2.2 - (1181258)).
[2/27/18 10:50:59:988 BRT] 0000006b SystemErr                                                    R 19619  WorklightManagementPU-derby  INFO   [LargeThreadPool-thread-49] openjpa.Runtime - Though you are using optimistic transactions, OpenJPA is now beginning a datastore transaction because you have requested a lock on some data.
[2/27/18 10:50:59:992 BRT] 0000006b SystemErr                                                    R 19624  WorklightManagementPU-derby  INFO   [LargeThreadPool-thread-49] openjpa.Runtime - Though you are using optimistic transactions, OpenJPA is now beginning a datastore transaction because you have requested a lock on some data.
[2/27/18 10:51:01:490 BRT] 00000032 com.worklight.common.util.HttpUtil                           I FWLSE2014I: Downloading a worklight artifact from http://localhost:10080/worklightadmin/otu/1.0/234579ffffffaf07ffffffe10afffffff214166fffffffae416cfffffffbffffff88/runtimes/HelloWorld/downloads/applications/Hello/android/1.0 [project HelloWorld]
[2/27/18 10:51:01:622 BRT] 00000032 com.worklight.common.util.HttpUtil                           I FWLSE2014I: Downloading a worklight artifact from http://localhost:10080/worklightadmin/otu/1.0/234579ffffffaf07ffffffe10afffffff214166fffffffae416cfffffffbffffff88/runtimes/HelloWorld/downloads/applications/Hello/common/1.0 [project HelloWorld]
[2/27/18 10:51:01:698 BRT] 00000032 com.worklight.common.util.HttpUtil                           I FWLSE2014I: Downloading a worklight artifact from http://localhost:10080/worklightadmin/otu/1.0/234579ffffffaf07ffffffe10afffffff214166fffffffae416cfffffffbffffff88/runtimes/HelloWorld/downloads/applications/Hello/iphone/1.0 [project HelloWorld]
[2/27/18 10:51:01:819 BRT] 00000032 om.worklight.applications.deployers.base.EnvironmentDeployer I FWLSE0274I: Environment iphone deployed to directory '/Users/pimenta/Documents/workspace/WorklightServerConfig/servers/worklight/workarea/org.eclipse.osgi/bundles/75/data/temp/default_node/SMF_WebContainer/HelloWorld/HelloWorld/widget-resources/Hello-iphone-1.0-441aa9350d03577299f7dd3e014a6e7d43d2b4f4' . [project HelloWorld]
[2/27/18 10:51:02:271 BRT] 00000032 om.worklight.applications.deployers.base.EnvironmentDeployer I FWLSE0274I: Environment android deployed to directory '/Users/pimenta/Documents/workspace/WorklightServerConfig/servers/worklight/workarea/org.eclipse.osgi/bundles/75/data/temp/default_node/SMF_WebContainer/HelloWorld/HelloWorld/widget-resources/Hello-android-1.0-025f4a74444fd580051c5c0bcba3b41e7ec4045d' . [project HelloWorld]
[2/27/18 10:51:02:813 BRT] 00000032 om.worklight.applications.deployers.base.EnvironmentDeployer I FWLSE0274I: Environment common deployed to directory '/Users/pimenta/Documents/workspace/WorklightServerConfig/servers/worklight/workarea/org.eclipse.osgi/bundles/75/data/temp/default_node/SMF_WebContainer/HelloWorld/HelloWorld/widget-resources/Hello-common-a093e97a34bc14572f0235a376e4ebaf82ade456' . [project HelloWorld]
[2/27/18 10:51:02:927 BRT] 0000008a SystemErr                                                    R 22558  WorklightManagementPU-derby  INFO   [LargeThreadPool-thread-77] openjpa.Runtime - Though you are using optimistic transactions, OpenJPA is now beginning a datastore transaction because you have requested a lock on some data.
[2/27/18 10:51:02:949 BRT] 0000008a com.ibm.worklight.admin.jmx.ManagementMXBeanImpl             I Result: HelloWorld: worklight///192.168.0.3: Runtime was synchronized successfully
[2/27/18 10:51:02:950 BRT] 0000008a com.ibm.worklight.admin.jmx.ManagementMXBeanImpl             I HelloWorld: worklight///192.168.0.3: 2018-02-27T13:51:02.892Z: Preparation to deploy 'Hello' finished
[2/27/18 10:51:02:950 BRT] 0000008a com.ibm.worklight.admin.jmx.ManagementMXBeanImpl             I HelloWorld: worklight///192.168.0.3: 2018-02-27T13:51:02.895Z: Transaction handler reset
[2/27/18 10:51:02:956 BRT] 00000032 com.worklight.core.init.WorklightServletInitializer          I FWLSE0247I: The HelloWorld project initialization times were: start-firstReadyCheck=350, firstReadyCheck=1,282, ready for sync=0, sync=3,576 [project HelloWorld]
[2/27/18 10:51:02:961 BRT] 00000032 com.worklight.server.bundle.project.JeeProjectActivator      I FWLST0002I: ========= Project /HelloWorld started. The project WAR file version is 6.2.0.01.20170920-0712,running on server version 6.2.0.01.20170920-0712. [project HelloWorld]
[2/27/18 10:51:02:961 BRT] 00000032 SystemOut                                                    O ================ End init of HelloWorld  13700
[2/27/18 10:51:03:583 BRT] 00000090 com.ibm.ws.webcontainer.servlet                              I SRVE0242I: [HelloWorld] [/HelloWorld] [PreviewServlet]: Initialization successful.
[2/27/18 12:35:23:451 BRT] 000001a7 com.ibm.ws.http.internal.VirtualHostImpl                     A CWWKT0017I: Web application removed (default_host): http://192.168.0.3:10080/HelloWorld/
[2/27/18 12:35:23:454 BRT] 000001a7 com.ibm.ws.webcontainer.servlet                              I SRVE0253I: [HelloWorld] [/HelloWorld] [AuthorizationServer]: Destroy successful.
[2/27/18 12:35:23:455 BRT] 000001a7 com.ibm.ws.webcontainer.servlet                              I SRVE0253I: [HelloWorld] [/HelloWorld] [PreviewServlet]: Destroy successful.
[2/27/18 12:35:23:459 BRT] 000001a7 ingframework.context.support.FileSystemXmlApplicationContext I Closing org.springframework.context.support.FileSystemXmlApplicationContext@4339b7cd: display name [org.springframework.context.support.FileSystemXmlApplicationContext@4339b7cd]; startup date [Tue Feb 27 10:50:49 BRT 2018]; root of context hierarchy
[2/27/18 12:35:23:460 BRT] 000001a7 ngframework.beans.factory.support.DefaultListableBeanFactory I Destroying singletons in org.springframework.beans.factory.support.DefaultListableBeanFactory@51a9cf48: defining beans [txManager,mailingService,WorkLightNotice,rssBrokerUtils,audit,GenericDAO,clusterSynchronizationDAO,taskCoordinator,taskManager,worklightAuthenticationService,authenticationDAO,ssoDAO,ssoExpiredLoginContextsCleanupTask,keyStoreManager,analyticsHttpService,invocationContextManager,dataAccessService,shellResourcesService,analyticsService,coreServiceManager,adapterManager,nodeProcessManager,adapterManagementService,factProcessingTask,PlatformUsageProcessingTask,notificationCleanupTask,WSSecurityService,gadgetDAO,deviceDAO,licenseTermsDAO,platformUsageService,configProfileService,gfwProps,gadgetEnvironmentManager,gadgetResourcesRoot,gadgetCustomizedResourcesRoot,applicationMetadataService,applicationManagementService,notificationsSimulationManager,pushServiceListener,PushService,worklight-direct,rssBrokerDS,brokerSessionFactory,reportService,reportsDS,reportsBrokerDS,reportsSessionFactory,gadgetReportsDAO,notificationReportsDao,gadgetReportsService,analyticsFactService,nodeInfo,registrationService,runtimeTransactionHandler,projectSyncService]; root of factory hierarchy
[2/27/18 12:35:23:463 BRT] 000001a7 ringframework.orm.jpa.LocalContainerEntityManagerFactoryBean I Closing JPA EntityManagerFactory for persistence unit 'WorklightReportsPU'
[2/27/18 12:35:23:470 BRT] 000001a7 ringframework.orm.jpa.LocalContainerEntityManagerFactoryBean I Closing JPA EntityManagerFactory for persistence unit 'WorklightPU'
[2/27/18 12:35:23:492 BRT] 000001a7 hsqldb.db.HSQLDB61D401B623.ENGINE                            I Database closed
[2/27/18 12:35:23:599 BRT] 000001a7 com.worklight.server.bundle.project.JeeProjectActivator      I FWLST0004I: ========= Project /HelloWorld stopped
[2/27/18 12:35:23:609 BRT] 000001a7 com.ibm.ws.app.manager.internal.statemachine.StopAction      A CWWKZ0009I: The application HelloWorld has stopped successfully.
[2/27/18 12:35:23:617 BRT] 000001a7 com.ibm.ws.http.internal.VirtualHostImpl                     A CWWKT0017I: Web application removed (default_host): http://192.168.0.3:10080/_analytics/
[2/27/18 12:35:23:620 BRT] 000001a7 com.ibm.ws.webcontainer.servlet                              I SRVE0253I: [_analytics] [/_analytics] [data]: Destroy successful.
[2/27/18 12:35:23:721 BRT] 000001a7 com.ibm.ws.app.manager.internal.statemachine.StopAction      A CWWKZ0009I: The application _analytics has stopped successfully.
[2/27/18 12:35:23:728 BRT] 000001a7 com.ibm.ws.http.internal.VirtualHostImpl                     A CWWKT0017I: Web application removed (default_host): http://192.168.0.3:10080/_MobileBrowserSimulator/
[2/27/18 12:35:23:731 BRT] 000001a7 com.ibm.ws.app.manager.internal.statemachine.StopAction      A CWWKZ0009I: The application _MobileBrowserSimulator has stopped successfully.
[2/27/18 12:35:23:738 BRT] 000001a7 com.ibm.ws.http.internal.VirtualHostImpl                     A CWWKT0017I: Web application removed (default_host): http://192.168.0.3:10080/worklightconsole/
[2/27/18 12:35:23:741 BRT] 000001a7 com.ibm.ws.webcontainer.servlet                              I SRVE0253I: [WorklightConsole] [/worklightconsole] [servicesServlet]: Destroy successful.
[2/27/18 12:35:23:744 BRT] 000001a7 com.ibm.ws.app.manager.internal.statemachine.StopAction      A CWWKZ0009I: The application WorklightConsole has stopped successfully.
[2/27/18 12:35:23:749 BRT] 000001a7 com.ibm.ws.http.internal.VirtualHostImpl                     A CWWKT0017I: Web application removed (default_host): http://192.168.0.3:10080/worklightadmin/
[2/27/18 12:35:23:750 BRT] 000001a7 com.ibm.ws.webcontainer.servlet                              I SRVE0253I: [WorklightServices] [/worklightadmin] [ManagementServlet]: Destroy successful.
[2/27/18 12:35:23:751 BRT] 000001a7 ht.admin.listeners.WorklightManagementServletContextListener I Worklight admin servlet context listener destroyed
[2/27/18 12:35:23:752 BRT] 000001a7 com.ibm.ws.webcontainer.webapp                               I SRVE0292I: Servlet Message - [worklight-management-service]:.Closing Spring root WebApplicationContext
[2/27/18 12:35:23:752 BRT] 000001a7 springframework.web.context.support.XmlWebApplicationContext I Closing org.springframework.web.context.support.XmlWebApplicationContext@77c71683: display name [Root WebApplicationContext]; startup date [Tue Feb 27 10:50:35 BRT 2018]; root of context hierarchy
[2/27/18 12:35:23:753 BRT] 000001a7 ngframework.beans.factory.support.DefaultListableBeanFactory I Destroying singletons in org.springframework.beans.factory.support.DefaultListableBeanFactory@4dba5753: defining beans [registrationServiceFactory]; root of factory hierarchy
[2/27/18 12:35:23:756 BRT] 000001a7 com.ibm.ws.app.manager.internal.statemachine.StopAction      A CWWKZ0009I: The application WorklightServices has stopped successfully.
[2/27/18 12:35:23:792 BRT] 00000149 com.ibm.ws.http.internal.VirtualHostImpl                     A CWWKT0017I: Web application removed (default_host): http://192.168.0.3:10080/IBMJMXConnectorREST/
[2/27/18 12:35:23:794 BRT] 00000149 com.ibm.ws.webcontainer.servlet                              I SRVE0253I: [com.ibm.ws.jmx.connector.server.rest] [/IBMJMXConnectorREST] [MBeanServerConnector]: Destroy successful.
[2/27/18 12:35:23:875 BRT] 000001a7 com.ibm.tx.jta.impl.FailureScopeController                   A WTRN0105I: The transaction service has shutdown successfully with no transactions requiring recovery.
[2/27/18 12:35:23:926 BRT] 000001a7 com.ibm.ws.security.internal.SecurityReadyServiceImpl        I CWWKS0009I: The security service has stopped.
[2/27/18 12:35:23:973 BRT] 000001a7 com.ibm.ws.tcpchannel.internal.TCPChannel                    I CWWKO0220I: TCP Channel defaultHttpEndpoint-ssl has stopped listening for requests on host *  (IPv6) port 10443.
[2/27/18 12:35:23:998 BRT] 00000149 com.ibm.ws.tcpchannel.internal.TCPChannel                    I CWWKO0220I: TCP Channel defaultHttpEndpoint has stopped listening for requests on host *  (IPv6) port 10080.
[2/27/18 12:35:24:313 BRT] 00000001 com.ibm.ws.kernel.launch.internal.FrameworkManager           A CWWKE0036I: The server worklight stopped after 1 hours, 45 minutes, 10.748 seconds.
